Log file open, 01/29/18 01:11:21
LogWindows: Failed to load 'aqProf.dll' (GetLastError=126)
LogWindows: File 'aqProf.dll' does not exist
LogWindows: Failed to load 'VtuneApi.dll' (GetLastError=126)
LogWindows: File 'VtuneApi.dll' does not exist
LogWindows: Failed to load 'VtuneApi32e.dll' (GetLastError=126)
LogWindows: File 'VtuneApi32e.dll' does not exist
LogInit: Display: Running engine for game: ProjectArachne
LogPlatformFile: Not using cached read wrapper
LogInit: Display: RandInit(-2136729460) SRandInit(-2136729460).
LogInit: Read version file with build ID '3709383'
LogInit: Overriding engine version to CL 3832480, compatible CL 3709383
LogInit: Registered custom module enumerator with build ID '3709383'
LogTaskGraph: Started task graph with 5 named threads and 14 total threads with 3 sets of task threads.
LogStats: Stats thread started at 0.161917
LogD3D11RHI: Aftermath initialized
LogPluginManager: Mounting plugin Paper2D
LogPluginManager: Mounting plugin LightPropagationVolume
LogPluginManager: Mounting plugin CodeLiteSourceCodeAccess
LogPluginManager: Mounting plugin GitSourceControl
LogPluginManager: Mounting plugin KDevelopSourceCodeAccess
LogPluginManager: Mounting plugin NullSourceCodeAccess
LogPluginManager: Mounting plugin PerforceSourceControl
LogPluginManager: Mounting plugin SubversionSourceControl
LogPluginManager: Mounting plugin UObjectPlugin
LogPluginManager: Mounting plugin VisualStudioCodeSourceCodeAccess
LogPluginManager: Mounting plugin VisualStudioSourceCodeAccess
LogPluginManager: Mounting plugin XCodeSourceCodeAccess
LogPluginManager: Mounting plugin AssetManagerEditor
LogPluginManager: Mounting plugin AudioCapture
LogPluginManager: Mounting plugin FacialAnimation
LogPluginManager: Mounting plugin GameplayTagsEditor
LogPluginManager: Mounting plugin MobileLauncherProfileWizard
LogPluginManager: Mounting plugin PluginBrowser
LogPluginManager: Mounting plugin SpeedTreeImporter
LogPluginManager: Mounting plugin AlembicImporter
LogPluginManager: Mounting plugin CharacterAI
LogPluginManager: Mounting plugin HTML5Networking
LogPluginManager: Mounting plugin AndroidMedia
LogPluginManager: Mounting plugin AvfMedia
LogPluginManager: Mounting plugin ImgMedia
LogPluginManager: Mounting plugin MediaCompositing
LogPluginManager: Mounting plugin MediaPlayerEditor
LogPluginManager: Mounting plugin WmfMedia
LogPluginManager: Mounting plugin TcpMessaging
LogPluginManager: Mounting plugin UdpMessaging
LogPluginManager: Mounting plugin ActorSequence
LogPluginManager: Mounting plugin LevelSequenceEditor
LogPluginManager: Mounting plugin MatineeToLevelSequence
LogPluginManager: Mounting plugin OnlineSubsystemGooglePlay
LogPluginManager: Mounting plugin OnlineSubsystemIOS
LogPluginManager: Mounting plugin OnlineSubsystem
LogPluginManager: Mounting plugin OnlineSubsystemNull
LogPluginManager: Mounting plugin OnlineSubsystemUtils
LogPluginManager: Mounting plugin AndroidDeviceProfileSelector
LogPluginManager: Mounting plugin AndroidMoviePlayer
LogPluginManager: Mounting plugin AndroidPermission
LogPluginManager: Mounting plugin AppleARKit
LogPluginManager: Mounting plugin AppleMoviePlayer
LogPluginManager: Mounting plugin ArchVisCharacter
LogPluginManager: Mounting plugin CableComponent
LogPluginManager: Mounting plugin CustomMeshComponent
LogPluginManager: Mounting plugin ExampleDeviceProfileSelector
LogPluginManager: Mounting plugin GoogleCloudMessaging
LogPluginManager: Mounting plugin ImmediatePhysics
LogPluginManager: Mounting plugin IOSDeviceProfileSelector
LogPluginManager: Mounting plugin LinuxDeviceProfileSelector
LogPluginManager: Mounting plugin LocationServicesBPLibrary
LogPluginManager: Mounting plugin MobilePatchingUtils
LogPluginManager: Mounting plugin OculusVR
LogPluginManager: Plugin shader directory ../../../Engine/Plugins/Runtime/Oculus/OculusVR/Shaders found
LogPluginManager: Mapping shader source directory ../../../Engine/Plugins/Runtime/Oculus/OculusVR/Shaders to virtual directory /Plugin/OculusVR
LogPluginManager: Mounting plugin PhysXVehicles
LogPluginManager: Mounting plugin ProceduralMeshComponent
LogPluginManager: Mounting plugin RuntimePhysXCooking
LogPluginManager: Mounting plugin SteamVR
LogPluginManager: Mounting plugin WindowsMoviePlayer
LogModuleManager: Display: Found up-to-date module file ../../../../../../PS Art/ProjectArachne/ProjectArachne 4.18 - 3/Binaries/Win64/UE4Editor-ProjectArachne.dll (API version 3709383).
LogModuleManager: Display: Found up-to-date module file ../../../Engine/Plugins/2D/Paper2D/Binaries/Win64/UE4Editor-Paper2D.dll (API version 3709383).
LogModuleManager: Display: Found up-to-date module file ../../../Engine/Plugins/2D/Paper2D/Binaries/Win64/UE4Editor-Paper2DEditor.dll (API version 3709383).
LogModuleManager: Display: Found up-to-date module file ../../../Engine/Plugins/2D/Paper2D/Binaries/Win64/UE4Editor-PaperSpriteSheetImporter.dll (API version 3709383).
LogModuleManager: Display: Found up-to-date module file ../../../Engine/Plugins/2D/Paper2D/Binaries/Win64/UE4Editor-PaperTiledImporter.dll (API version 3709383).
LogModuleManager: Display: Found up-to-date module file ../../../Engine/Plugins/2D/Paper2D/Binaries/Win64/UE4Editor-SmartSnapping.dll (API version 3709383).
LogModuleManager: Display: Found up-to-date module file ../../../Engine/Plugins/Blendables/LightPropagationVolume/Binaries/Win64/UE4Editor-LightPropagationVolumeRuntime.dll (API version 3709383).
LogModuleManager: Display: Found up-to-date module file ../../../Engine/Plugins/Blendables/LightPropagationVolume/Binaries/Win64/UE4Editor-LightPropagationVolumeEditor.dll (API version 3709383).
LogModuleManager: Display: Found up-to-date module file ../../../Engine/Plugins/Developer/GitSourceControl/Binaries/Win64/UE4Editor-GitSourceControl.dll (API version 3709383).
LogModuleManager: Display: Found up-to-date module file ../../../Engine/Plugins/Developer/PerforceSourceControl/Binaries/Win64/UE4Editor-PerforceSourceControl.dll (API version 3709383).
LogModuleManager: Display: Found up-to-date module file ../../../Engine/Plugins/Developer/SubversionSourceControl/Binaries/Win64/UE4Editor-SubversionSourceControl.dll (API version 3709383).
LogModuleManager: Display: Found up-to-date module file ../../../Engine/Plugins/Developer/UObjectPlugin/Binaries/Win64/UE4Editor-UObjectPlugin.dll (API version 3709383).
LogModuleManager: Display: Found up-to-date module file ../../../Engine/Plugins/Developer/VisualStudioCodeSourceCodeAccess/Binaries/Win64/UE4Editor-VisualStudioCodeSourceCodeAccess.dll (API version 3709383).
LogModuleManager: Display: Found up-to-date module file ../../../Engine/Plugins/Developer/VisualStudioSourceCodeAccess/Binaries/Win64/UE4Editor-VisualStudioSourceCodeAccess.dll (API version 3709383).
LogModuleManager: Display: Found up-to-date module file ../../../Engine/Plugins/Editor/AssetManagerEditor/Binaries/Win64/UE4Editor-AssetManagerEditor.dll (API version 3709383).
LogModuleManager: Display: Found up-to-date module file ../../../Engine/Plugins/Editor/AudioCapture/Binaries/Win64/UE4Editor-AudioCapture.dll (API version 3709383).
LogModuleManager: Display: Found up-to-date module file ../../../Engine/Plugins/Editor/FacialAnimation/Binaries/Win64/UE4Editor-FacialAnimation.dll (API version 3709383).
LogModuleManager: Display: Found up-to-date module file ../../../Engine/Plugins/Editor/FacialAnimation/Binaries/Win64/UE4Editor-FacialAnimationEditor.dll (API version 3709383).
LogModuleManager: Display: Found up-to-date module file ../../../Engine/Plugins/Editor/GameplayTagsEditor/Binaries/Win64/UE4Editor-GameplayTagsEditor.dll (API version 3709383).
LogModuleManager: Display: Found up-to-date module file ../../../Engine/Plugins/Editor/MobileLauncherProfileWizard/Binaries/Win64/UE4Editor-MobileLauncherProfileWizard.dll (API version 3709383).
LogModuleManager: Display: Found up-to-date module file ../../../Engine/Plugins/Editor/PluginBrowser/Binaries/Win64/UE4Editor-PluginBrowser.dll (API version 3709383).
LogModuleManager: Display: Found up-to-date module file ../../../Engine/Plugins/Editor/SpeedTreeImporter/Binaries/Win64/UE4Editor-SpeedTreeImporter.dll (API version 3709383).
LogModuleManager: Display: Found up-to-date module file ../../../Engine/Plugins/Experimental/AlembicImporter/Binaries/Win64/UE4Editor-AlembicImporter.dll (API version 3709383).
LogModuleManager: Display: Found up-to-date module file ../../../Engine/Plugins/Experimental/AlembicImporter/Binaries/Win64/UE4Editor-AlembicLibrary.dll (API version 3709383).
LogModuleManager: Display: Found up-to-date module file ../../../Engine/Plugins/Experimental/CharacterAI/Binaries/Win64/UE4Editor-CharacterAI.dll (API version 3709383).
LogModuleManager: Display: Found up-to-date module file ../../../Engine/Plugins/Experimental/HTML5Networking/Binaries/Win64/UE4Editor-HTML5Networking.dll (API version 3709383).
LogModuleManager: Display: Found up-to-date module file ../../../Engine/Plugins/Media/AndroidMedia/Binaries/Win64/UE4Editor-AndroidMediaEditor.dll (API version 3709383).
LogModuleManager: Display: Found up-to-date module file ../../../Engine/Plugins/Media/AndroidMedia/Binaries/Win64/UE4Editor-AndroidMediaFactory.dll (API version 3709383).
LogModuleManager: Display: Found up-to-date module file ../../../Engine/Plugins/Media/AvfMedia/Binaries/Win64/UE4Editor-AvfMediaEditor.dll (API version 3709383).
LogModuleManager: Display: Found up-to-date module file ../../../Engine/Plugins/Media/AvfMedia/Binaries/Win64/UE4Editor-AvfMediaFactory.dll (API version 3709383).
LogModuleManager: Display: Found up-to-date module file ../../../Engine/Plugins/Media/AvfMedia/Binaries/Win64/UE4Editor-AvfMediaFactory.dll (API version 3709383).
LogModuleManager: Display: Found up-to-date module file ../../../Engine/Plugins/Media/ImgMedia/Binaries/Win64/UE4Editor-ImgMedia.dll (API version 3709383).
LogModuleManager: Display: Found up-to-date module file ../../../Engine/Plugins/Media/ImgMedia/Binaries/Win64/UE4Editor-ImgMediaEditor.dll (API version 3709383).
LogModuleManager: Display: Found up-to-date module file ../../../Engine/Plugins/Media/ImgMedia/Binaries/Win64/UE4Editor-ImgMediaFactory.dll (API version 3709383).
LogModuleManager: Display: Found up-to-date module file ../../../Engine/Plugins/Media/ImgMedia/Binaries/Win64/UE4Editor-ImgMediaFactory.dll (API version 3709383).
LogModuleManager: Display: Found up-to-date module file ../../../Engine/Plugins/Media/ImgMedia/Binaries/Win64/UE4Editor-OpenExrWrapper.dll (API version 3709383).
LogModuleManager: Display: Found up-to-date module file ../../../Engine/Plugins/Media/MediaCompositing/Binaries/Win64/UE4Editor-MediaCompositing.dll (API version 3709383).
LogModuleManager: Display: Found up-to-date module file ../../../Engine/Plugins/Media/MediaCompositing/Binaries/Win64/UE4Editor-MediaCompositingEditor.dll (API version 3709383).
LogModuleManager: Display: Found up-to-date module file ../../../Engine/Plugins/Media/MediaPlayerEditor/Binaries/Win64/UE4Editor-MediaPlayerEditor.dll (API version 3709383).
LogModuleManager: Display: Found up-to-date module file ../../../Engine/Plugins/Media/WmfMedia/Binaries/Win64/UE4Editor-WmfMedia.dll (API version 3709383).
LogModuleManager: Display: Found up-to-date module file ../../../Engine/Plugins/Media/WmfMedia/Binaries/Win64/UE4Editor-WmfMediaEditor.dll (API version 3709383).
LogModuleManager: Display: Found up-to-date module file ../../../Engine/Plugins/Media/WmfMedia/Binaries/Win64/UE4Editor-WmfMediaFactory.dll (API version 3709383).
LogModuleManager: Display: Found up-to-date module file ../../../Engine/Plugins/Media/WmfMedia/Binaries/Win64/UE4Editor-WmfMediaFactory.dll (API version 3709383).
LogModuleManager: Display: Found up-to-date module file ../../../Engine/Plugins/Messaging/TcpMessaging/Binaries/Win64/UE4Editor-TcpMessaging.dll (API version 3709383).
LogModuleManager: Display: Found up-to-date module file ../../../Engine/Plugins/Messaging/UdpMessaging/Binaries/Win64/UE4Editor-UdpMessaging.dll (API version 3709383).
LogModuleManager: Display: Found up-to-date module file ../../../Engine/Plugins/MovieScene/ActorSequence/Binaries/Win64/UE4Editor-ActorSequence.dll (API version 3709383).
LogModuleManager: Display: Found up-to-date module file ../../../Engine/Plugins/MovieScene/LevelSequenceEditor/Binaries/Win64/UE4Editor-LevelSequenceEditor.dll (API version 3709383).
LogModuleManager: Display: Found up-to-date module file ../../../Engine/Plugins/MovieScene/MatineeToLevelSequence/Binaries/Win64/UE4Editor-MatineeToLevelSequence.dll (API version 3709383).
LogModuleManager: Display: Found up-to-date module file ../../../Engine/Plugins/Online/OnlineSubsystem/Binaries/Win64/UE4Editor-OnlineSubsystem.dll (API version 3709383).
LogModuleManager: Display: Found up-to-date module file ../../../Engine/Plugins/Online/OnlineSubsystemNull/Binaries/Win64/UE4Editor-OnlineSubsystemNull.dll (API version 3709383).
LogModuleManager: Display: Found up-to-date module file ../../../Engine/Plugins/Online/OnlineSubsystemUtils/Binaries/Win64/UE4Editor-OnlineSubsystemUtils.dll (API version 3709383).
LogModuleManager: Display: Found up-to-date module file ../../../Engine/Plugins/Online/OnlineSubsystemUtils/Binaries/Win64/UE4Editor-OnlineBlueprintSupport.dll (API version 3709383).
LogModuleManager: Display: Found up-to-date module file ../../../Engine/Plugins/Runtime/AndroidDeviceProfileSelector/Binaries/Win64/UE4Editor-AndroidDeviceProfileSelector.dll (API version 3709383).
LogModuleManager: Display: Found up-to-date module file ../../../Engine/Plugins/Runtime/AndroidPermission/Binaries/Win64/UE4Editor-AndroidPermission.dll (API version 3709383).
LogModuleManager: Display: Found up-to-date module file ../../../Engine/Plugins/Runtime/AppleARKit/Binaries/Win64/UE4Editor-AppleARKit.dll (API version 3709383).
LogModuleManager: Display: Found up-to-date module file ../../../Engine/Plugins/Runtime/ArchVisCharacter/Binaries/Win64/UE4Editor-ArchVisCharacter.dll (API version 3709383).
LogModuleManager: Display: Found up-to-date module file ../../../Engine/Plugins/Runtime/CableComponent/Binaries/Win64/UE4Editor-CableComponent.dll (API version 3709383).
LogModuleManager: Display: Found up-to-date module file ../../../Engine/Plugins/Runtime/CustomMeshComponent/Binaries/Win64/UE4Editor-CustomMeshComponent.dll (API version 3709383).
LogModuleManager: Display: Found up-to-date module file ../../../Engine/Plugins/Runtime/ExampleDeviceProfileSelector/Binaries/Win64/UE4Editor-ExampleDeviceProfileSelector.dll (API version 3709383).
LogModuleManager: Display: Found up-to-date module file ../../../Engine/Plugins/Runtime/ImmediatePhysics/Binaries/Win64/UE4Editor-ImmediatePhysics.dll (API version 3709383).
LogModuleManager: Display: Found up-to-date module file ../../../Engine/Plugins/Runtime/ImmediatePhysics/Binaries/Win64/UE4Editor-ImmediatePhysicsEditor.dll (API version 3709383).
LogModuleManager: Display: Found up-to-date module file ../../../Engine/Plugins/Runtime/LocationServicesBPLibrary/Binaries/Win64/UE4Editor-LocationServicesBPLibrary.dll (API version 3709383).
LogModuleManager: Display: Found up-to-date module file ../../../Engine/Plugins/Runtime/MobilePatchingUtils/Binaries/Win64/UE4Editor-MobilePatchingUtils.dll (API version 3709383).
LogModuleManager: Display: Found up-to-date module file ../../../Engine/Plugins/Runtime/Oculus/OculusVR/Binaries/Win64/UE4Editor-OculusHMD.dll (API version 3709383).
LogModuleManager: Display: Found up-to-date module file ../../../Engine/Plugins/Runtime/Oculus/OculusVR/Binaries/Win64/UE4Editor-OculusInput.dll (API version 3709383).
LogModuleManager: Display: Found up-to-date module file ../../../Engine/Plugins/Runtime/Oculus/OculusVR/Binaries/Win64/UE4Editor-OculusEditor.dll (API version 3709383).
LogModuleManager: Display: Found up-to-date module file ../../../Engine/Plugins/Runtime/PhysXVehicles/Binaries/Win64/UE4Editor-PhysXVehicles.dll (API version 3709383).
LogModuleManager: Display: Found up-to-date module file ../../../Engine/Plugins/Runtime/PhysXVehicles/Binaries/Win64/UE4Editor-PhysXVehiclesEditor.dll (API version 3709383).
LogModuleManager: Display: Found up-to-date module file ../../../Engine/Plugins/Runtime/ProceduralMeshComponent/Binaries/Win64/UE4Editor-ProceduralMeshComponent.dll (API version 3709383).
LogModuleManager: Display: Found up-to-date module file ../../../Engine/Plugins/Runtime/ProceduralMeshComponent/Binaries/Win64/UE4Editor-ProceduralMeshComponentEditor.dll (API version 3709383).
LogModuleManager: Display: Found up-to-date module file ../../../Engine/Plugins/Runtime/RuntimePhysXCooking/Binaries/Win64/UE4Editor-RuntimePhysXCooking.dll (API version 3709383).
LogModuleManager: Display: Found up-to-date module file ../../../Engine/Plugins/Runtime/Steam/SteamVR/Binaries/Win64/UE4Editor-SteamVR.dll (API version 3709383).
LogModuleManager: Display: Found up-to-date module file ../../../Engine/Plugins/Runtime/Steam/SteamVR/Binaries/Win64/UE4Editor-SteamVRController.dll (API version 3709383).
LogModuleManager: Display: Found up-to-date module file ../../../Engine/Plugins/Runtime/WindowsMoviePlayer/Binaries/Win64/UE4Editor-WindowsMoviePlayer.dll (API version 3709383).
LogInit: Using libcurl 7.47.1
LogInit:  - built for x86_64-pc-win32
LogInit:  - supports SSL with OpenSSL/1.0.2g
LogInit:  - supports HTTP deflate (compression) using libz 1.2.8
LogInit:  - other features:
LogInit:      CURL_VERSION_SSL
LogInit:      CURL_VERSION_LIBZ
LogInit:      CURL_VERSION_IPV6
LogInit:      CURL_VERSION_ASYNCHDNS
LogInit:      CURL_VERSION_LARGEFILE
LogInit:      CURL_VERSION_IDN
LogInit:  CurlRequestOptions (configurable via config and command line):
LogInit:  - bVerifyPeer = false  - Libcurl will NOT verify peer certificate
LogInit:  - bUseHttpProxy = false  - Libcurl will NOT use HTTP proxy
LogInit:  - bDontReuseConnections = false  - Libcurl will reuse connections
LogInit:  - CertBundlePath = nullptr  - Libcurl will use whatever was configured at build time.
LogInit: Build: ++UE4+Release-4.18-CL-3832480
LogInit: Engine Version: 4.18.3-3832480+++UE4+Release-4.18
LogInit: Compatible Engine Version: 4.18.0-3709383+++UE4+Release-4.18
LogInit: Net CL: 3709383
LogDevObjectVersion: Number of dev versions registered: 16
LogDevObjectVersion:   Dev-Blueprints (B0D832E4-1F89-4F0D-ACCF-7EB736FD4AA2): 10
LogDevObjectVersion:   Dev-Build (E1C64328-A22C-4D53-A36C-8E866417BD8C): 0
LogDevObjectVersion:   Dev-Core (375EC13C-06E4-48FB-B500-84F0262A717E): 2
LogDevObjectVersion:   Dev-Editor (E4B068ED-F494-42E9-A231-DA0B2E46BB41): 20
LogDevObjectVersion:   Dev-Framework (CFFC743F-43B0-4480-9391-14DF171D2073): 30
LogDevObjectVersion:   Dev-Mobile (B02B49B5-BB20-44E9-A304-32B752E40360): 0
LogDevObjectVersion:   Dev-Networking (A4E4105C-59A1-49B5-A7C5-40C4547EDFEE): 0
LogDevObjectVersion:   Dev-Online (39C831C9-5AE6-47DC-9A44-9C173E1C8E7C): 0
LogDevObjectVersion:   Dev-Physics (78F01B33-EBEA-4F98-B9B4-84EACCB95AA2): 0
LogDevObjectVersion:   Dev-Platform (6631380F-2D4D-43E0-8009-CF276956A95A): 0
LogDevObjectVersion:   Dev-Rendering (12F88B9F-8875-4AFC-A67C-D90C383ABD29): 20
LogDevObjectVersion:   Dev-Sequencer (7B5AE74C-D270-4C10-A958-57980B212A5A): 4
LogDevObjectVersion:   Dev-VR (D7296918-1DD6-4BDD-9DE2-64A83CC13884): 0
LogDevObjectVersion:   Dev-LoadTimes (C2A15278-BFE7-4AFE-6C17-90FF531DF755): 1
LogDevObjectVersion:   Private-Geometry (6EACA3D4-40EC-4CC1-B786-8BED09428FC5): 1
LogDevObjectVersion:   Dev-AnimPhys (29E575DD-E0A3-4627-9D10-D276232CDCEA): 12
LogInit: Compiled (64-bit): Jan 12 2018 02:04:55
LogInit: Compiled with Visual C++: 19.00.24215.01
LogInit: Build Configuration: Development
LogInit: Branch Name: ++UE4+Release-4.18
LogInit: Command line: -EpicPortal 
LogInit: Base directory: M:/New programs/New folder/UE_4.18/Engine/Binaries/Win64/
LogInit: Installed Engine Build: 1
LogInit: Presizing for max 8388607 objects, including 0 objects not considered by GC, pre-allocating 0 bytes for permanent pool.
LogInit: Object subsystem initialized
[2018.01.29-09.11.23:637][  0]LogInit: Selected Device Profile: [Windows]
[2018.01.29-09.11.23:637][  0]LogInit: Applying CVar settings loaded from the selected device profile: [Windows]
[2018.01.29-09.11.23:646][  0]LogInit: Computer: MAJED-PC
[2018.01.29-09.11.23:646][  0]LogInit: User: Majed
[2018.01.29-09.11.23:646][  0]LogInit: CPU Page size=4096, Cores=4
[2018.01.29-09.11.23:646][  0]LogInit: High frequency timer resolution =3.320361 MHz
[2018.01.29-09.11.23:647][  0]LogMemory: Memory total: Physical=15.9GB (16GB approx)
[2018.01.29-09.11.23:647][  0]LogMemory: Platform Memory Stats for Windows
[2018.01.29-09.11.23:647][  0]LogMemory: Process Physical Memory: 274.71 MB used, 274.71 MB peak
[2018.01.29-09.11.23:647][  0]LogMemory: Process Virtual Memory: 272.84 MB used, 272.84 MB peak
[2018.01.29-09.11.23:647][  0]LogMemory: Physical Memory: 6781.74 MB used,  9487.81 MB free, 16269.55 MB total
[2018.01.29-09.11.23:647][  0]LogMemory: Virtual Memory: 628.09 MB used,  9487.81 MB free, 8388608.00 MB total
[2018.01.29-09.11.23:756][  0]LogInit: Using OS detected language (en-US).
[2018.01.29-09.11.23:757][  0]LogInit: Using OS detected locale (en-US).
[2018.01.29-09.11.23:760][  0]LogTextLocalizationManager: No specific localization for 'en-US' exists, so the 'en' localization will be used.
[2018.01.29-09.11.24:145][  0]LogWindows: Failed to load 'shcore.dll' (GetLastError=126)
[2018.01.29-09.11.24:145][  0]LogWindows: File 'shcore.dll' does not exist
[2018.01.29-09.11.24:145][  0]LogInit: Setting process to DPI aware
[2018.01.29-09.11.24:149][  0]LogWindows: Failed to load 'shcore.dll' (GetLastError=126)
[2018.01.29-09.11.24:149][  0]LogWindows: File 'shcore.dll' does not exist
[2018.01.29-09.11.24:149][  0]LogInit: Setting process to DPI aware
[2018.01.29-09.11.24:385][  0]LogD3D11RHI: D3D11 adapters:
[2018.01.29-09.11.24:414][  0]LogD3D11RHI:    0. 'NVIDIA GeForce GTX 1070' (Feature Level 11_0)
[2018.01.29-09.11.24:414][  0]LogD3D11RHI:       8085/0/7878 MB DedicatedVideo/DedicatedSystem/SharedSystem, Outputs:1, VendorId:0x10de
[2018.01.29-09.11.24:418][  0]LogD3D11RHI:    1. 'Intel(R) HD Graphics 4000' (Feature Level 11_0)
[2018.01.29-09.11.24:418][  0]LogD3D11RHI:       64/0/1632 MB DedicatedVideo/DedicatedSystem/SharedSystem, Outputs:0, VendorId:0x8086
[2018.01.29-09.11.24:418][  0]LogD3D11RHI: Chosen D3D11 Adapter: 0
[2018.01.29-09.11.24:423][  0]LogD3D11RHI: Creating new Direct3DDevice
[2018.01.29-09.11.24:423][  0]LogD3D11RHI:     GPU DeviceId: 0x1b81 (for the marketing name, search the web for "GPU Device Id")
[2018.01.29-09.11.24:423][  0]LogWindows: EnumDisplayDevices:
[2018.01.29-09.11.24:423][  0]LogWindows:    0. 'NVIDIA GeForce GTX 1070' (P:1 D:1)
[2018.01.29-09.11.24:423][  0]LogWindows:    1. 'NVIDIA GeForce GTX 1070' (P:0 D:0)
[2018.01.29-09.11.24:423][  0]LogWindows:    2. 'NVIDIA GeForce GTX 1070' (P:0 D:0)
[2018.01.29-09.11.24:424][  0]LogWindows:    3. 'NVIDIA GeForce GTX 1070' (P:0 D:0)
[2018.01.29-09.11.24:424][  0]LogWindows:    4. 'Intel(R) HD Graphics 4000' (P:0 D:0)
[2018.01.29-09.11.24:424][  0]LogWindows:    5. 'Intel(R) HD Graphics 4000' (P:0 D:0)
[2018.01.29-09.11.24:424][  0]LogWindows:    6. 'Intel(R) HD Graphics 4000' (P:0 D:0)
[2018.01.29-09.11.24:424][  0]LogWindows:    7. 'RDPDD Chained DD' (P:0 D:0)
[2018.01.29-09.11.24:424][  0]LogWindows:    8. 'RDP Encoder Mirror Driver' (P:0 D:0)
[2018.01.29-09.11.24:424][  0]LogWindows:    9. 'RDP Reflector Display Driver' (P:0 D:0)
[2018.01.29-09.11.24:425][  0]LogWindows: DebugString: PrimaryIsNotTheChoosenAdapter PrimaryIsNotTheChoosenAdapter PrimaryIsNotTheChoosenAdapter GetVideoDriverDetailsInvalid PrimaryIsNotTheChoosenAdapter GetVideoDriverDetailsInvalid PrimaryIsNotTheChoosenAdapter GetVideoDriverDetailsInvalid PrimaryIsNotTheChoosenAdapter FoundDriverCount:4 
[2018.01.29-09.11.24:425][  0]LogD3D11RHI:     Adapter Name: NVIDIA GeForce GTX 1070
[2018.01.29-09.11.24:425][  0]LogD3D11RHI:   Driver Version: 388.71 (internal:23.21.13.8871, unified:388.71)
[2018.01.29-09.11.24:425][  0]LogD3D11RHI:      Driver Date: 12-15-2017
[2018.01.29-09.11.24:425][  0]LogRHI: Texture pool is 5659 MB (70% of 8085 MB)
[2018.01.29-09.11.24:435][  0]LogD3D11RHI: Async texture creation enabled
[2018.01.29-09.11.24:454][  0]LogD3D11RHI: GPU Timing Frequency: 1000.000000 (Debug: 2 2)
[2018.01.29-09.11.24:502][  0]LogShaderCompilers: Guid format shader working directory is -17 characters bigger than the processId version (../../../../../../PS Art/ProjectArachne/ProjectArachne 4.18 - 3/Intermediate/Shaders/WorkingDirectory/9916/).
[2018.01.29-09.11.24:502][  0]LogShaderCompilers: Cleaned the shader compiler working directory 'C:/Users/Majed/AppData/Local/Temp/UnrealShaderWorkingDir/703AE2714F7C98C1DBE48688530542EC/'.
[2018.01.29-09.11.24:502][  0]LogShaderCompilers: Display: Using Local Shader Compiler.
[2018.01.29-09.11.25:490][  0]LogTemp: Display: Loaded TP AllDesktopTargetPlatform
[2018.01.29-09.11.25:536][  0]LogTemp: Display: Loaded TP MacClientTargetPlatform
[2018.01.29-09.11.25:582][  0]LogTemp: Display: Loaded TP MacNoEditorTargetPlatform
[2018.01.29-09.11.25:627][  0]LogTemp: Display: Loaded TP MacServerTargetPlatform
[2018.01.29-09.11.25:674][  0]LogTemp: Display: Loaded TP MacTargetPlatform
[2018.01.29-09.11.25:721][  0]LogTemp: Display: Loaded TP WindowsClientTargetPlatform
[2018.01.29-09.11.25:767][  0]LogTemp: Display: Loaded TP WindowsNoEditorTargetPlatform
[2018.01.29-09.11.25:813][  0]LogTemp: Display: Loaded TP WindowsServerTargetPlatform
[2018.01.29-09.11.25:851][  0]LogTemp: Display: Loaded TP WindowsTargetPlatform
[2018.01.29-09.11.25:897][  0]LogTemp: Display: Loaded TP Android_ASTCTargetPlatform
[2018.01.29-09.11.25:942][  0]LogTemp: Display: Loaded TP Android_ATCTargetPlatform
[2018.01.29-09.11.25:988][  0]LogTemp: Display: Loaded TP Android_DXTTargetPlatform
[2018.01.29-09.11.26:033][  0]LogTemp: Display: Loaded TP Android_ETC1TargetPlatform
[2018.01.29-09.11.26:078][  0]LogTemp: Display: Loaded TP Android_ETC2TargetPlatform
[2018.01.29-09.11.26:168][  0]LogTemp: Display: Loaded TP Android_MultiTargetPlatform
[2018.01.29-09.11.26:168][  0]LogTemp: Display: Loaded TP Android_PVRTCTargetPlatform
[2018.01.29-09.11.26:213][  0]LogTemp: Display: Loaded TP AndroidTargetPlatform
[2018.01.29-09.11.26:246][  0]LogTemp: Display: Loaded TP HTML5TargetPlatform
[2018.01.29-09.11.26:324][  0]LogTemp: Display: Loaded TP IOSTargetPlatform
[2018.01.29-09.11.26:348][  0]LogTemp: Display: Loaded TP TVOSTargetPlatform
[2018.01.29-09.11.26:393][  0]LogTemp: Display: Loaded TP LinuxClientTargetPlatform
[2018.01.29-09.11.26:438][  0]LogTemp: Display: Loaded TP LinuxNoEditorTargetPlatform
[2018.01.29-09.11.26:483][  0]LogTemp: Display: Loaded TP LinuxServerTargetPlatform
[2018.01.29-09.11.26:528][  0]LogTemp: Display: Loaded TP LinuxTargetPlatform
[2018.01.29-09.11.26:528][  0]LogTargetPlatformManager: Display: Building Assets For Windows
[2018.01.29-09.11.26:881][  0]LogDerivedDataCache: Display: Max Cache Size: 512 MB
[2018.01.29-09.11.26:953][  0]LogDerivedDataCache: Loaded boot cache 0.07s 78MB C:/Users/Majed/AppData/Local/UnrealEngine/4.18/DerivedDataCache/Boot.ddc.
[2018.01.29-09.11.26:953][  0]LogDerivedDataCache: Display: Loaded Boot cache: C:/Users/Majed/AppData/Local/UnrealEngine/4.18/DerivedDataCache/Boot.ddc
[2018.01.29-09.11.26:953][  0]LogDerivedDataCache: FDerivedDataBackendGraph:  Pak pak cache file ../../../../../../PS Art/ProjectArachne/ProjectArachne 4.18 - 3/DerivedDataCache/DDC.ddp not found, will not use a pak cache.
[2018.01.29-09.11.26:953][  0]LogDerivedDataCache: Unable to find inner node Pak for hierarchical cache Hierarchy.
[2018.01.29-09.11.26:953][  0]LogDerivedDataCache: FDerivedDataBackendGraph:  CompressedPak pak cache file ../../../../../../PS Art/ProjectArachne/ProjectArachne 4.18 - 3/DerivedDataCache/Compressed.ddp not found, will not use a pak cache.
[2018.01.29-09.11.26:953][  0]LogDerivedDataCache: Unable to find inner node CompressedPak for hierarchical cache Hierarchy.
[2018.01.29-09.11.26:970][  0]LogDerivedDataCache: Display: Pak cache opened for reading ../../../Engine/DerivedDataCache/Compressed.ddp.
[2018.01.29-09.11.26:982][  0]LogDerivedDataCache: Using Local data cache path C:/Users/Majed/AppData/Local/UnrealEngine/Common/DerivedDataCache: Writable
[2018.01.29-09.11.26:993][  0]LogMaterial: Verifying Global Shaders for PCD3D_SM5
[2018.01.29-09.11.26:993][  0]LogSlate: Using Freetype 2.6.0
[2018.01.29-09.11.26:994][  0]LogSlate: SlateFontCache - WITH_FREETYPE: 1, WITH_HARFBUZZ: 1
[2018.01.29-09.11.26:994][  0]LogSlate: SlateFontCache - WITH_FREETYPE: 1, WITH_HARFBUZZ: 1
[2018.01.29-09.11.27:389][  0]LogInit: Selected Device Profile: [Windows]
[2018.01.29-09.11.27:680][  0]LogSimplygon: Simplygon DLL not present - disabling.
[2018.01.29-09.11.27:713][  0]LogMeshReduction: Using SimplygonSwarm for distributed automatic mesh merging
[2018.01.29-09.11.27:713][  0]LogMeshReduction: Using QuadricMeshReduction for automatic static mesh reduction
[2018.01.29-09.11.27:713][  0]LogMeshReduction: No automatic skeletal mesh reduction module available
[2018.01.29-09.11.27:713][  0]LogMeshReduction: No automatic mesh merging module available
[2018.01.29-09.11.27:713][  0]LogMeshMerging: No automatic mesh merging module available
[2018.01.29-09.11.27:747][  0]LogNetVersion: ProjectArachne , NetCL: 3709383, EngineNetVer: 2, GameNetVer: 0 (Checksum: 1282563010)
[2018.01.29-09.11.27:910][  0]LogAssetRegistry: FAssetRegistry took 0.0246 seconds to start up
[2018.01.29-09.11.28:397][  0]LogPackageLocalizationCache: Processed 7 localized package path(s) for 2 prioritized culture(s) in 0.044848 seconds
[2018.01.29-09.11.28:402][  0]LogUObjectArray: 35870 objects as part of root set at end of initial load.
[2018.01.29-09.11.28:402][  0]LogUObjectAllocator: 7363696 out of 0 bytes used by permanent object pool.
[2018.01.29-09.11.28:402][  0]LogUObjectArray: CloseDisregardForGC: 0/0 objects in disregard for GC pool
[2018.01.29-09.11.28:437][  0]LogInit: WinSock: version 1.1 (2.2), MaxSocks=32767, MaxUdp=65467
[2018.01.29-09.11.30:836][  0]LogTcpMessaging: Initializing TcpMessaging bridge
[2018.01.29-09.11.30:874][  0]LogUdpMessaging: Initializing bridge on interface 0.0.0.0:0 to multicast group 230.0.0.1:6666.
[2018.01.29-09.11.31:528][  0]LogMaterial: Uniform references updated for custom material expression Custom.
[2018.01.29-09.11.31:910][  0]SourceControl: Source control is disabled
[2018.01.29-09.11.31:911][  0]SourceControl: Source control is disabled
[2018.01.29-09.11.31:959][  0]SourceControl: Source control is disabled
[2018.01.29-09.11.32:006][  0]SourceControl: Source control is disabled
[2018.01.29-09.11.32:728][  0]LogAndroidPermission: UAndroidPermissionCallbackProxy::GetInstance
[2018.01.29-09.11.32:970][  0]LogOcInput: OculusInput pre-init called
[2018.01.29-09.11.33:209][  0]LogEngine: Initializing Engine...
[2018.01.29-09.11.33:211][  0]LogHMD: Failed to initialize OpenVR with code 110
[2018.01.29-09.11.33:427][  0]LogStats: UGameplayTagsManager::ConstructGameplayTagTree: Construct from data asset -  0.000 s
[2018.01.29-09.11.33:427][  0]LogStats: UGameplayTagsManager::ConstructGameplayTagTree: GameplayTagTreeChangedEvent.Broadcast -  0.000 s
[2018.01.29-09.11.33:536][  0]LogAIModule: Creating AISystem for world Untitled
[2018.01.29-09.11.33:561][  0]LogInit: XAudio2 using 'Headphones (2- High Definition Audio Device)' : 2 channels at 44.1 kHz using 16 bits per sample (channel mask 0x3)
[2018.01.29-09.11.33:580][  0]LogInit: FAudioDevice initialized.
[2018.01.29-09.11.33:660][  0]LogDerivedDataCache: Saved boot cache 0.08s 78MB C:/Users/Majed/AppData/Local/UnrealEngine/4.18/DerivedDataCache/Boot.ddc.
[2018.01.29-09.11.33:667][  0]LogInit: Texture streaming: Enabled
[2018.01.29-09.11.33:736][  0]LogEngineSessionManager: EngineSessionManager initialized
[2018.01.29-09.11.33:837][  0]LogInit: Transaction tracking system initialized
[2018.01.29-09.11.34:085][  0]BlueprintLog: New page: Editor Load
[2018.01.29-09.11.34:779][  0]LocalizationService: Localization service is disabled
[2018.01.29-09.11.35:377][  0]LogConsoleResponse: Display: 
[2018.01.29-09.11.35:545][  0]LogCook: Display: Max memory allowance for cook 16384mb min free memory 0mb
[2018.01.29-09.11.35:545][  0]LogCook: Display: Mobile HDR setting 1
[2018.01.29-09.11.35:545][  0]LogGameplayTags: Display: UGameplayTagsManager::DoneAddingNativeTags. DelegateIsBound: 0
[2018.01.29-09.11.35:905][  0]LogFileCache: Scanning file cache for directory 'M:/PS Art/ProjectArachne/ProjectArachne 4.18 - 3/Content/' took 0.01s
[2018.01.29-09.11.36:563][  0]SourceControl: Source control is disabled
[2018.01.29-09.11.36:563][  0]Cmd: MAP LOAD FILE="../../../Engine/Content/Maps/Templates/Template_Default.umap" TEMPLATE=1 SHOWPROGRESS=1 FEATURELEVEL=3
[2018.01.29-09.11.36:563][  0]LightingResults: New page: Lighting Build
[2018.01.29-09.11.36:597][  0]MapCheck: New page: Map Check
[2018.01.29-09.11.36:597][  0]LightingResults: New page: Lighting Build
[2018.01.29-09.11.36:838][  0]LogAIModule: Creating AISystem for world Untitled_1
[2018.01.29-09.11.36:844][  0]LogEditorServer: Finished looking for orphan Actors (0.000 secs)
[2018.01.29-09.11.36:855][  0]Cmd: MAP CHECKDEP NOCLEARLOG
[2018.01.29-09.11.36:899][  0]MapCheck: Map check complete: 0 Error(s), 0 Warning(s), took 43.889ms to complete.
[2018.01.29-09.11.36:899][  0]LogFileHelpers: Loading map 'Template_Default' took 0.335
[2018.01.29-09.11.37:033][  0]LogCollectionManager: Loaded 0 collections in 0.001797 seconds
[2018.01.29-09.11.37:104][  0]LogFileCache: Scanning file cache for directory 'M:/PS Art/ProjectArachne/ProjectArachne 4.18 - 3/Saved/Collections/' took 0.01s
[2018.01.29-09.11.37:104][  0]LogFileCache: Scanning file cache for directory 'M:/PS Art/ProjectArachne/ProjectArachne 4.18 - 3/Content/Developers/Majed/Collections/' took 0.01s
[2018.01.29-09.11.37:104][  0]LogFileCache: Scanning file cache for directory 'M:/PS Art/ProjectArachne/ProjectArachne 4.18 - 3/Content/Collections/' took 0.01s
[2018.01.29-09.11.37:104][  0]LogCollectionManager: Rebuilt the GUID cache for 0 collections in 0.000000 seconds
[2018.01.29-09.11.37:114][  0]LogContentBrowser: Native class hierarchy populated in 0.0094 seconds. Added 2364 classes and 521 folders.
[2018.01.29-09.11.37:165][  0]LogContentBrowser: Native class hierarchy updated for 'WidgetCarousel' in 0.0007 seconds. Added 0 classes and 0 folders.
[2018.01.29-09.11.37:210][  0]LogContentBrowser: Native class hierarchy updated for 'AddContentDialog' in 0.0007 seconds. Added 0 classes and 0 folders.
[2018.01.29-09.11.37:246][  0]LogContentBrowser: Native class hierarchy updated for 'SceneOutliner' in 0.0007 seconds. Added 1 classes and 2 folders.
[2018.01.29-09.11.37:277][  0]LogSlate: Took 0.000222 seconds to synchronously load lazily loaded font '../../../Engine/Content/Slate/Fonts/Roboto-Regular.ttf' (155K)
[2018.01.29-09.11.37:279][  0]LogSlate: Took 0.000193 seconds to synchronously load lazily loaded font '../../../Engine/Content/Slate/Fonts/Roboto-Bold.ttf' (160K)
[2018.01.29-09.11.37:285][  0]LogSlate: Took 0.000179 seconds to synchronously load lazily loaded font '../../../Engine/Content/Editor/Slate/Fonts/FontAwesome.ttf' (139K)
[2018.01.29-09.11.37:394][  0]LogRenderer: Reallocating scene render targets to support 1300x568 Format 10 NumSamples 1 (Frame:1).
[2018.01.29-09.11.37:547][  0]LogContentBrowser: Native class hierarchy updated for 'HierarchicalLODOutliner' in 0.0007 seconds. Added 1 classes and 2 folders.
[2018.01.29-09.11.37:547][  0]LogLoad: (Engine Initialization) Total time: 16.64 seconds
[2018.01.29-09.11.37:547][  0]LogLoad: (Engine Initialization) Total Blueprint compile time: 0.00 seconds
[2018.01.29-09.11.37:547][  0]LogExternalProfiler: Found external profiler: VSPerf
[2018.01.29-09.11.37:547][  0]LogExternalProfiler: Using external profiler: VSPerf
[2018.01.29-09.11.37:575][  0]LogContentStreaming: Texture pool size now 1000 MB
[2018.01.29-09.11.37:626][  1]LogAssetRegistry: Asset discovery search completed in 9.7359 seconds
[2018.01.29-09.11.37:628][  1]LogCollectionManager: Rebuilt the object cache for 0 collections in 0.000000 seconds (found 0 objects)
[2018.01.29-09.11.37:628][  1]LogCollectionManager: Fixed up redirectors for 0 collections in 0.000038 seconds (updated 0 objects)
[2018.01.29-09.11.41:493][460]LogSlate: Took 0.000239 seconds to synchronously load lazily loaded font '../../../Engine/Content/Slate/Fonts/Roboto-Light.ttf' (159K)
[2018.01.29-09.11.47:366][157]LogSlate: Took 0.000175 seconds to synchronously load lazily loaded font '../../../Engine/Content/Slate/Fonts/Roboto-Light.ttf' (159K)
[2018.01.29-09.11.48:211][157]LogAIModule: Creating AISystem for world SpaceStation
[2018.01.29-09.11.48:333][157]Cmd: MAP LOAD FILE="../../../../../../PS Art/ProjectArachne/ProjectArachne 4.18 - 3/Content/Maps/SpaceStation.umap" TEMPLATE=0 SHOWPROGRESS=1 FEATURELEVEL=3
[2018.01.29-09.11.48:333][157]LightingResults: New page: Lighting Build
[2018.01.29-09.11.48:334][157]LoadErrors: New page: Loading map: SpaceStation.umap
[2018.01.29-09.11.48:334][157]MapCheck: New page: Map Check
[2018.01.29-09.11.48:334][157]LightingResults: New page: Lighting Build
[2018.01.29-09.11.48:376][157]LogEditorServer: Finished looking for orphan Actors (0.000 secs)
[2018.01.29-09.11.48:408][157]Cmd: MAP CHECKDEP NOCLEARLOG
[2018.01.29-09.11.48:464][157]MapCheck: Map check complete: 0 Error(s), 0 Warning(s), took 55.674ms to complete.
[2018.01.29-09.11.48:464][157]LogFileHelpers: Loading map 'SpaceStation' took 0.132
[2018.01.29-09.12.44:196][689]LogFactory: FactoryCreateFile: StaticMesh with FbxFactory (0 0 C:/Users/Majed/Desktop/PS Art/wires.obj)
[2018.01.29-09.12.44:277][689]LogFbx: Loading FBX Scene from C:/Users/Majed/Desktop/PS Art/wires.obj
[2018.01.29-09.12.45:775][689]LogFbx: FBX Scene Loaded Succesfully
[2018.01.29-09.12.45:777][689]LogSlate: Took 0.000198 seconds to synchronously load lazily loaded font '../../../Engine/Content/Slate/Fonts/Roboto-Regular.ttf' (155K)
[2018.01.29-09.12.50:925][689]LogFbx: Loading FBX Scene from C:/Users/Majed/Desktop/PS Art/wires.obj
[2018.01.29-09.12.52:382][689]LogFbx: FBX Scene Loaded Succesfully
[2018.01.29-09.12.52:392][689]LogLinker: Can't find file '/Game/Models/Material_003'
[2018.01.29-09.12.52:392][689]LogLinker: Can't find file '/Game/Models/Material_003'
[2018.01.29-09.12.52:396][689]LogMaterial: Missing cached shader map for material Material_003, compiling. 
[2018.01.29-09.12.52:441][689]LogLinker: Can't find file '/Game/Models/Material_037'
[2018.01.29-09.12.52:441][689]LogLinker: Can't find file '/Game/Models/Material_037'
[2018.01.29-09.12.52:452][689]LogMaterial: Missing cached shader map for material Material_037, compiling. 
[2018.01.29-09.12.52:478][689]LogLinker: Can't find file '/Game/Models/Material_029'
[2018.01.29-09.12.52:479][689]LogLinker: Can't find file '/Game/Models/Material_029'
[2018.01.29-09.12.52:490][689]LogMaterial: Missing cached shader map for material Material_029, compiling. 
[2018.01.29-09.12.52:517][689]LogLinker: Can't find file '/Game/Models/Material_009'
[2018.01.29-09.12.52:518][689]LogLinker: Can't find file '/Game/Models/Material_009'
[2018.01.29-09.12.52:536][689]LogMaterial: Missing cached shader map for material Material_009, compiling. 
[2018.01.29-09.12.52:569][689]LogLinker: Can't find file '/Game/Models/silver_trim_metal'
[2018.01.29-09.12.52:569][689]LogLinker: Can't find file '/Game/Models/silver_trim_metal'
[2018.01.29-09.12.52:581][689]LogMaterial: Missing cached shader map for material silver_trim_metal, compiling. 
[2018.01.29-09.12.52:627][689]LogLinker: Can't find file '/Game/Models/Material_005'
[2018.01.29-09.12.52:627][689]LogLinker: Can't find file '/Game/Models/Material_005'
[2018.01.29-09.12.52:647][689]LogMaterial: Missing cached shader map for material Material_005, compiling. 
[2018.01.29-09.12.52:674][689]LogLinker: Can't find file '/Game/Models/wire_rubber'
[2018.01.29-09.12.52:674][689]LogLinker: Can't find file '/Game/Models/wire_rubber'
[2018.01.29-09.12.52:685][689]LogMaterial: Missing cached shader map for material wire_rubber, compiling. 
[2018.01.29-09.12.52:717][689]LogLinker: Can't find file '/Game/Models/Material_007'
[2018.01.29-09.12.52:717][689]LogLinker: Can't find file '/Game/Models/Material_007'
[2018.01.29-09.12.52:736][689]LogMaterial: Missing cached shader map for material Material_007, compiling. 
[2018.01.29-09.12.52:770][689]LogLinker: Can't find file '/Game/Models/object_trim_metal'
[2018.01.29-09.12.52:770][689]LogLinker: Can't find file '/Game/Models/object_trim_metal'
[2018.01.29-09.12.52:787][689]LogMaterial: Missing cached shader map for material object_trim_metal, compiling. 
[2018.01.29-09.12.52:841][689]LogLinker: Can't find file '/Game/Models/red_trim_rubber'
[2018.01.29-09.12.52:841][689]LogLinker: Can't find file '/Game/Models/red_trim_rubber'
[2018.01.29-09.12.52:847][689]LogMaterial: Missing cached shader map for material red_trim_rubber, compiling. 
[2018.01.29-09.12.52:890][689]LogLinker: Can't find file '/Game/Models/None'
[2018.01.29-09.12.52:890][689]LogLinker: Can't find file '/Game/Models/None'
[2018.01.29-09.12.52:906][689]LogMaterial: Missing cached shader map for material Material_0, compiling. 
[2018.01.29-09.12.52:943][689]LogLinker: Can't find file '/Game/Models/Material_025'
[2018.01.29-09.12.52:943][689]LogLinker: Can't find file '/Game/Models/Material_025'
[2018.01.29-09.12.52:960][689]LogMaterial: Missing cached shader map for material Material_025, compiling. 
[2018.01.29-09.12.53:003][689]LogLinker: Can't find file '/Game/Models/Material_027'
[2018.01.29-09.12.53:003][689]LogLinker: Can't find file '/Game/Models/Material_027'
[2018.01.29-09.12.53:021][689]LogMaterial: Missing cached shader map for material Material_027, compiling. 
[2018.01.29-09.12.53:074][689]LogLinker: Can't find file '/Game/Models/Material_034'
[2018.01.29-09.12.53:074][689]LogLinker: Can't find file '/Game/Models/Material_034'
[2018.01.29-09.12.53:079][689]LogMaterial: Missing cached shader map for material Material_034, compiling. 
[2018.01.29-09.12.53:124][689]LogLinker: Can't find file '/Game/Models/Material_006'
[2018.01.29-09.12.53:124][689]LogLinker: Can't find file '/Game/Models/Material_006'
[2018.01.29-09.12.53:138][689]LogMaterial: Missing cached shader map for material Material_006, compiling. 
[2018.01.29-09.12.53:180][689]LogLinker: Can't find file '/Game/Models/Material_033'
[2018.01.29-09.12.53:181][689]LogLinker: Can't find file '/Game/Models/Material_033'
[2018.01.29-09.12.53:201][689]LogMaterial: Missing cached shader map for material Material_033, compiling. 
[2018.01.29-09.12.53:239][689]LogLinker: Can't find file '/Game/Models/Material_030'
[2018.01.29-09.12.53:239][689]LogLinker: Can't find file '/Game/Models/Material_030'
[2018.01.29-09.12.53:253][689]LogMaterial: Missing cached shader map for material Material_030, compiling. 
[2018.01.29-09.12.53:305][689]LogLinker: Can't find file '/Game/Models/Material_043'
[2018.01.29-09.12.53:306][689]LogLinker: Can't find file '/Game/Models/Material_043'
[2018.01.29-09.12.53:312][689]LogMaterial: Missing cached shader map for material Material_043, compiling. 
[2018.01.29-09.12.53:351][689]LogLinker: Can't find file '/Game/Models/Material_044'
[2018.01.29-09.12.53:351][689]LogLinker: Can't find file '/Game/Models/Material_044'
[2018.01.29-09.12.53:371][689]LogMaterial: Missing cached shader map for material Material_044, compiling. 
[2018.01.29-09.12.53:413][689]LogLinker: Can't find file '/Game/Models/Material_045'
[2018.01.29-09.12.53:413][689]LogLinker: Can't find file '/Game/Models/Material_045'
[2018.01.29-09.12.53:430][689]LogMaterial: Missing cached shader map for material Material_045, compiling. 
[2018.01.29-09.12.53:464][689]LogLinker: Can't find file '/Game/Models/Material_036'
[2018.01.29-09.12.53:464][689]LogLinker: Can't find file '/Game/Models/Material_036'
[2018.01.29-09.12.53:482][689]LogMaterial: Missing cached shader map for material Material_036, compiling. 
[2018.01.29-09.12.53:537][689]LogLinker: Can't find file '/Game/Models/Material_038'
[2018.01.29-09.12.53:538][689]LogLinker: Can't find file '/Game/Models/Material_038'
[2018.01.29-09.12.53:545][689]LogMaterial: Missing cached shader map for material Material_038, compiling. 
[2018.01.29-09.12.53:587][689]LogLinker: Can't find file '/Game/Models/Material_039'
[2018.01.29-09.12.53:588][689]LogLinker: Can't find file '/Game/Models/Material_039'
[2018.01.29-09.12.53:605][689]LogMaterial: Missing cached shader map for material Material_039, compiling. 
[2018.01.29-09.12.53:647][689]LogLinker: Can't find file '/Game/Models/Material_016'
[2018.01.29-09.12.53:647][689]LogLinker: Can't find file '/Game/Models/Material_016'
[2018.01.29-09.12.53:666][689]LogMaterial: Missing cached shader map for material Material_016, compiling. 
[2018.01.29-09.12.53:707][689]LogLinker: Can't find file '/Game/Models/Material_023'
[2018.01.29-09.12.53:707][689]LogLinker: Can't find file '/Game/Models/Material_023'
[2018.01.29-09.12.53:725][689]LogMaterial: Missing cached shader map for material Material_023, compiling. 
[2018.01.29-09.12.53:784][689]LogLinker: Can't find file '/Game/Models/Material_024'
[2018.01.29-09.12.53:784][689]LogLinker: Can't find file '/Game/Models/Material_024'
[2018.01.29-09.12.53:789][689]LogMaterial: Missing cached shader map for material Material_024, compiling. 
[2018.01.29-09.12.53:826][689]LogLinker: Can't find file '/Game/Models/Material_035'
[2018.01.29-09.12.53:826][689]LogLinker: Can't find file '/Game/Models/Material_035'
[2018.01.29-09.12.53:845][689]LogMaterial: Missing cached shader map for material Material_035, compiling. 
[2018.01.29-09.12.53:885][689]LogLinker: Can't find file '/Game/Models/Material_026'
[2018.01.29-09.12.53:886][689]LogLinker: Can't find file '/Game/Models/Material_026'
[2018.01.29-09.12.53:900][689]LogMaterial: Missing cached shader map for material Material_026, compiling. 
[2018.01.29-09.12.53:939][689]LogLinker: Can't find file '/Game/Models/Material_014'
[2018.01.29-09.12.53:939][689]LogLinker: Can't find file '/Game/Models/Material_014'
[2018.01.29-09.12.53:952][689]LogMaterial: Missing cached shader map for material Material_014, compiling. 
[2018.01.29-09.12.54:010][689]LogLinker: Can't find file '/Game/Models/Material_015'
[2018.01.29-09.12.54:010][689]LogLinker: Can't find file '/Game/Models/Material_015'
[2018.01.29-09.12.54:016][689]LogMaterial: Missing cached shader map for material Material_015, compiling. 
[2018.01.29-09.12.54:060][689]LogLinker: Can't find file '/Game/Models/camo'
[2018.01.29-09.12.54:060][689]LogLinker: Can't find file '/Game/Models/camo'
[2018.01.29-09.12.54:078][689]LogMaterial: Missing cached shader map for material camo, compiling. 
[2018.01.29-09.12.54:117][689]LogLinker: Can't find file '/Game/Models/Material_017'
[2018.01.29-09.12.54:117][689]LogLinker: Can't find file '/Game/Models/Material_017'
[2018.01.29-09.12.54:134][689]LogMaterial: Missing cached shader map for material Material_017, compiling. 
[2018.01.29-09.12.54:171][689]LogLinker: Can't find file '/Game/Models/Material_018'
[2018.01.29-09.12.54:171][689]LogLinker: Can't find file '/Game/Models/Material_018'
[2018.01.29-09.12.54:189][689]LogMaterial: Missing cached shader map for material Material_018, compiling. 
[2018.01.29-09.12.54:240][689]LogLinker: Can't find file '/Game/Models/Material_019'
[2018.01.29-09.12.54:241][689]LogLinker: Can't find file '/Game/Models/Material_019'
[2018.01.29-09.12.54:247][689]LogMaterial: Missing cached shader map for material Material_019, compiling. 
[2018.01.29-09.12.54:292][689]LogLinker: Can't find file '/Game/Models/Material_020'
[2018.01.29-09.12.54:293][689]LogLinker: Can't find file '/Game/Models/Material_020'
[2018.01.29-09.12.54:310][689]LogMaterial: Missing cached shader map for material Material_020, compiling. 
[2018.01.29-09.12.54:352][689]LogLinker: Can't find file '/Game/Models/Material_021'
[2018.01.29-09.12.54:352][689]LogLinker: Can't find file '/Game/Models/Material_021'
[2018.01.29-09.12.54:369][689]LogMaterial: Missing cached shader map for material Material_021, compiling. 
[2018.01.29-09.12.54:412][689]LogLinker: Can't find file '/Game/Models/Material_022'
[2018.01.29-09.12.54:412][689]LogLinker: Can't find file '/Game/Models/Material_022'
[2018.01.29-09.12.54:425][689]LogMaterial: Missing cached shader map for material Material_022, compiling. 
[2018.01.29-09.12.54:482][689]LogLinker: Can't find file '/Game/Models/camo_001'
[2018.01.29-09.12.54:483][689]LogLinker: Can't find file '/Game/Models/camo_001'
[2018.01.29-09.12.54:488][689]LogMaterial: Missing cached shader map for material camo_001, compiling. 
[2018.01.29-09.12.54:525][689]LogLinker: Can't find file '/Game/Models/cracks'
[2018.01.29-09.12.54:525][689]LogLinker: Can't find file '/Game/Models/cracks'
[2018.01.29-09.12.54:542][689]LogMaterial: Missing cached shader map for material cracks, compiling. 
[2018.01.29-09.12.54:579][689]LogLinker: Can't find file '/Game/Models/Material_012'
[2018.01.29-09.12.54:579][689]LogLinker: Can't find file '/Game/Models/Material_012'
[2018.01.29-09.12.54:594][689]LogMaterial: Missing cached shader map for material Material_012, compiling. 
[2018.01.29-09.12.54:630][689]LogLinker: Can't find file '/Game/Models/Material_010'
[2018.01.29-09.12.54:631][689]LogLinker: Can't find file '/Game/Models/Material_010'
[2018.01.29-09.12.54:652][689]LogMaterial: Missing cached shader map for material Material_010, compiling. 
[2018.01.29-09.12.54:707][689]LogLinker: Can't find file '/Game/Models/Material'
[2018.01.29-09.12.54:708][689]LogLinker: Can't find file '/Game/Models/Material'
[2018.01.29-09.12.54:713][689]LogMaterial: Missing cached shader map for material Material, compiling. 
[2018.01.29-09.12.54:752][689]LogLinker: Can't find file '/Game/Models/Material_001'
[2018.01.29-09.12.54:752][689]LogLinker: Can't find file '/Game/Models/Material_001'
[2018.01.29-09.12.54:772][689]LogMaterial: Missing cached shader map for material Material_001, compiling. 
[2018.01.29-09.12.54:808][689]LogLinker: Can't find file '/Game/Models/Material_002'
[2018.01.29-09.12.54:808][689]LogLinker: Can't find file '/Game/Models/Material_002'
[2018.01.29-09.12.54:824][689]LogMaterial: Missing cached shader map for material Material_002, compiling. 
[2018.01.29-09.12.54:863][689]LogLinker: Can't find file '/Game/Models/Material_004'
[2018.01.29-09.12.54:863][689]LogLinker: Can't find file '/Game/Models/Material_004'
[2018.01.29-09.12.54:882][689]LogMaterial: Missing cached shader map for material Material_004, compiling. 
[2018.01.29-09.12.54:933][689]LogLinker: Can't find file '/Game/Models/Material_011'
[2018.01.29-09.12.54:933][689]LogLinker: Can't find file '/Game/Models/Material_011'
[2018.01.29-09.12.54:938][689]LogMaterial: Missing cached shader map for material Material_011, compiling. 
[2018.01.29-09.12.54:977][689]LogFbx: Warning: Triangulating static mesh default
[2018.01.29-09.12.57:606][689]LogStaticMesh: Building static mesh wires...
[2018.01.29-09.13.44:880][689]LogStaticMesh: Built static mesh [47.27s] /Game/Models/wires.wires
[2018.01.29-09.13.45:612][689]LogStaticMesh: Warning: wires has degenerate tangent bases which will result in incorrect shading.  MikkTSpace relies on tangent bases and may result in mesh corruption, consider disabling this option.
[2018.01.29-09.13.45:612][689]LogStaticMesh: Warning: wires has some nearly zero bi-normals which can create some issues. (Tolerance of 1E-4)
[2018.01.29-09.13.46:357][689]FBXImport: Warning: wires has degenerate tangent bases which will result in incorrect shading.  MikkTSpace relies on tangent bases and may result in mesh corruption, consider disabling this option. 
[2018.01.29-09.13.46:357][689]FBXImport: Warning: wires has some nearly zero bi-normals which can create some issues. (Tolerance of 1E-4) 
[2018.01.29-09.14.14:314][582]LogActorFactory: Actor Factory created wires
[2018.01.29-09.14.14:740][622]LogActorFactory: Actor Factory created wires
[2018.01.29-09.14.16:219][745]LogEditorViewport: Clicking on Actor (double click): StaticMeshActor (Cube484)
[2018.01.29-09.14.17:845][910]LogEditorViewport: Clicking on Actor (LMB): StaticMeshActor (Cube484)
[2018.01.29-09.14.18:271][951]LogEditorViewport: Clicking on Actor (LMB): StaticMeshActor (Cube484)
[2018.01.29-09.14.18:812][  5]LogEditorViewport: Clicking on Actor (LMB): StaticMeshActor (Cube484)
[2018.01.29-09.14.19:187][ 41]LogEditorViewport: Clicking on Actor (LMB): StaticMeshActor (Cube484)
[2018.01.29-09.14.19:578][ 79]LogEditorViewport: Clicking on Actor (double click): StaticMeshActor (wires)
[2018.01.29-09.14.39:074][117]LogEditorViewport: Clicking on Actor (LMB): StaticMeshActor (wires)
[2018.01.29-09.14.52:770][411]Cmd: QUIT_EDITOR
[2018.01.29-09.14.52:795][411]LogExit: Preparing to exit.
[2018.01.29-09.14.53:905][411]LogDirectoryWatcher: A directory notification for 'M:/PS Art/ProjectArachne/ProjectArachne 4.18 - 3/Content/' was aborted.
[2018.01.29-09.14.53:925][411]LogExit: Editor shut down
[2018.01.29-09.14.53:927][411]LogExit: Transaction tracking system shut down
[2018.01.29-09.14.54:076][411]LogDirectoryWatcher: A directory notification for '../../../Engine/Content/' was aborted.
[2018.01.29-09.14.54:076][411]LogDirectoryWatcher: A directory notification for '../../../../../../PS Art/ProjectArachne/ProjectArachne 4.18 - 3/Content/' was aborted.
[2018.01.29-09.14.54:076][411]LogDirectoryWatcher: A directory notification for '../../../Engine/Plugins/2D/Paper2D/Content/' was aborted.
[2018.01.29-09.14.54:076][411]LogDirectoryWatcher: A directory notification for '../../../Engine/Plugins/Media/MediaCompositing/Content/' was aborted.
[2018.01.29-09.14.54:077][411]LogDirectoryWatcher: A directory notification for '../../../Engine/Plugins/Runtime/AppleARKit/Content/' was aborted.
[2018.01.29-09.14.54:077][411]LogDirectoryWatcher: A directory notification for '../../../Engine/Plugins/Runtime/Oculus/OculusVR/Content/' was aborted.
[2018.01.29-09.14.54:077][411]LogDirectoryWatcher: A directory notification for '../../../Engine/Plugins/Runtime/Steam/SteamVR/Content/' was aborted.
[2018.01.29-09.14.54:119][411]LogExit: Object subsystem successfully closed.
[2018.01.29-09.14.54:137][411]LogD3D11RHI: Shutdown
[2018.01.29-09.14.54:137][411]LogD3D11RHI: CleanupD3DDevice
[2018.01.29-09.14.54:139][411]LogD3D11RHI: ~FD3D11DynamicRHI
[2018.01.29-09.14.54:147][411]LogModuleManager: Shutting down and abandoning module HierarchicalLODOutliner (552)
[2018.01.29-09.14.54:147][411]LogModuleManager: Shutting down and abandoning module DesktopPlatform (550)
[2018.01.29-09.14.54:147][411]LogModuleManager: Shutting down and abandoning module SceneOutliner (548)
[2018.01.29-09.14.54:147][411]LogModuleManager: Shutting down and abandoning module AddContentDialog (546)
[2018.01.29-09.14.54:147][411]LogDirectoryWatcher: A directory notification for 'M:/New programs/New folder/UE_4.18/FeaturePacks/' was aborted.
[2018.01.29-09.14.54:149][411]LogModuleManager: Shutting down and abandoning module WidgetCarousel (545)
[2018.01.29-09.14.54:149][411]LogModuleManager: Shutting down and abandoning module EditorWidgets (542)
[2018.01.29-09.14.54:149][411]LogModuleManager: Shutting down and abandoning module CollectionManager (540)
[2018.01.29-09.14.54:149][411]LogDirectoryWatcher: A directory notification for 'M:/PS Art/ProjectArachne/ProjectArachne 4.18 - 3/Content/Collections/' was aborted.
[2018.01.29-09.14.54:149][411]LogDirectoryWatcher: A directory notification for 'M:/PS Art/ProjectArachne/ProjectArachne 4.18 - 3/Content/Developers/Majed/Collections/' was aborted.
[2018.01.29-09.14.54:149][411]LogDirectoryWatcher: A directory notification for 'M:/PS Art/ProjectArachne/ProjectArachne 4.18 - 3/Saved/Collections/' was aborted.
[2018.01.29-09.14.54:149][411]LogModuleManager: Shutting down and abandoning module HierarchicalLODUtilities (538)
[2018.01.29-09.14.54:149][411]LogModuleManager: Shutting down and abandoning module StatsViewer (536)
[2018.01.29-09.14.54:149][411]LogModuleManager: Shutting down and abandoning module FoliageEdit (534)
[2018.01.29-09.14.54:149][411]LogModuleManager: Shutting down and abandoning module LandscapeEditor (532)
[2018.01.29-09.14.54:149][411]LogModuleManager: Shutting down and abandoning module MeshPaintMode (530)
[2018.01.29-09.14.54:149][411]LogModuleManager: Shutting down and abandoning module SceneDepthPickerMode (528)
[2018.01.29-09.14.54:149][411]LogModuleManager: Shutting down and abandoning module ActorPickerMode (526)
[2018.01.29-09.14.54:149][411]LogModuleManager: Shutting down and abandoning module GeometryMode (524)
[2018.01.29-09.14.54:149][411]LogModuleManager: Shutting down and abandoning module TextureAlignMode (522)
[2018.01.29-09.14.54:149][411]LogModuleManager: Shutting down and abandoning module BspMode (520)
[2018.01.29-09.14.54:149][411]LogModuleManager: Shutting down and abandoning module PIEPreviewDeviceProfileSelector (518)
[2018.01.29-09.14.54:149][411]LogModuleManager: Shutting down and abandoning module HardwareSurvey (516)
[2018.01.29-09.14.54:149][411]LogModuleManager: Shutting down and abandoning module SequenceRecorderSections (514)
[2018.01.29-09.14.54:149][411]LogModuleManager: Shutting down and abandoning module AutomationWorker (512)
[2018.01.29-09.14.54:149][411]LogModuleManager: Shutting down and abandoning module MatineeToLevelSequence (510)
[2018.01.29-09.14.54:149][411]LogModuleManager: Shutting down and abandoning module LevelSequenceEditor (508)
[2018.01.29-09.14.54:150][411]LogModuleManager: Shutting down and abandoning module PlacementMode (507)
[2018.01.29-09.14.54:150][411]LogModuleManager: Shutting down and abandoning module WmfMediaFactory (504)
[2018.01.29-09.14.54:150][411]LogModuleManager: Shutting down and abandoning module WmfMediaEditor (502)
[2018.01.29-09.14.54:150][411]LogModuleManager: Shutting down and abandoning module OpenExrWrapper (500)
[2018.01.29-09.14.54:150][411]LogModuleManager: Shutting down and abandoning module ImgMediaFactory (498)
[2018.01.29-09.14.54:150][411]LogModuleManager: Shutting down and abandoning module ImgMediaEditor (496)
[2018.01.29-09.14.54:150][411]LogModuleManager: Shutting down and abandoning module AvfMediaFactory (494)
[2018.01.29-09.14.54:150][411]LogModuleManager: Shutting down and abandoning module AvfMediaEditor (492)
[2018.01.29-09.14.54:150][411]LogModuleManager: Shutting down and abandoning module AndroidMediaFactory (490)
[2018.01.29-09.14.54:150][411]LogModuleManager: Shutting down and abandoning module AndroidMediaEditor (488)
[2018.01.29-09.14.54:150][411]LogModuleManager: Shutting down and abandoning module CharacterAI (486)
[2018.01.29-09.14.54:150][411]LogModuleManager: Shutting down and abandoning module AudioCapture (484)
[2018.01.29-09.14.54:150][411]LogModuleManager: Shutting down and abandoning module SequenceRecorder (483)
[2018.01.29-09.14.54:150][411]LogModuleManager: Shutting down and abandoning module SmartSnapping (480)
[2018.01.29-09.14.54:150][411]LogModuleManager: Shutting down and abandoning module SessionServices (478)
[2018.01.29-09.14.54:150][411]LogModuleManager: Shutting down and abandoning module ViewportSnapping (476)
[2018.01.29-09.14.54:150][411]LogModuleManager: Shutting down and abandoning module ViewportInteraction (474)
[2018.01.29-09.14.54:150][411]LogModuleManager: Shutting down and abandoning module ClothPainter (472)
[2018.01.29-09.14.54:150][411]LogModuleManager: Shutting down and abandoning module SkeletalMeshEditor (471)
[2018.01.29-09.14.54:150][411]LogModuleManager: Shutting down and abandoning module LogVisualizer (468)
[2018.01.29-09.14.54:150][411]LogModuleManager: Shutting down and abandoning module IntroTutorials (466)
[2018.01.29-09.14.54:150][411]LogModuleManager: Shutting down and abandoning module GameProjectGeneration (465)
[2018.01.29-09.14.54:150][411]LogModuleManager: Shutting down and abandoning module IOSPlatformEditor (462)
[2018.01.29-09.14.54:150][411]LogModuleManager: Shutting down and abandoning module HTML5PlatformEditor (460)
[2018.01.29-09.14.54:150][411]LogModuleManager: Shutting down and abandoning module AndroidPlatformEditor (458)
[2018.01.29-09.14.54:150][411]LogModuleManager: Shutting down and abandoning module AndroidDeviceDetection (457)
[2018.01.29-09.14.55:099][411]LogModuleManager: Shutting down and abandoning module WindowsPlatformEditor (454)
[2018.01.29-09.14.55:099][411]LogModuleManager: Shutting down and abandoning module IOSRuntimeSettings (452)
[2018.01.29-09.14.55:099][411]LogModuleManager: Shutting down and abandoning module AndroidRuntimeSettings (450)
[2018.01.29-09.14.55:099][411]LogModuleManager: Shutting down and abandoning module InputBindingEditor (448)
[2018.01.29-09.14.55:099][411]LogModuleManager: Shutting down and abandoning module MergeActors (446)
[2018.01.29-09.14.55:099][411]LogModuleManager: Shutting down and abandoning module SizeMap (444)
[2018.01.29-09.14.55:099][411]LogModuleManager: Shutting down and abandoning module TreeMap (442)
[2018.01.29-09.14.55:099][411]LogModuleManager: Shutting down and abandoning module ReferenceViewer (440)
[2018.01.29-09.14.55:099][411]LogModuleManager: Shutting down and abandoning module LocalizationDashboard (438)
[2018.01.29-09.14.55:099][411]LogModuleManager: Shutting down and abandoning module LocalizationService (437)
[2018.01.29-09.14.55:099][411]LogModuleManager: Shutting down and abandoning module HardwareTargeting (434)
[2018.01.29-09.14.55:099][411]LogModuleManager: Shutting down and abandoning module DeviceProfileEditor (432)
[2018.01.29-09.14.55:099][411]LogModuleManager: Shutting down and abandoning module UndoHistory (430)
[2018.01.29-09.14.55:099][411]LogModuleManager: Shutting down and abandoning module XmlParser (428)
[2018.01.29-09.14.55:099][411]LogModuleManager: Shutting down and abandoning module Blutility (426)
[2018.01.29-09.14.55:100][411]LogModuleManager: Shutting down and abandoning module ProjectSettingsViewer (424)
[2018.01.29-09.14.55:100][411]LogModuleManager: Shutting down and abandoning module ProjectTargetPlatformEditor (423)
[2018.01.29-09.14.55:100][411]LogModuleManager: Shutting down and abandoning module EditorSettingsViewer (420)
[2018.01.29-09.14.55:100][411]LogModuleManager: Shutting down and abandoning module SettingsEditor (418)
[2018.01.29-09.14.55:100][411]LogModuleManager: Shutting down and abandoning module ProjectLauncher (416)
[2018.01.29-09.14.55:100][411]LogModuleManager: Shutting down and abandoning module SessionFrontend (414)
[2018.01.29-09.14.55:100][411]LogModuleManager: Shutting down and abandoning module ProfilerClient (412)
[2018.01.29-09.14.55:100][411]LogModuleManager: Shutting down and abandoning module DeviceManager (410)
[2018.01.29-09.14.55:100][411]LogModuleManager: Shutting down and abandoning module TargetDeviceServices (409)
[2018.01.29-09.14.55:150][411]LogModuleManager: Shutting down and abandoning module AutomationController (406)
[2018.01.29-09.14.55:150][411]LogModuleManager: Shutting down and abandoning module AutomationWindow (404)
[2018.01.29-09.14.55:150][411]LogModuleManager: Shutting down and abandoning module Layers (402)
[2018.01.29-09.14.55:150][411]LogModuleManager: Shutting down and abandoning module ComponentVisualizers (400)
[2018.01.29-09.14.55:150][411]LogModuleManager: Shutting down and abandoning module DetailCustomizations (398)
[2018.01.29-09.14.55:150][411]LogModuleManager: Shutting down and abandoning module PackagesDialog (396)
[2018.01.29-09.14.55:151][411]LogModuleManager: Shutting down and abandoning module Persona (394)
[2018.01.29-09.14.55:151][411]LogModuleManager: Shutting down and abandoning module AdvancedPreviewScene (393)
[2018.01.29-09.14.55:151][411]LogModuleManager: Shutting down and abandoning module AnimGraph (391)
[2018.01.29-09.14.55:151][411]LogModuleManager: Shutting down and abandoning module Kismet (388)
[2018.01.29-09.14.55:152][411]LogModuleManager: Shutting down and abandoning module ClassViewer (386)
[2018.01.29-09.14.55:152][411]LogModuleManager: Shutting down and abandoning module Toolbox (384)
[2018.01.29-09.14.55:152][411]LogModuleManager: Shutting down and abandoning module ModuleUI (382)
[2018.01.29-09.14.55:152][411]LogModuleManager: Shutting down and abandoning module MovieSceneTools (380)
[2018.01.29-09.14.55:152][411]LogModuleManager: Shutting down and abandoning module OutputLog (378)
[2018.01.29-09.14.55:152][411]LogModuleManager: Shutting down and abandoning module GammaUI (376)
[2018.01.29-09.14.55:152][411]LogModuleManager: Shutting down and abandoning module Documentation (374)
[2018.01.29-09.14.55:152][411]LogModuleManager: Shutting down and abandoning module MovieSceneTracks (372)
[2018.01.29-09.14.55:152][411]LogModuleManager: Shutting down and abandoning module MovieScene (370)
[2018.01.29-09.14.55:152][411]LogModuleManager: Shutting down and abandoning module StreamingPauseRendering (368)
[2018.01.29-09.14.55:152][411]LogModuleManager: Shutting down and abandoning module LauncherPlatform (366)
[2018.01.29-09.14.55:152][411]LogModuleManager: Shutting down and abandoning module AnalyticsET (364)
[2018.01.29-09.14.55:152][411]LogModuleManager: Shutting down and abandoning module PortalServices (362)
[2018.01.29-09.14.55:152][411]LogModuleManager: Shutting down and abandoning module PortalRpc (360)
[2018.01.29-09.14.55:152][411]LogModuleManager: Shutting down and abandoning module MessagingRpc (358)
[2018.01.29-09.14.55:152][411]LogModuleManager: Shutting down and abandoning module AIModule (356)
[2018.01.29-09.14.55:152][411]LogModuleManager: Shutting down and abandoning module GameplayDebugger (355)
[2018.01.29-09.14.55:152][411]LogModuleManager: Shutting down and abandoning module AITestSuite (353)
[2018.01.29-09.14.55:152][411]LogModuleManager: Shutting down and abandoning module ProfilerService (350)
[2018.01.29-09.14.55:175][411]LogModuleManager: Shutting down and abandoning module TaskGraph (348)
[2018.01.29-09.14.55:175][411]LogModuleManager: Shutting down and abandoning module SteamVRController (346)
[2018.01.29-09.14.55:175][411]LogModuleManager: Shutting down and abandoning module ProceduralMeshComponentEditor (344)
[2018.01.29-09.14.55:175][411]LogModuleManager: Shutting down and abandoning module ProceduralMeshComponent (342)
[2018.01.29-09.14.55:175][411]LogModuleManager: Shutting down and abandoning module OculusInput (340)
[2018.01.29-09.14.55:175][411]LogModuleManager: Shutting down and abandoning module MobilePatchingUtils (338)
[2018.01.29-09.14.55:175][411]LogModuleManager: Shutting down and abandoning module CustomMeshComponent (336)
[2018.01.29-09.14.55:175][411]LogModuleManager: Shutting down and abandoning module CableComponent (334)
[2018.01.29-09.14.55:175][411]LogModuleManager: Shutting down and abandoning module ArchVisCharacter (332)
[2018.01.29-09.14.55:175][411]LogModuleManager: Shutting down and abandoning module AndroidPermission (330)
[2018.01.29-09.14.55:175][411]LogModuleManager: Shutting down and abandoning module ActorSequence (326)
[2018.01.29-09.14.55:175][411]LogModuleManager: Shutting down and abandoning module MediaPlayerEditor (324)
[2018.01.29-09.14.55:175][411]LogModuleManager: Shutting down and abandoning module MediaCompositingEditor (322)
[2018.01.29-09.14.55:175][411]LogModuleManager: Shutting down and abandoning module MediaCompositing (320)
[2018.01.29-09.14.55:175][411]LogModuleManager: Shutting down and abandoning module HTML5Networking (318)
[2018.01.29-09.14.55:176][411]LogModuleManager: Shutting down and abandoning module AlembicImporter (316)
[2018.01.29-09.14.55:176][411]LogModuleManager: Shutting down and abandoning module AlembicLibrary (315)
[2018.01.29-09.14.55:176][411]LogModuleManager: Shutting down and abandoning module GeometryCache (314)
[2018.01.29-09.14.55:176][411]LogModuleManager: Shutting down and abandoning module GeometryCacheEd (313)
[2018.01.29-09.14.55:176][411]LogModuleManager: Shutting down and abandoning module SpeedTreeImporter (308)
[2018.01.29-09.14.55:176][411]LogModuleManager: Shutting down and abandoning module PluginBrowser (306)
[2018.01.29-09.14.55:176][411]LogModuleManager: Shutting down and abandoning module MobileLauncherProfileWizard (304)
[2018.01.29-09.14.55:176][411]LogModuleManager: Shutting down and abandoning module VisualStudioSourceCodeAccess (302)
[2018.01.29-09.14.55:176][411]LogModuleManager: Shutting down and abandoning module VisualStudioCodeSourceCodeAccess (300)
[2018.01.29-09.14.55:176][411]LogModuleManager: Shutting down and abandoning module UObjectPlugin (298)
[2018.01.29-09.14.55:176][411]LogModuleManager: Shutting down and abandoning module SubversionSourceControl (296)
[2018.01.29-09.14.55:176][411]LogModuleManager: Shutting down and abandoning module PerforceSourceControl (294)
[2018.01.29-09.14.55:176][411]LogModuleManager: Shutting down and abandoning module GitSourceControl (292)
[2018.01.29-09.14.55:176][411]LogModuleManager: Shutting down and abandoning module SourceControl (291)
[2018.01.29-09.14.55:176][411]LogModuleManager: Shutting down and abandoning module LightPropagationVolumeEditor (288)
[2018.01.29-09.14.55:176][411]LogModuleManager: Shutting down and abandoning module PaperTiledImporter (286)
[2018.01.29-09.14.55:176][411]LogModuleManager: Shutting down and abandoning module PaperSpriteSheetImporter (284)
[2018.01.29-09.14.55:176][411]LogModuleManager: Shutting down and abandoning module Paper2DEditor (282)
[2018.01.29-09.14.55:176][411]LogModuleManager: Shutting down and abandoning module MeshPaint (281)
[2018.01.29-09.14.55:176][411]LogModuleManager: Shutting down and abandoning module LevelEditor (279)
[2018.01.29-09.14.55:177][411]LogModuleManager: Shutting down and abandoning module PixelInspectorModule (278)
[2018.01.29-09.14.55:177][411]LogModuleManager: Shutting down and abandoning module MainFrame (276)
[2018.01.29-09.14.55:177][411]LogModuleManager: Shutting down and abandoning module HotReload (275)
[2018.01.29-09.14.55:177][411]LogDirectoryWatcher: A directory notification for 'M:/PS Art/ProjectArachne/ProjectArachne 4.18 - 3/Binaries/Win64' was aborted.
[2018.01.29-09.14.55:178][411]LogModuleManager: Shutting down and abandoning module ProjectArachne (270)
[2018.01.29-09.14.55:178][411]LogModuleManager: Shutting down and abandoning module RuntimePhysXCooking (268)
[2018.01.29-09.14.55:178][411]LogModuleManager: Shutting down and abandoning module PhysXVehiclesEditor (266)
[2018.01.29-09.14.55:178][411]LogModuleManager: Shutting down and abandoning module PhysXVehicles (264)
[2018.01.29-09.14.55:178][411]LogModuleManager: Shutting down and abandoning module OculusEditor (262)
[2018.01.29-09.14.55:178][411]LogModuleManager: Shutting down and abandoning module LocationServicesBPLibrary (260)
[2018.01.29-09.14.55:178][411]LogModuleManager: Shutting down and abandoning module ImmediatePhysicsEditor (258)
[2018.01.29-09.14.55:178][411]LogModuleManager: Shutting down and abandoning module ImmediatePhysics (256)
[2018.01.29-09.14.55:178][411]LogModuleManager: Shutting down and abandoning module UdpMessaging (254)
[2018.01.29-09.14.55:278][411]LogModuleManager: Shutting down and abandoning module TcpMessaging (252)
[2018.01.29-09.14.55:378][411]LogModuleManager: Shutting down and abandoning module GameplayTagsEditor (250)
[2018.01.29-09.14.55:378][411]LogModuleManager: Shutting down and abandoning module FacialAnimationEditor (248)
[2018.01.29-09.14.55:378][411]LogModuleManager: Shutting down and abandoning module FacialAnimation (246)
[2018.01.29-09.14.55:378][411]LogModuleManager: Shutting down and abandoning module AssetManagerEditor (244)
[2018.01.29-09.14.55:378][411]LogModuleManager: Shutting down and abandoning module GraphEditor (243)
[2018.01.29-09.14.55:378][411]LogModuleManager: Shutting down and abandoning module ContentBrowser (241)
[2018.01.29-09.14.55:379][411]LogModuleManager: Shutting down and abandoning module LightPropagationVolumeRuntime (238)
[2018.01.29-09.14.55:379][411]LogModuleManager: Shutting down and abandoning module Paper2D (236)
[2018.01.29-09.14.55:379][411]LogModuleManager: Shutting down and abandoning module WindowsMoviePlayer (234)
[2018.01.29-09.14.55:379][411]LogModuleManager: Shutting down and abandoning module WmfMedia (232)
[2018.01.29-09.14.55:379][411]LogModuleManager: Shutting down and abandoning module ImgMedia (230)
[2018.01.29-09.14.55:379][411]LogModuleManager: Shutting down and abandoning module PacketHandler (228)
[2018.01.29-09.14.55:379][411]LogModuleManager: Shutting down and abandoning module ClothingSystemEditor (226)
[2018.01.29-09.14.55:379][411]LogModuleManager: Shutting down and abandoning module ClothingSystemRuntime (224)
[2018.01.29-09.14.55:380][411]LogModuleManager: Shutting down and abandoning module MediaAssets (222)
[2018.01.29-09.14.55:380][411]LogModuleManager: Shutting down and abandoning module Media (221)
[2018.01.29-09.14.55:385][411]LogModuleManager: Shutting down and abandoning module Overlay (218)
[2018.01.29-09.14.55:385][411]LogModuleManager: Shutting down and abandoning module OverlayEditor (217)
[2018.01.29-09.14.55:385][411]LogModuleManager: Shutting down and abandoning module VREditor (214)
[2018.01.29-09.14.55:385][411]LogModuleManager: Shutting down and abandoning module StringTableEditor (212)
[2018.01.29-09.14.55:385][411]LogModuleManager: Shutting down and abandoning module GameplayTasksEditor (210)
[2018.01.29-09.14.55:385][411]LogModuleManager: Shutting down and abandoning module BehaviorTreeEditor (208)
[2018.01.29-09.14.55:385][411]LogModuleManager: Shutting down and abandoning module FunctionalTesting (206)
[2018.01.29-09.14.55:385][411]LogModuleManager: Shutting down and abandoning module CollisionAnalyzer (204)
[2018.01.29-09.14.55:385][411]LogModuleManager: Shutting down and abandoning module WorkspaceMenuStructure (203)
[2018.01.29-09.14.55:385][411]LogModuleManager: Shutting down and abandoning module UMG (200)
[2018.01.29-09.14.55:385][411]LogModuleManager: Shutting down and abandoning module UMGEditor (199)
[2018.01.29-09.14.55:385][411]LogModuleManager: Shutting down and abandoning module Sequencer (198)
[2018.01.29-09.14.55:385][411]LogModuleManager: Shutting down and abandoning module MessageLog (195)
[2018.01.29-09.14.55:385][411]LogModuleManager: Shutting down and abandoning module SlateReflector (190)
[2018.01.29-09.14.55:385][411]LogModuleManager: Shutting down and abandoning module Slate (188)
[2018.01.29-09.14.55:385][411]LogModuleManager: Shutting down and abandoning module EditorStyle (186)
[2018.01.29-09.14.55:387][411]LogModuleManager: Shutting down and abandoning module MRMesh (184)
[2018.01.29-09.14.55:387][411]LogModuleManager: Shutting down and abandoning module SourceCodeAccess (182)
[2018.01.29-09.14.55:387][411]LogModuleManager: Shutting down and abandoning module HeadMountedDisplay (180)
[2018.01.29-09.14.55:387][411]LogModuleManager: Shutting down and abandoning module XAudio2 (178)
[2018.01.29-09.14.55:387][411]LogModuleManager: Shutting down and abandoning module Networking (176)
[2018.01.29-09.14.55:387][411]LogModuleManager: Shutting down and abandoning module Core (172)
[2018.01.29-09.14.55:387][411]LogModuleManager: Shutting down and abandoning module LevelSequence (168)
[2018.01.29-09.14.55:387][411]LogModuleManager: Shutting down and abandoning module DirectoryWatcher (166)
[2018.01.29-09.14.55:387][411]LogModuleManager: Shutting down and abandoning module KismetCompiler (164)
[2018.01.29-09.14.55:387][411]LogModuleManager: Shutting down and abandoning module MeshUtilities (162)
[2018.01.29-09.14.55:387][411]LogModuleManager: Shutting down and abandoning module MeshMergeUtilities (161)
[2018.01.29-09.14.55:388][411]LogModuleManager: Shutting down and abandoning module MeshReductionInterface (160)
[2018.01.29-09.14.55:388][411]LogModuleManager: Shutting down and abandoning module SimplygonSwarm (159)
[2018.01.29-09.14.55:388][411]LogModuleManager: Shutting down and abandoning module SimplygonMeshReduction (157)
[2018.01.29-09.14.55:388][411]LogModuleManager: Shutting down and abandoning module QuadricMeshReduction (155)
[2018.01.29-09.14.55:388][411]LogModuleManager: Shutting down and abandoning module MaterialBaking (151)
[2018.01.29-09.14.55:388][411]LogModuleManager: Shutting down and abandoning module DerivedDataCache (148)
[2018.01.29-09.14.55:448][411]LogDerivedDataCache: Shutdown
[2018.01.29-09.14.55:448][411]LogModuleManager: Shutting down and abandoning module TargetPlatform (146)
[2018.01.29-09.14.55:448][411]LogModuleManager: Shutting down and abandoning module VulkanShaderFormat (145)
[2018.01.29-09.14.55:448][411]LogModuleManager: Shutting down and abandoning module ShaderFormatVectorVM (143)
[2018.01.29-09.14.55:448][411]LogModuleManager: Shutting down and abandoning module ShaderFormatOpenGL (141)
[2018.01.29-09.14.55:448][411]LogModuleManager: Shutting down and abandoning module ShaderFormatD3D (139)
[2018.01.29-09.14.55:448][411]LogModuleManager: Shutting down and abandoning module MetalShaderFormat (137)
[2018.01.29-09.14.55:448][411]LogModuleManager: Shutting down and abandoning module TextureFormatUncompressed (135)
[2018.01.29-09.14.55:448][411]LogModuleManager: Shutting down and abandoning module TextureFormatPVR (133)
[2018.01.29-09.14.55:448][411]LogModuleManager: Shutting down and abandoning module TextureFormatDXT (131)
[2018.01.29-09.14.55:448][411]LogModuleManager: Shutting down and abandoning module TextureFormatIntelISPCTexComp (129)
[2018.01.29-09.14.55:448][411]LogModuleManager: Shutting down and abandoning module TextureFormatASTC (127)
[2018.01.29-09.14.55:448][411]LogModuleManager: Shutting down and abandoning module ImageWrapper (126)
[2018.01.29-09.14.55:448][411]LogModuleManager: Shutting down and abandoning module TextureFormatAndroid (123)
[2018.01.29-09.14.55:448][411]LogModuleManager: Shutting down and abandoning module AudioFormatOpus (121)
[2018.01.29-09.14.55:448][411]LogModuleManager: Shutting down and abandoning module AudioFormatOgg (119)
[2018.01.29-09.14.55:449][411]LogModuleManager: Shutting down and abandoning module AudioFormatADPCM (117)
[2018.01.29-09.14.55:449][411]LogModuleManager: Shutting down and abandoning module LinuxTargetPlatform (115)
[2018.01.29-09.14.55:449][411]LogModuleManager: Shutting down and abandoning module LinuxServerTargetPlatform (113)
[2018.01.29-09.14.55:449][411]LogModuleManager: Shutting down and abandoning module LinuxNoEditorTargetPlatform (111)
[2018.01.29-09.14.55:449][411]LogModuleManager: Shutting down and abandoning module LinuxClientTargetPlatform (109)
[2018.01.29-09.14.55:449][411]LogModuleManager: Shutting down and abandoning module TVOSTargetPlatform (107)
[2018.01.29-09.14.55:449][411]LogModuleManager: Shutting down and abandoning module Messaging (105)
[2018.01.29-09.14.55:449][411]LogModuleManager: Shutting down and abandoning module IOSTargetPlatform (103)
[2018.01.29-09.14.55:449][411]LogModuleManager: Shutting down and abandoning module HTML5TargetPlatform (101)
[2018.01.29-09.14.55:449][411]LogModuleManager: Shutting down and abandoning module AndroidTargetPlatform (99)
[2018.01.29-09.14.55:449][411]LogModuleManager: Shutting down and abandoning module Android_PVRTCTargetPlatform (97)
[2018.01.29-09.14.55:449][411]LogModuleManager: Shutting down and abandoning module Android_MultiTargetPlatform (95)
[2018.01.29-09.14.55:449][411]LogModuleManager: Shutting down and abandoning module Android_ETC2TargetPlatform (93)
[2018.01.29-09.14.55:449][411]LogModuleManager: Shutting down and abandoning module Android_ETC1TargetPlatform (91)
[2018.01.29-09.14.55:449][411]LogModuleManager: Shutting down and abandoning module Android_DXTTargetPlatform (89)
[2018.01.29-09.14.55:449][411]LogModuleManager: Shutting down and abandoning module Android_ATCTargetPlatform (87)
[2018.01.29-09.14.55:449][411]LogModuleManager: Shutting down and abandoning module Android_ASTCTargetPlatform (85)
[2018.01.29-09.14.55:449][411]LogModuleManager: Shutting down and abandoning module WindowsTargetPlatform (83)
[2018.01.29-09.14.55:449][411]LogModuleManager: Shutting down and abandoning module WindowsServerTargetPlatform (81)
[2018.01.29-09.14.55:449][411]LogModuleManager: Shutting down and abandoning module WindowsNoEditorTargetPlatform (79)
[2018.01.29-09.14.55:449][411]LogModuleManager: Shutting down and abandoning module WindowsClientTargetPlatform (77)
[2018.01.29-09.14.55:449][411]LogModuleManager: Shutting down and abandoning module MacTargetPlatform (75)
[2018.01.29-09.14.55:449][411]LogModuleManager: Shutting down and abandoning module MacServerTargetPlatform (73)
[2018.01.29-09.14.55:449][411]LogModuleManager: Shutting down and abandoning module MacNoEditorTargetPlatform (71)
[2018.01.29-09.14.55:449][411]LogModuleManager: Shutting down and abandoning module MacClientTargetPlatform (69)
[2018.01.29-09.14.55:449][411]LogModuleManager: Shutting down and abandoning module AllDesktopTargetPlatform (67)
[2018.01.29-09.14.55:449][411]LogModuleManager: Shutting down and abandoning module InputCore (64)
[2018.01.29-09.14.55:449][411]LogModuleManager: Shutting down and abandoning module Settings (62)
[2018.01.29-09.14.55:449][411]LogModuleManager: Shutting down and abandoning module PhysXCooking (60)
[2018.01.29-09.14.55:449][411]LogModuleManager: Shutting down and abandoning module SteamVR (58)
[2018.01.29-09.14.55:449][411]LogModuleManager: Shutting down and abandoning module OculusHMD (56)
[2018.01.29-09.14.55:449][411]LogModuleManager: Shutting down and abandoning module ExampleDeviceProfileSelector (54)
[2018.01.29-09.14.55:449][411]LogModuleManager: Shutting down and abandoning module AppleARKit (52)
[2018.01.29-09.14.55:449][411]LogModuleManager: Shutting down and abandoning module AugmentedReality (51)
[2018.01.29-09.14.55:449][411]LogModuleManager: Shutting down and abandoning module OnlineBlueprintSupport (48)
[2018.01.29-09.14.55:449][411]LogModuleManager: Shutting down and abandoning module OnlineSubsystem (44)
[2018.01.29-09.14.55:449][411]LogModuleManager: Shutting down and abandoning module XMPP (43)
[2018.01.29-09.14.55:449][411]LogModuleManager: Shutting down and abandoning module HTTP (41)
[2018.01.29-09.14.55:449][411]LogHttp: Display: Http module shutting down, but needs to wait on 1 outstanding Http requests:
[2018.01.29-09.14.55:449][411]LogHttp: Display: 	verb=[POST] url=[https://datarouter.ol.epicgames.com/datarouter/api/v1/public/data?SessionID=%7B5506D653-49FD-0208-84A5-F4B7A784B020%7D&AppID=UEEditor.Rocket.Release&AppVersion=4.18.3-3832480%2B%2B%2BUE4%2BRelease-4.18&UserID=b812bac24f0e4f77ca8e11add164fc38%7C1b369bfa75be4150a68487defe7c8d96%7C8d4f9b3d-3dff-4f69-8630-cbb5bbefa292&AppEnvironment=datacollector-binary&UploadType=eteventstream] status=Processing
[2018.01.29-09.14.55:481][411]LogModuleManager: Shutting down and abandoning module SSL (40)
[2018.01.29-09.14.55:482][411]LogModuleManager: Shutting down and abandoning module AnimationModifiers (36)
[2018.01.29-09.14.55:482][411]LogModuleManager: Shutting down and abandoning module PropertyEditor (35)
[2018.01.29-09.14.55:482][411]LogModuleManager: Shutting down and abandoning module AudioEditor (32)
[2018.01.29-09.14.55:482][411]LogModuleManager: Shutting down and abandoning module TextureCompressor (30)
[2018.01.29-09.14.55:482][411]LogModuleManager: Shutting down and abandoning module ShaderCore (28)
[2018.01.29-09.14.55:482][411]LogModuleManager: Shutting down and abandoning module Landscape (26)
[2018.01.29-09.14.55:482][411]LogModuleManager: Shutting down and abandoning module SlateRHIRenderer (24)
[2018.01.29-09.14.55:483][411]LogModuleManager: Shutting down and abandoning module OpenGLDrv (22)
[2018.01.29-09.14.55:483][411]LogModuleManager: Shutting down and abandoning module D3D11RHI (20)
[2018.01.29-09.14.55:483][411]LogModuleManager: Shutting down and abandoning module AnimGraphRuntime (18)
[2018.01.29-09.14.55:483][411]LogModuleManager: Shutting down and abandoning module Renderer (16)
[2018.01.29-09.14.55:483][411]LogModuleManager: Shutting down and abandoning module Engine (14)
[2018.01.29-09.14.55:483][411]LogModuleManager: Shutting down and abandoning module CoreUObject (12)
[2018.01.29-09.14.55:483][411]LogModuleManager: Shutting down and abandoning module NetworkFile (10)
[2018.01.29-09.14.55:483][411]LogModuleManager: Shutting down and abandoning module CookedIterativeFile (8)
[2018.01.29-09.14.55:483][411]LogModuleManager: Shutting down and abandoning module StreamingFile (6)
[2018.01.29-09.14.55:483][411]LogModuleManager: Shutting down and abandoning module SandboxFile (4)
[2018.01.29-09.14.55:483][411]LogModuleManager: Shutting down and abandoning module PakFile (2)
[2018.01.29-09.14.55:486][411]LogExit: Exiting.
[2018.01.29-09.14.55:495][411]Log file closed, 01/29/18 01:14:55
