Log file open, 01/29/18 01:03:26
LogWindows: Failed to load 'aqProf.dll' (GetLastError=126)
LogWindows: File 'aqProf.dll' does not exist
LogWindows: Failed to load 'VtuneApi.dll' (GetLastError=126)
LogWindows: File 'VtuneApi.dll' does not exist
LogWindows: Failed to load 'VtuneApi32e.dll' (GetLastError=126)
LogWindows: File 'VtuneApi32e.dll' does not exist
LogInit: Display: Running engine for game: ProjectArachne
LogPlatformFile: Not using cached read wrapper
LogInit: Display: RandInit(578471988) SRandInit(578471988).
LogInit: Read version file with build ID '3709383'
LogInit: Overriding engine version to CL 3832480, compatible CL 3709383
LogInit: Registered custom module enumerator with build ID '3709383'
LogTaskGraph: Started task graph with 5 named threads and 14 total threads with 3 sets of task threads.
LogStats: Stats thread started at 0.163474
LogD3D11RHI: Aftermath initialized
LogPluginManager: Mounting plugin Paper2D
LogPluginManager: Mounting plugin LightPropagationVolume
LogPluginManager: Mounting plugin CodeLiteSourceCodeAccess
LogPluginManager: Mounting plugin GitSourceControl
LogPluginManager: Mounting plugin KDevelopSourceCodeAccess
LogPluginManager: Mounting plugin NullSourceCodeAccess
LogPluginManager: Mounting plugin PerforceSourceControl
LogPluginManager: Mounting plugin SubversionSourceControl
LogPluginManager: Mounting plugin UObjectPlugin
LogPluginManager: Mounting plugin VisualStudioCodeSourceCodeAccess
LogPluginManager: Mounting plugin VisualStudioSourceCodeAccess
LogPluginManager: Mounting plugin XCodeSourceCodeAccess
LogPluginManager: Mounting plugin AssetManagerEditor
LogPluginManager: Mounting plugin AudioCapture
LogPluginManager: Mounting plugin FacialAnimation
LogPluginManager: Mounting plugin GameplayTagsEditor
LogPluginManager: Mounting plugin MobileLauncherProfileWizard
LogPluginManager: Mounting plugin PluginBrowser
LogPluginManager: Mounting plugin SpeedTreeImporter
LogPluginManager: Mounting plugin AlembicImporter
LogPluginManager: Mounting plugin CharacterAI
LogPluginManager: Mounting plugin HTML5Networking
LogPluginManager: Mounting plugin AndroidMedia
LogPluginManager: Mounting plugin AvfMedia
LogPluginManager: Mounting plugin ImgMedia
LogPluginManager: Mounting plugin MediaCompositing
LogPluginManager: Mounting plugin MediaPlayerEditor
LogPluginManager: Mounting plugin WmfMedia
LogPluginManager: Mounting plugin TcpMessaging
LogPluginManager: Mounting plugin UdpMessaging
LogPluginManager: Mounting plugin ActorSequence
LogPluginManager: Mounting plugin LevelSequenceEditor
LogPluginManager: Mounting plugin MatineeToLevelSequence
LogPluginManager: Mounting plugin OnlineSubsystemGooglePlay
LogPluginManager: Mounting plugin OnlineSubsystemIOS
LogPluginManager: Mounting plugin OnlineSubsystem
LogPluginManager: Mounting plugin OnlineSubsystemNull
LogPluginManager: Mounting plugin OnlineSubsystemUtils
LogPluginManager: Mounting plugin AndroidDeviceProfileSelector
LogPluginManager: Mounting plugin AndroidMoviePlayer
LogPluginManager: Mounting plugin AndroidPermission
LogPluginManager: Mounting plugin AppleARKit
LogPluginManager: Mounting plugin AppleMoviePlayer
LogPluginManager: Mounting plugin ArchVisCharacter
LogPluginManager: Mounting plugin CableComponent
LogPluginManager: Mounting plugin CustomMeshComponent
LogPluginManager: Mounting plugin ExampleDeviceProfileSelector
LogPluginManager: Mounting plugin GoogleCloudMessaging
LogPluginManager: Mounting plugin ImmediatePhysics
LogPluginManager: Mounting plugin IOSDeviceProfileSelector
LogPluginManager: Mounting plugin LinuxDeviceProfileSelector
LogPluginManager: Mounting plugin LocationServicesBPLibrary
LogPluginManager: Mounting plugin MobilePatchingUtils
LogPluginManager: Mounting plugin OculusVR
LogPluginManager: Plugin shader directory ../../../Engine/Plugins/Runtime/Oculus/OculusVR/Shaders found
LogPluginManager: Mapping shader source directory ../../../Engine/Plugins/Runtime/Oculus/OculusVR/Shaders to virtual directory /Plugin/OculusVR
LogPluginManager: Mounting plugin PhysXVehicles
LogPluginManager: Mounting plugin ProceduralMeshComponent
LogPluginManager: Mounting plugin RuntimePhysXCooking
LogPluginManager: Mounting plugin SteamVR
LogPluginManager: Mounting plugin WindowsMoviePlayer
LogModuleManager: Display: Found up-to-date module file ../../../../../../PS Art/ProjectArachne/ProjectArachne 4.18 - 3/Binaries/Win64/UE4Editor-ProjectArachne.dll (API version 3709383).
LogModuleManager: Display: Found up-to-date module file ../../../Engine/Plugins/2D/Paper2D/Binaries/Win64/UE4Editor-Paper2D.dll (API version 3709383).
LogModuleManager: Display: Found up-to-date module file ../../../Engine/Plugins/2D/Paper2D/Binaries/Win64/UE4Editor-Paper2DEditor.dll (API version 3709383).
LogModuleManager: Display: Found up-to-date module file ../../../Engine/Plugins/2D/Paper2D/Binaries/Win64/UE4Editor-PaperSpriteSheetImporter.dll (API version 3709383).
LogModuleManager: Display: Found up-to-date module file ../../../Engine/Plugins/2D/Paper2D/Binaries/Win64/UE4Editor-PaperTiledImporter.dll (API version 3709383).
LogModuleManager: Display: Found up-to-date module file ../../../Engine/Plugins/2D/Paper2D/Binaries/Win64/UE4Editor-SmartSnapping.dll (API version 3709383).
LogModuleManager: Display: Found up-to-date module file ../../../Engine/Plugins/Blendables/LightPropagationVolume/Binaries/Win64/UE4Editor-LightPropagationVolumeRuntime.dll (API version 3709383).
LogModuleManager: Display: Found up-to-date module file ../../../Engine/Plugins/Blendables/LightPropagationVolume/Binaries/Win64/UE4Editor-LightPropagationVolumeEditor.dll (API version 3709383).
LogModuleManager: Display: Found up-to-date module file ../../../Engine/Plugins/Developer/GitSourceControl/Binaries/Win64/UE4Editor-GitSourceControl.dll (API version 3709383).
LogModuleManager: Display: Found up-to-date module file ../../../Engine/Plugins/Developer/PerforceSourceControl/Binaries/Win64/UE4Editor-PerforceSourceControl.dll (API version 3709383).
LogModuleManager: Display: Found up-to-date module file ../../../Engine/Plugins/Developer/SubversionSourceControl/Binaries/Win64/UE4Editor-SubversionSourceControl.dll (API version 3709383).
LogModuleManager: Display: Found up-to-date module file ../../../Engine/Plugins/Developer/UObjectPlugin/Binaries/Win64/UE4Editor-UObjectPlugin.dll (API version 3709383).
LogModuleManager: Display: Found up-to-date module file ../../../Engine/Plugins/Developer/VisualStudioCodeSourceCodeAccess/Binaries/Win64/UE4Editor-VisualStudioCodeSourceCodeAccess.dll (API version 3709383).
LogModuleManager: Display: Found up-to-date module file ../../../Engine/Plugins/Developer/VisualStudioSourceCodeAccess/Binaries/Win64/UE4Editor-VisualStudioSourceCodeAccess.dll (API version 3709383).
LogModuleManager: Display: Found up-to-date module file ../../../Engine/Plugins/Editor/AssetManagerEditor/Binaries/Win64/UE4Editor-AssetManagerEditor.dll (API version 3709383).
LogModuleManager: Display: Found up-to-date module file ../../../Engine/Plugins/Editor/AudioCapture/Binaries/Win64/UE4Editor-AudioCapture.dll (API version 3709383).
LogModuleManager: Display: Found up-to-date module file ../../../Engine/Plugins/Editor/FacialAnimation/Binaries/Win64/UE4Editor-FacialAnimation.dll (API version 3709383).
LogModuleManager: Display: Found up-to-date module file ../../../Engine/Plugins/Editor/FacialAnimation/Binaries/Win64/UE4Editor-FacialAnimationEditor.dll (API version 3709383).
LogModuleManager: Display: Found up-to-date module file ../../../Engine/Plugins/Editor/GameplayTagsEditor/Binaries/Win64/UE4Editor-GameplayTagsEditor.dll (API version 3709383).
LogModuleManager: Display: Found up-to-date module file ../../../Engine/Plugins/Editor/MobileLauncherProfileWizard/Binaries/Win64/UE4Editor-MobileLauncherProfileWizard.dll (API version 3709383).
LogModuleManager: Display: Found up-to-date module file ../../../Engine/Plugins/Editor/PluginBrowser/Binaries/Win64/UE4Editor-PluginBrowser.dll (API version 3709383).
LogModuleManager: Display: Found up-to-date module file ../../../Engine/Plugins/Editor/SpeedTreeImporter/Binaries/Win64/UE4Editor-SpeedTreeImporter.dll (API version 3709383).
LogModuleManager: Display: Found up-to-date module file ../../../Engine/Plugins/Experimental/AlembicImporter/Binaries/Win64/UE4Editor-AlembicImporter.dll (API version 3709383).
LogModuleManager: Display: Found up-to-date module file ../../../Engine/Plugins/Experimental/AlembicImporter/Binaries/Win64/UE4Editor-AlembicLibrary.dll (API version 3709383).
LogModuleManager: Display: Found up-to-date module file ../../../Engine/Plugins/Experimental/CharacterAI/Binaries/Win64/UE4Editor-CharacterAI.dll (API version 3709383).
LogModuleManager: Display: Found up-to-date module file ../../../Engine/Plugins/Experimental/HTML5Networking/Binaries/Win64/UE4Editor-HTML5Networking.dll (API version 3709383).
LogModuleManager: Display: Found up-to-date module file ../../../Engine/Plugins/Media/AndroidMedia/Binaries/Win64/UE4Editor-AndroidMediaEditor.dll (API version 3709383).
LogModuleManager: Display: Found up-to-date module file ../../../Engine/Plugins/Media/AndroidMedia/Binaries/Win64/UE4Editor-AndroidMediaFactory.dll (API version 3709383).
LogModuleManager: Display: Found up-to-date module file ../../../Engine/Plugins/Media/AvfMedia/Binaries/Win64/UE4Editor-AvfMediaEditor.dll (API version 3709383).
LogModuleManager: Display: Found up-to-date module file ../../../Engine/Plugins/Media/AvfMedia/Binaries/Win64/UE4Editor-AvfMediaFactory.dll (API version 3709383).
LogModuleManager: Display: Found up-to-date module file ../../../Engine/Plugins/Media/AvfMedia/Binaries/Win64/UE4Editor-AvfMediaFactory.dll (API version 3709383).
LogModuleManager: Display: Found up-to-date module file ../../../Engine/Plugins/Media/ImgMedia/Binaries/Win64/UE4Editor-ImgMedia.dll (API version 3709383).
LogModuleManager: Display: Found up-to-date module file ../../../Engine/Plugins/Media/ImgMedia/Binaries/Win64/UE4Editor-ImgMediaEditor.dll (API version 3709383).
LogModuleManager: Display: Found up-to-date module file ../../../Engine/Plugins/Media/ImgMedia/Binaries/Win64/UE4Editor-ImgMediaFactory.dll (API version 3709383).
LogModuleManager: Display: Found up-to-date module file ../../../Engine/Plugins/Media/ImgMedia/Binaries/Win64/UE4Editor-ImgMediaFactory.dll (API version 3709383).
LogModuleManager: Display: Found up-to-date module file ../../../Engine/Plugins/Media/ImgMedia/Binaries/Win64/UE4Editor-OpenExrWrapper.dll (API version 3709383).
LogModuleManager: Display: Found up-to-date module file ../../../Engine/Plugins/Media/MediaCompositing/Binaries/Win64/UE4Editor-MediaCompositing.dll (API version 3709383).
LogModuleManager: Display: Found up-to-date module file ../../../Engine/Plugins/Media/MediaCompositing/Binaries/Win64/UE4Editor-MediaCompositingEditor.dll (API version 3709383).
LogModuleManager: Display: Found up-to-date module file ../../../Engine/Plugins/Media/MediaPlayerEditor/Binaries/Win64/UE4Editor-MediaPlayerEditor.dll (API version 3709383).
LogModuleManager: Display: Found up-to-date module file ../../../Engine/Plugins/Media/WmfMedia/Binaries/Win64/UE4Editor-WmfMedia.dll (API version 3709383).
LogModuleManager: Display: Found up-to-date module file ../../../Engine/Plugins/Media/WmfMedia/Binaries/Win64/UE4Editor-WmfMediaEditor.dll (API version 3709383).
LogModuleManager: Display: Found up-to-date module file ../../../Engine/Plugins/Media/WmfMedia/Binaries/Win64/UE4Editor-WmfMediaFactory.dll (API version 3709383).
LogModuleManager: Display: Found up-to-date module file ../../../Engine/Plugins/Media/WmfMedia/Binaries/Win64/UE4Editor-WmfMediaFactory.dll (API version 3709383).
LogModuleManager: Display: Found up-to-date module file ../../../Engine/Plugins/Messaging/TcpMessaging/Binaries/Win64/UE4Editor-TcpMessaging.dll (API version 3709383).
LogModuleManager: Display: Found up-to-date module file ../../../Engine/Plugins/Messaging/UdpMessaging/Binaries/Win64/UE4Editor-UdpMessaging.dll (API version 3709383).
LogModuleManager: Display: Found up-to-date module file ../../../Engine/Plugins/MovieScene/ActorSequence/Binaries/Win64/UE4Editor-ActorSequence.dll (API version 3709383).
LogModuleManager: Display: Found up-to-date module file ../../../Engine/Plugins/MovieScene/LevelSequenceEditor/Binaries/Win64/UE4Editor-LevelSequenceEditor.dll (API version 3709383).
LogModuleManager: Display: Found up-to-date module file ../../../Engine/Plugins/MovieScene/MatineeToLevelSequence/Binaries/Win64/UE4Editor-MatineeToLevelSequence.dll (API version 3709383).
LogModuleManager: Display: Found up-to-date module file ../../../Engine/Plugins/Online/OnlineSubsystem/Binaries/Win64/UE4Editor-OnlineSubsystem.dll (API version 3709383).
LogModuleManager: Display: Found up-to-date module file ../../../Engine/Plugins/Online/OnlineSubsystemNull/Binaries/Win64/UE4Editor-OnlineSubsystemNull.dll (API version 3709383).
LogModuleManager: Display: Found up-to-date module file ../../../Engine/Plugins/Online/OnlineSubsystemUtils/Binaries/Win64/UE4Editor-OnlineSubsystemUtils.dll (API version 3709383).
LogModuleManager: Display: Found up-to-date module file ../../../Engine/Plugins/Online/OnlineSubsystemUtils/Binaries/Win64/UE4Editor-OnlineBlueprintSupport.dll (API version 3709383).
LogModuleManager: Display: Found up-to-date module file ../../../Engine/Plugins/Runtime/AndroidDeviceProfileSelector/Binaries/Win64/UE4Editor-AndroidDeviceProfileSelector.dll (API version 3709383).
LogModuleManager: Display: Found up-to-date module file ../../../Engine/Plugins/Runtime/AndroidPermission/Binaries/Win64/UE4Editor-AndroidPermission.dll (API version 3709383).
LogModuleManager: Display: Found up-to-date module file ../../../Engine/Plugins/Runtime/AppleARKit/Binaries/Win64/UE4Editor-AppleARKit.dll (API version 3709383).
LogModuleManager: Display: Found up-to-date module file ../../../Engine/Plugins/Runtime/ArchVisCharacter/Binaries/Win64/UE4Editor-ArchVisCharacter.dll (API version 3709383).
LogModuleManager: Display: Found up-to-date module file ../../../Engine/Plugins/Runtime/CableComponent/Binaries/Win64/UE4Editor-CableComponent.dll (API version 3709383).
LogModuleManager: Display: Found up-to-date module file ../../../Engine/Plugins/Runtime/CustomMeshComponent/Binaries/Win64/UE4Editor-CustomMeshComponent.dll (API version 3709383).
LogModuleManager: Display: Found up-to-date module file ../../../Engine/Plugins/Runtime/ExampleDeviceProfileSelector/Binaries/Win64/UE4Editor-ExampleDeviceProfileSelector.dll (API version 3709383).
LogModuleManager: Display: Found up-to-date module file ../../../Engine/Plugins/Runtime/ImmediatePhysics/Binaries/Win64/UE4Editor-ImmediatePhysics.dll (API version 3709383).
LogModuleManager: Display: Found up-to-date module file ../../../Engine/Plugins/Runtime/ImmediatePhysics/Binaries/Win64/UE4Editor-ImmediatePhysicsEditor.dll (API version 3709383).
LogModuleManager: Display: Found up-to-date module file ../../../Engine/Plugins/Runtime/LocationServicesBPLibrary/Binaries/Win64/UE4Editor-LocationServicesBPLibrary.dll (API version 3709383).
LogModuleManager: Display: Found up-to-date module file ../../../Engine/Plugins/Runtime/MobilePatchingUtils/Binaries/Win64/UE4Editor-MobilePatchingUtils.dll (API version 3709383).
LogModuleManager: Display: Found up-to-date module file ../../../Engine/Plugins/Runtime/Oculus/OculusVR/Binaries/Win64/UE4Editor-OculusHMD.dll (API version 3709383).
LogModuleManager: Display: Found up-to-date module file ../../../Engine/Plugins/Runtime/Oculus/OculusVR/Binaries/Win64/UE4Editor-OculusInput.dll (API version 3709383).
LogModuleManager: Display: Found up-to-date module file ../../../Engine/Plugins/Runtime/Oculus/OculusVR/Binaries/Win64/UE4Editor-OculusEditor.dll (API version 3709383).
LogModuleManager: Display: Found up-to-date module file ../../../Engine/Plugins/Runtime/PhysXVehicles/Binaries/Win64/UE4Editor-PhysXVehicles.dll (API version 3709383).
LogModuleManager: Display: Found up-to-date module file ../../../Engine/Plugins/Runtime/PhysXVehicles/Binaries/Win64/UE4Editor-PhysXVehiclesEditor.dll (API version 3709383).
LogModuleManager: Display: Found up-to-date module file ../../../Engine/Plugins/Runtime/ProceduralMeshComponent/Binaries/Win64/UE4Editor-ProceduralMeshComponent.dll (API version 3709383).
LogModuleManager: Display: Found up-to-date module file ../../../Engine/Plugins/Runtime/ProceduralMeshComponent/Binaries/Win64/UE4Editor-ProceduralMeshComponentEditor.dll (API version 3709383).
LogModuleManager: Display: Found up-to-date module file ../../../Engine/Plugins/Runtime/RuntimePhysXCooking/Binaries/Win64/UE4Editor-RuntimePhysXCooking.dll (API version 3709383).
LogModuleManager: Display: Found up-to-date module file ../../../Engine/Plugins/Runtime/Steam/SteamVR/Binaries/Win64/UE4Editor-SteamVR.dll (API version 3709383).
LogModuleManager: Display: Found up-to-date module file ../../../Engine/Plugins/Runtime/Steam/SteamVR/Binaries/Win64/UE4Editor-SteamVRController.dll (API version 3709383).
LogModuleManager: Display: Found up-to-date module file ../../../Engine/Plugins/Runtime/WindowsMoviePlayer/Binaries/Win64/UE4Editor-WindowsMoviePlayer.dll (API version 3709383).
LogInit: Using libcurl 7.47.1
LogInit:  - built for x86_64-pc-win32
LogInit:  - supports SSL with OpenSSL/1.0.2g
LogInit:  - supports HTTP deflate (compression) using libz 1.2.8
LogInit:  - other features:
LogInit:      CURL_VERSION_SSL
LogInit:      CURL_VERSION_LIBZ
LogInit:      CURL_VERSION_IPV6
LogInit:      CURL_VERSION_ASYNCHDNS
LogInit:      CURL_VERSION_LARGEFILE
LogInit:      CURL_VERSION_IDN
LogInit:  CurlRequestOptions (configurable via config and command line):
LogInit:  - bVerifyPeer = false  - Libcurl will NOT verify peer certificate
LogInit:  - bUseHttpProxy = false  - Libcurl will NOT use HTTP proxy
LogInit:  - bDontReuseConnections = false  - Libcurl will reuse connections
LogInit:  - CertBundlePath = nullptr  - Libcurl will use whatever was configured at build time.
LogInit: Build: ++UE4+Release-4.18-CL-3832480
LogInit: Engine Version: 4.18.3-3832480+++UE4+Release-4.18
LogInit: Compatible Engine Version: 4.18.0-3709383+++UE4+Release-4.18
LogInit: Net CL: 3709383
LogDevObjectVersion: Number of dev versions registered: 16
LogDevObjectVersion:   Dev-Blueprints (B0D832E4-1F89-4F0D-ACCF-7EB736FD4AA2): 10
LogDevObjectVersion:   Dev-Build (E1C64328-A22C-4D53-A36C-8E866417BD8C): 0
LogDevObjectVersion:   Dev-Core (375EC13C-06E4-48FB-B500-84F0262A717E): 2
LogDevObjectVersion:   Dev-Editor (E4B068ED-F494-42E9-A231-DA0B2E46BB41): 20
LogDevObjectVersion:   Dev-Framework (CFFC743F-43B0-4480-9391-14DF171D2073): 30
LogDevObjectVersion:   Dev-Mobile (B02B49B5-BB20-44E9-A304-32B752E40360): 0
LogDevObjectVersion:   Dev-Networking (A4E4105C-59A1-49B5-A7C5-40C4547EDFEE): 0
LogDevObjectVersion:   Dev-Online (39C831C9-5AE6-47DC-9A44-9C173E1C8E7C): 0
LogDevObjectVersion:   Dev-Physics (78F01B33-EBEA-4F98-B9B4-84EACCB95AA2): 0
LogDevObjectVersion:   Dev-Platform (6631380F-2D4D-43E0-8009-CF276956A95A): 0
LogDevObjectVersion:   Dev-Rendering (12F88B9F-8875-4AFC-A67C-D90C383ABD29): 20
LogDevObjectVersion:   Dev-Sequencer (7B5AE74C-D270-4C10-A958-57980B212A5A): 4
LogDevObjectVersion:   Dev-VR (D7296918-1DD6-4BDD-9DE2-64A83CC13884): 0
LogDevObjectVersion:   Dev-LoadTimes (C2A15278-BFE7-4AFE-6C17-90FF531DF755): 1
LogDevObjectVersion:   Private-Geometry (6EACA3D4-40EC-4CC1-B786-8BED09428FC5): 1
LogDevObjectVersion:   Dev-AnimPhys (29E575DD-E0A3-4627-9D10-D276232CDCEA): 12
LogInit: Compiled (64-bit): Jan 12 2018 02:04:55
LogInit: Compiled with Visual C++: 19.00.24215.01
LogInit: Build Configuration: Development
LogInit: Branch Name: ++UE4+Release-4.18
LogInit: Command line: -EpicPortal 
LogInit: Base directory: M:/New programs/New folder/UE_4.18/Engine/Binaries/Win64/
LogInit: Installed Engine Build: 1
LogInit: Presizing for max 8388607 objects, including 0 objects not considered by GC, pre-allocating 0 bytes for permanent pool.
LogInit: Object subsystem initialized
[2018.01.29-09.03.27:869][  0]LogInit: Selected Device Profile: [Windows]
[2018.01.29-09.03.27:869][  0]LogInit: Applying CVar settings loaded from the selected device profile: [Windows]
[2018.01.29-09.03.27:881][  0]LogInit: Computer: MAJED-PC
[2018.01.29-09.03.27:881][  0]LogInit: User: Majed
[2018.01.29-09.03.27:881][  0]LogInit: CPU Page size=4096, Cores=4
[2018.01.29-09.03.27:881][  0]LogInit: High frequency timer resolution =3.320361 MHz
[2018.01.29-09.03.27:881][  0]LogMemory: Memory total: Physical=15.9GB (16GB approx)
[2018.01.29-09.03.27:881][  0]LogMemory: Platform Memory Stats for Windows
[2018.01.29-09.03.27:881][  0]LogMemory: Process Physical Memory: 274.67 MB used, 274.67 MB peak
[2018.01.29-09.03.27:881][  0]LogMemory: Process Virtual Memory: 272.85 MB used, 272.85 MB peak
[2018.01.29-09.03.27:881][  0]LogMemory: Physical Memory: 6926.50 MB used,  9343.05 MB free, 16269.55 MB total
[2018.01.29-09.03.27:881][  0]LogMemory: Virtual Memory: 628.09 MB used,  9343.05 MB free, 8388608.00 MB total
[2018.01.29-09.03.28:005][  0]LogInit: Using OS detected language (en-US).
[2018.01.29-09.03.28:005][  0]LogInit: Using OS detected locale (en-US).
[2018.01.29-09.03.28:008][  0]LogTextLocalizationManager: No specific localization for 'en-US' exists, so the 'en' localization will be used.
[2018.01.29-09.03.28:379][  0]LogWindows: Failed to load 'shcore.dll' (GetLastError=126)
[2018.01.29-09.03.28:379][  0]LogWindows: File 'shcore.dll' does not exist
[2018.01.29-09.03.28:379][  0]LogInit: Setting process to DPI aware
[2018.01.29-09.03.28:382][  0]LogWindows: Failed to load 'shcore.dll' (GetLastError=126)
[2018.01.29-09.03.28:382][  0]LogWindows: File 'shcore.dll' does not exist
[2018.01.29-09.03.28:382][  0]LogInit: Setting process to DPI aware
[2018.01.29-09.03.28:621][  0]LogD3D11RHI: D3D11 adapters:
[2018.01.29-09.03.28:642][  0]LogD3D11RHI:    0. 'NVIDIA GeForce GTX 1070' (Feature Level 11_0)
[2018.01.29-09.03.28:642][  0]LogD3D11RHI:       8085/0/7878 MB DedicatedVideo/DedicatedSystem/SharedSystem, Outputs:1, VendorId:0x10de
[2018.01.29-09.03.28:646][  0]LogD3D11RHI:    1. 'Intel(R) HD Graphics 4000' (Feature Level 11_0)
[2018.01.29-09.03.28:646][  0]LogD3D11RHI:       64/0/1632 MB DedicatedVideo/DedicatedSystem/SharedSystem, Outputs:0, VendorId:0x8086
[2018.01.29-09.03.28:646][  0]LogD3D11RHI: Chosen D3D11 Adapter: 0
[2018.01.29-09.03.28:651][  0]LogD3D11RHI: Creating new Direct3DDevice
[2018.01.29-09.03.28:651][  0]LogD3D11RHI:     GPU DeviceId: 0x1b81 (for the marketing name, search the web for "GPU Device Id")
[2018.01.29-09.03.28:651][  0]LogWindows: EnumDisplayDevices:
[2018.01.29-09.03.28:651][  0]LogWindows:    0. 'NVIDIA GeForce GTX 1070' (P:1 D:1)
[2018.01.29-09.03.28:651][  0]LogWindows:    1. 'NVIDIA GeForce GTX 1070' (P:0 D:0)
[2018.01.29-09.03.28:651][  0]LogWindows:    2. 'NVIDIA GeForce GTX 1070' (P:0 D:0)
[2018.01.29-09.03.28:651][  0]LogWindows:    3. 'NVIDIA GeForce GTX 1070' (P:0 D:0)
[2018.01.29-09.03.28:652][  0]LogWindows:    4. 'Intel(R) HD Graphics 4000' (P:0 D:0)
[2018.01.29-09.03.28:652][  0]LogWindows:    5. 'Intel(R) HD Graphics 4000' (P:0 D:0)
[2018.01.29-09.03.28:652][  0]LogWindows:    6. 'Intel(R) HD Graphics 4000' (P:0 D:0)
[2018.01.29-09.03.28:652][  0]LogWindows:    7. 'RDPDD Chained DD' (P:0 D:0)
[2018.01.29-09.03.28:652][  0]LogWindows:    8. 'RDP Encoder Mirror Driver' (P:0 D:0)
[2018.01.29-09.03.28:652][  0]LogWindows:    9. 'RDP Reflector Display Driver' (P:0 D:0)
[2018.01.29-09.03.28:652][  0]LogWindows: DebugString: PrimaryIsNotTheChoosenAdapter PrimaryIsNotTheChoosenAdapter PrimaryIsNotTheChoosenAdapter GetVideoDriverDetailsInvalid PrimaryIsNotTheChoosenAdapter GetVideoDriverDetailsInvalid PrimaryIsNotTheChoosenAdapter GetVideoDriverDetailsInvalid PrimaryIsNotTheChoosenAdapter FoundDriverCount:4 
[2018.01.29-09.03.28:652][  0]LogD3D11RHI:     Adapter Name: NVIDIA GeForce GTX 1070
[2018.01.29-09.03.28:652][  0]LogD3D11RHI:   Driver Version: 388.71 (internal:23.21.13.8871, unified:388.71)
[2018.01.29-09.03.28:652][  0]LogD3D11RHI:      Driver Date: 12-15-2017
[2018.01.29-09.03.28:652][  0]LogRHI: Texture pool is 5659 MB (70% of 8085 MB)
[2018.01.29-09.03.28:664][  0]LogD3D11RHI: Async texture creation enabled
[2018.01.29-09.03.28:682][  0]LogD3D11RHI: GPU Timing Frequency: 1000.000000 (Debug: 2 2)
[2018.01.29-09.03.28:730][  0]LogShaderCompilers: Guid format shader working directory is -17 characters bigger than the processId version (../../../../../../PS Art/ProjectArachne/ProjectArachne 4.18 - 3/Intermediate/Shaders/WorkingDirectory/9488/).
[2018.01.29-09.03.28:730][  0]LogShaderCompilers: Cleaned the shader compiler working directory 'C:/Users/Majed/AppData/Local/Temp/UnrealShaderWorkingDir/3E847982464C7B580CB9D3A665F4069C/'.
[2018.01.29-09.03.28:730][  0]LogShaderCompilers: Display: Using Local Shader Compiler.
[2018.01.29-09.03.29:750][  0]LogTemp: Display: Loaded TP AllDesktopTargetPlatform
[2018.01.29-09.03.29:796][  0]LogTemp: Display: Loaded TP MacClientTargetPlatform
[2018.01.29-09.03.29:842][  0]LogTemp: Display: Loaded TP MacNoEditorTargetPlatform
[2018.01.29-09.03.29:887][  0]LogTemp: Display: Loaded TP MacServerTargetPlatform
[2018.01.29-09.03.29:934][  0]LogTemp: Display: Loaded TP MacTargetPlatform
[2018.01.29-09.03.29:980][  0]LogTemp: Display: Loaded TP WindowsClientTargetPlatform
[2018.01.29-09.03.30:027][  0]LogTemp: Display: Loaded TP WindowsNoEditorTargetPlatform
[2018.01.29-09.03.30:074][  0]LogTemp: Display: Loaded TP WindowsServerTargetPlatform
[2018.01.29-09.03.30:113][  0]LogTemp: Display: Loaded TP WindowsTargetPlatform
[2018.01.29-09.03.30:158][  0]LogTemp: Display: Loaded TP Android_ASTCTargetPlatform
[2018.01.29-09.03.30:203][  0]LogTemp: Display: Loaded TP Android_ATCTargetPlatform
[2018.01.29-09.03.30:247][  0]LogTemp: Display: Loaded TP Android_DXTTargetPlatform
[2018.01.29-09.03.30:291][  0]LogTemp: Display: Loaded TP Android_ETC1TargetPlatform
[2018.01.29-09.03.30:338][  0]LogTemp: Display: Loaded TP Android_ETC2TargetPlatform
[2018.01.29-09.03.30:427][  0]LogTemp: Display: Loaded TP Android_MultiTargetPlatform
[2018.01.29-09.03.30:427][  0]LogTemp: Display: Loaded TP Android_PVRTCTargetPlatform
[2018.01.29-09.03.30:472][  0]LogTemp: Display: Loaded TP AndroidTargetPlatform
[2018.01.29-09.03.30:505][  0]LogTemp: Display: Loaded TP HTML5TargetPlatform
[2018.01.29-09.03.30:583][  0]LogTemp: Display: Loaded TP IOSTargetPlatform
[2018.01.29-09.03.30:606][  0]LogTemp: Display: Loaded TP TVOSTargetPlatform
[2018.01.29-09.03.30:651][  0]LogTemp: Display: Loaded TP LinuxClientTargetPlatform
[2018.01.29-09.03.30:695][  0]LogTemp: Display: Loaded TP LinuxNoEditorTargetPlatform
[2018.01.29-09.03.30:740][  0]LogTemp: Display: Loaded TP LinuxServerTargetPlatform
[2018.01.29-09.03.30:785][  0]LogTemp: Display: Loaded TP LinuxTargetPlatform
[2018.01.29-09.03.30:785][  0]LogTargetPlatformManager: Display: Building Assets For Windows
[2018.01.29-09.03.31:150][  0]LogDerivedDataCache: Display: Max Cache Size: 512 MB
[2018.01.29-09.03.31:225][  0]LogDerivedDataCache: Loaded boot cache 0.08s 78MB C:/Users/Majed/AppData/Local/UnrealEngine/4.18/DerivedDataCache/Boot.ddc.
[2018.01.29-09.03.31:225][  0]LogDerivedDataCache: Display: Loaded Boot cache: C:/Users/Majed/AppData/Local/UnrealEngine/4.18/DerivedDataCache/Boot.ddc
[2018.01.29-09.03.31:225][  0]LogDerivedDataCache: FDerivedDataBackendGraph:  Pak pak cache file ../../../../../../PS Art/ProjectArachne/ProjectArachne 4.18 - 3/DerivedDataCache/DDC.ddp not found, will not use a pak cache.
[2018.01.29-09.03.31:225][  0]LogDerivedDataCache: Unable to find inner node Pak for hierarchical cache Hierarchy.
[2018.01.29-09.03.31:226][  0]LogDerivedDataCache: FDerivedDataBackendGraph:  CompressedPak pak cache file ../../../../../../PS Art/ProjectArachne/ProjectArachne 4.18 - 3/DerivedDataCache/Compressed.ddp not found, will not use a pak cache.
[2018.01.29-09.03.31:226][  0]LogDerivedDataCache: Unable to find inner node CompressedPak for hierarchical cache Hierarchy.
[2018.01.29-09.03.31:244][  0]LogDerivedDataCache: Display: Pak cache opened for reading ../../../Engine/DerivedDataCache/Compressed.ddp.
[2018.01.29-09.03.31:256][  0]LogDerivedDataCache: Using Local data cache path C:/Users/Majed/AppData/Local/UnrealEngine/Common/DerivedDataCache: Writable
[2018.01.29-09.03.31:267][  0]LogMaterial: Verifying Global Shaders for PCD3D_SM5
[2018.01.29-09.03.31:267][  0]LogSlate: Using Freetype 2.6.0
[2018.01.29-09.03.31:268][  0]LogSlate: SlateFontCache - WITH_FREETYPE: 1, WITH_HARFBUZZ: 1
[2018.01.29-09.03.31:268][  0]LogSlate: SlateFontCache - WITH_FREETYPE: 1, WITH_HARFBUZZ: 1
[2018.01.29-09.03.31:727][  0]LogInit: Selected Device Profile: [Windows]
[2018.01.29-09.03.32:040][  0]LogSimplygon: Simplygon DLL not present - disabling.
[2018.01.29-09.03.32:076][  0]LogMeshReduction: Using SimplygonSwarm for distributed automatic mesh merging
[2018.01.29-09.03.32:076][  0]LogMeshReduction: Using QuadricMeshReduction for automatic static mesh reduction
[2018.01.29-09.03.32:076][  0]LogMeshReduction: No automatic skeletal mesh reduction module available
[2018.01.29-09.03.32:076][  0]LogMeshReduction: No automatic mesh merging module available
[2018.01.29-09.03.32:076][  0]LogMeshMerging: No automatic mesh merging module available
[2018.01.29-09.03.32:115][  0]LogNetVersion: ProjectArachne , NetCL: 3709383, EngineNetVer: 2, GameNetVer: 0 (Checksum: 1282563010)
[2018.01.29-09.03.32:286][  0]LogAssetRegistry: FAssetRegistry took 0.0261 seconds to start up
[2018.01.29-09.03.32:804][  0]LogPackageLocalizationCache: Processed 7 localized package path(s) for 2 prioritized culture(s) in 0.051807 seconds
[2018.01.29-09.03.32:809][  0]LogUObjectArray: 35870 objects as part of root set at end of initial load.
[2018.01.29-09.03.32:809][  0]LogUObjectAllocator: 7363704 out of 0 bytes used by permanent object pool.
[2018.01.29-09.03.32:809][  0]LogUObjectArray: CloseDisregardForGC: 0/0 objects in disregard for GC pool
[2018.01.29-09.03.32:848][  0]LogInit: WinSock: version 1.1 (2.2), MaxSocks=32767, MaxUdp=65467
[2018.01.29-09.03.35:390][  0]LogTcpMessaging: Initializing TcpMessaging bridge
[2018.01.29-09.03.35:430][  0]LogUdpMessaging: Initializing bridge on interface 0.0.0.0:0 to multicast group 230.0.0.1:6666.
[2018.01.29-09.03.36:131][  0]LogMaterial: Uniform references updated for custom material expression Custom.
[2018.01.29-09.03.36:546][  0]SourceControl: Source control is disabled
[2018.01.29-09.03.36:546][  0]SourceControl: Source control is disabled
[2018.01.29-09.03.36:598][  0]SourceControl: Source control is disabled
[2018.01.29-09.03.36:650][  0]SourceControl: Source control is disabled
[2018.01.29-09.03.37:429][  0]LogAndroidPermission: UAndroidPermissionCallbackProxy::GetInstance
[2018.01.29-09.03.37:697][  0]LogOcInput: OculusInput pre-init called
[2018.01.29-09.03.37:965][  0]LogEngine: Initializing Engine...
[2018.01.29-09.03.37:968][  0]LogHMD: Failed to initialize OpenVR with code 110
[2018.01.29-09.03.38:224][  0]LogStats: UGameplayTagsManager::ConstructGameplayTagTree: Construct from data asset -  0.000 s
[2018.01.29-09.03.38:224][  0]LogStats: UGameplayTagsManager::ConstructGameplayTagTree: GameplayTagTreeChangedEvent.Broadcast -  0.000 s
[2018.01.29-09.03.38:335][  0]LogAIModule: Creating AISystem for world Untitled
[2018.01.29-09.03.38:359][  0]LogInit: XAudio2 using 'Headphones (2- High Definition Audio Device)' : 2 channels at 44.1 kHz using 16 bits per sample (channel mask 0x3)
[2018.01.29-09.03.38:371][  0]LogInit: FAudioDevice initialized.
[2018.01.29-09.03.38:447][  0]LogDerivedDataCache: Saved boot cache 0.08s 78MB C:/Users/Majed/AppData/Local/UnrealEngine/4.18/DerivedDataCache/Boot.ddc.
[2018.01.29-09.03.38:457][  0]LogInit: Texture streaming: Enabled
[2018.01.29-09.03.38:533][  0]LogEngineSessionManager: EngineSessionManager initialized
[2018.01.29-09.03.38:643][  0]LogInit: Transaction tracking system initialized
[2018.01.29-09.03.38:920][  0]BlueprintLog: New page: Editor Load
[2018.01.29-09.03.39:680][  0]LocalizationService: Localization service is disabled
[2018.01.29-09.03.40:330][  0]LogConsoleResponse: Display: 
[2018.01.29-09.03.40:509][  0]LogCook: Display: Max memory allowance for cook 16384mb min free memory 0mb
[2018.01.29-09.03.40:509][  0]LogCook: Display: Mobile HDR setting 1
[2018.01.29-09.03.40:509][  0]LogGameplayTags: Display: UGameplayTagsManager::DoneAddingNativeTags. DelegateIsBound: 0
[2018.01.29-09.03.41:565][  0]LogFileCache: Scanning file cache for directory 'M:/PS Art/ProjectArachne/ProjectArachne 4.18 - 3/Content/' took 0.01s
[2018.01.29-09.03.41:605][  0]SourceControl: Source control is disabled
[2018.01.29-09.03.41:606][  0]Cmd: MAP LOAD FILE="../../../Engine/Content/Maps/Templates/Template_Default.umap" TEMPLATE=1 SHOWPROGRESS=1 FEATURELEVEL=3
[2018.01.29-09.03.41:606][  0]LightingResults: New page: Lighting Build
[2018.01.29-09.03.41:643][  0]MapCheck: New page: Map Check
[2018.01.29-09.03.41:643][  0]LightingResults: New page: Lighting Build
[2018.01.29-09.03.41:894][  0]LogAIModule: Creating AISystem for world Untitled_1
[2018.01.29-09.03.41:900][  0]LogEditorServer: Finished looking for orphan Actors (0.000 secs)
[2018.01.29-09.03.41:910][  0]Cmd: MAP CHECKDEP NOCLEARLOG
[2018.01.29-09.03.41:956][  0]MapCheck: Map check complete: 0 Error(s), 0 Warning(s), took 45.683ms to complete.
[2018.01.29-09.03.41:956][  0]LogFileHelpers: Loading map 'Template_Default' took 0.351
[2018.01.29-09.03.42:077][  0]LogCollectionManager: Loaded 0 collections in 0.001827 seconds
[2018.01.29-09.03.42:150][  0]LogFileCache: Scanning file cache for directory 'M:/PS Art/ProjectArachne/ProjectArachne 4.18 - 3/Saved/Collections/' took 0.01s
[2018.01.29-09.03.42:150][  0]LogFileCache: Scanning file cache for directory 'M:/PS Art/ProjectArachne/ProjectArachne 4.18 - 3/Content/Developers/Majed/Collections/' took 0.01s
[2018.01.29-09.03.42:150][  0]LogFileCache: Scanning file cache for directory 'M:/PS Art/ProjectArachne/ProjectArachne 4.18 - 3/Content/Collections/' took 0.01s
[2018.01.29-09.03.42:150][  0]LogCollectionManager: Rebuilt the GUID cache for 0 collections in 0.000000 seconds
[2018.01.29-09.03.42:160][  0]LogContentBrowser: Native class hierarchy populated in 0.0097 seconds. Added 2364 classes and 521 folders.
[2018.01.29-09.03.42:214][  0]LogContentBrowser: Native class hierarchy updated for 'WidgetCarousel' in 0.0008 seconds. Added 0 classes and 0 folders.
[2018.01.29-09.03.42:270][  0]LogContentBrowser: Native class hierarchy updated for 'AddContentDialog' in 0.0008 seconds. Added 0 classes and 0 folders.
[2018.01.29-09.03.42:308][  0]LogContentBrowser: Native class hierarchy updated for 'SceneOutliner' in 0.0008 seconds. Added 1 classes and 2 folders.
[2018.01.29-09.03.42:339][  0]LogSlate: Took 0.000166 seconds to synchronously load lazily loaded font '../../../Engine/Content/Slate/Fonts/Roboto-Regular.ttf' (155K)
[2018.01.29-09.03.42:343][  0]LogSlate: Took 0.000190 seconds to synchronously load lazily loaded font '../../../Engine/Content/Slate/Fonts/Roboto-Bold.ttf' (160K)
[2018.01.29-09.03.42:350][  0]LogSlate: Took 0.000247 seconds to synchronously load lazily loaded font '../../../Engine/Content/Editor/Slate/Fonts/FontAwesome.ttf' (139K)
[2018.01.29-09.03.42:461][  0]LogRenderer: Reallocating scene render targets to support 1300x568 Format 10 NumSamples 1 (Frame:1).
[2018.01.29-09.03.42:612][  0]LogContentBrowser: Native class hierarchy updated for 'HierarchicalLODOutliner' in 0.0012 seconds. Added 1 classes and 2 folders.
[2018.01.29-09.03.42:612][  0]LogLoad: (Engine Initialization) Total time: 17.49 seconds
[2018.01.29-09.03.42:612][  0]LogLoad: (Engine Initialization) Total Blueprint compile time: 0.00 seconds
[2018.01.29-09.03.42:612][  0]LogExternalProfiler: Found external profiler: VSPerf
[2018.01.29-09.03.42:612][  0]LogExternalProfiler: Using external profiler: VSPerf
[2018.01.29-09.03.42:641][  0]LogContentStreaming: Texture pool size now 1000 MB
[2018.01.29-09.03.42:694][  1]LogAssetRegistry: Asset discovery search completed in 10.4297 seconds
[2018.01.29-09.03.42:696][  1]LogCollectionManager: Rebuilt the object cache for 0 collections in 0.000001 seconds (found 0 objects)
[2018.01.29-09.03.42:696][  1]LogCollectionManager: Fixed up redirectors for 0 collections in 0.000044 seconds (updated 0 objects)
[2018.01.29-09.03.46:808][215]LogSlate: Took 0.000254 seconds to synchronously load lazily loaded font '../../../Engine/Content/Slate/Fonts/Roboto-Light.ttf' (159K)
[2018.01.29-09.04.10:377][201]LogSlate: Took 0.000187 seconds to synchronously load lazily loaded font '../../../Engine/Content/Slate/Fonts/Roboto-Light.ttf' (159K)
[2018.01.29-09.04.11:249][201]LogAIModule: Creating AISystem for world SpaceStation
[2018.01.29-09.04.11:364][201]Cmd: MAP LOAD FILE="../../../../../../PS Art/ProjectArachne/ProjectArachne 4.18 - 3/Content/Maps/SpaceStation.umap" TEMPLATE=0 SHOWPROGRESS=1 FEATURELEVEL=3
[2018.01.29-09.04.11:365][201]LightingResults: New page: Lighting Build
[2018.01.29-09.04.11:365][201]LoadErrors: New page: Loading map: SpaceStation.umap
[2018.01.29-09.04.11:366][201]MapCheck: New page: Map Check
[2018.01.29-09.04.11:366][201]LightingResults: New page: Lighting Build
[2018.01.29-09.04.11:410][201]LogEditorServer: Finished looking for orphan Actors (0.000 secs)
[2018.01.29-09.04.11:440][201]Cmd: MAP CHECKDEP NOCLEARLOG
[2018.01.29-09.04.11:496][201]MapCheck: Map check complete: 0 Error(s), 0 Warning(s), took 55.62ms to complete.
[2018.01.29-09.04.11:496][201]LogFileHelpers: Loading map 'SpaceStation' took 0.133
[2018.01.29-09.05.02:531][343]LogFactory: FactoryCreateFile: World with FbxSceneImportFactory (0 0 ../../../../../../PS Art/ProjectArachne/ProjectArachne 4.18 - 3/Models/Hallway/door.FBX)
[2018.01.29-09.05.02:766][343]LogFbx: Loading FBX Scene from ../../../../../../PS Art/ProjectArachne/ProjectArachne 4.18 - 3/Models/Hallway/door.FBX
[2018.01.29-09.05.02:786][343]LogFbx: FBX Scene Loaded Succesfully
[2018.01.29-09.05.02:810][343]LogFbx: =================================================
[2018.01.29-09.05.02:810][343]LogFbx: Dumping Node START [Lab_Door_Cube_003] 
[2018.01.29-09.05.02:810][343]LogFbx: 	Total Deformer Count 1001243888.
[2018.01.29-09.05.02:810][343]LogFbx: 	Attribute () Type (4).
[2018.01.29-09.05.02:810][343]LogFbx: 		[Node Attribute Child 1] Lab_Door_Cube_003 (Type Mesh).
[2018.01.29-09.05.02:810][343]LogFbx: Dumping Node END [Lab_Door_Cube_003]
[2018.01.29-09.05.02:810][343]LogFbx: =================================================
[2018.01.29-09.05.02:810][343]LogFbx: Dumping Node START [Lab_Door_Cube_003] 
[2018.01.29-09.05.02:810][343]LogFbx: 	Total Deformer Count 1001243888.
[2018.01.29-09.05.02:810][343]LogFbx: 	Attribute () Type (4).
[2018.01.29-09.05.02:810][343]LogFbx: 		[Node Attribute Child 1] Lab_Door_Cube_003 (Type Mesh).
[2018.01.29-09.05.02:810][343]LogFbx: Dumping Node END [Lab_Door_Cube_003]
[2018.01.29-09.05.12:510][343]LogFbx: =================================================
[2018.01.29-09.05.12:510][343]LogFbx: Dumping Node START [Lab_Door_Cube_003] 
[2018.01.29-09.05.12:510][343]LogFbx: 	Total Deformer Count 1001447936.
[2018.01.29-09.05.12:510][343]LogFbx: 	Attribute () Type (4).
[2018.01.29-09.05.12:510][343]LogFbx: 		[Node Attribute Child 1] Lab_Door_Cube_003 (Type Mesh).
[2018.01.29-09.05.12:510][343]LogFbx: Dumping Node END [Lab_Door_Cube_003]
[2018.01.29-09.05.12:510][343]LogFbx: =================================================
[2018.01.29-09.05.12:510][343]LogFbx: Dumping Node START [Lab_Door_Cube_003] 
[2018.01.29-09.05.12:510][343]LogFbx: 	Total Deformer Count 1001447936.
[2018.01.29-09.05.12:510][343]LogFbx: 	Attribute () Type (4).
[2018.01.29-09.05.12:510][343]LogFbx: 		[Node Attribute Child 1] Lab_Door_Cube_003 (Type Mesh).
[2018.01.29-09.05.12:510][343]LogFbx: Dumping Node END [Lab_Door_Cube_003]
[2018.01.29-09.05.12:513][343]LogLinker: Can't find file '/Game/Models/Material__27'
[2018.01.29-09.05.12:514][343]LogLinker: Can't find file '/Game/Models/Material__27'
[2018.01.29-09.05.12:519][343]LogLinker: Can't find file '/Game/Models/Material__25_Base_Color'
[2018.01.29-09.05.12:519][343]LogLinker: Can't find file '/Game/Models/Material__25_Base_Color'
[2018.01.29-09.05.12:520][343]LogFbxMaterialImport: Warning: Unable to find Texture file C:\Users\jared\Desktop\trim\Material _25_Base_Color.png
[2018.01.29-09.05.12:520][343]LogLinker: Can't find file '/Game/Models/Material__25_Roughness'
[2018.01.29-09.05.12:520][343]LogLinker: Can't find file '/Game/Models/Material__25_Roughness'
[2018.01.29-09.05.12:520][343]LogFbxMaterialImport: Warning: Unable to find Texture file C:\Users\jared\Desktop\Material _25_Roughness.png
[2018.01.29-09.05.12:520][343]LogLinker: Can't find file '/Game/Models/Material__25_Metallic'
[2018.01.29-09.05.12:520][343]LogLinker: Can't find file '/Game/Models/Material__25_Metallic'
[2018.01.29-09.05.12:521][343]LogFbxMaterialImport: Warning: Unable to find Texture file C:\Users\jared\Desktop\trim\Material _25_Metallic.png
[2018.01.29-09.05.12:521][343]LogLinker: Can't find file '/Game/Models/Material__25_Normal_OpenGL'
[2018.01.29-09.05.12:521][343]LogLinker: Can't find file '/Game/Models/Material__25_Normal_OpenGL'
[2018.01.29-09.05.12:521][343]LogFbxMaterialImport: Warning: Unable to find Texture file C:\Users\jared\Desktop\trim\Material _25_Normal_OpenGL.png
[2018.01.29-09.05.12:523][343]LogMaterial: Missing cached shader map for material Material__27, compiling. 
[2018.01.29-09.05.12:608][343]LogStaticMesh: Building static mesh Lab_Door_Cube_003...
[2018.01.29-09.05.12:691][343]LogStaticMesh: Built static mesh [0.08s] /Game/Models/Lab_Door_Cube_003.Lab_Door_Cube_003
[2018.01.29-09.05.12:696][343]LogStaticMesh: Warning: Lab_Door_Cube_003 has degenerate tangent bases which will result in incorrect shading.  MikkTSpace relies on tangent bases and may result in mesh corruption, consider disabling this option.
[2018.01.29-09.05.12:696][343]LogStaticMesh: Warning: Lab_Door_Cube_003 has some nearly zero bi-normals which can create some issues. (Tolerance of 1E-4)
[2018.01.29-09.05.12:718][343]LogSlate: Took 0.000207 seconds to synchronously load lazily loaded font '../../../Engine/Content/Slate/Fonts/Roboto-Regular.ttf' (155K)
[2018.01.29-09.05.13:969][343]LogContentBrowser: Native class hierarchy updated for 'BlueprintGraph' in 0.0012 seconds. Added 116 classes and 0 folders.
[2018.01.29-09.05.14:311][343]LogAnimationCompression: Building Anim DDC data for AnimSequence /Game/Animations/AnimStarterPack/Aim_Space_Hip.Aim_Space_Hip
[2018.01.29-09.05.14:311][343]LogAnimationCompression: Recompressing (AnimSequence /Game/Animations/AnimStarterPack/Aim_Space_Hip.Aim_Space_Hip) using current/default (AnimCompress_BitwiseCompressOnly_0) bFirstRecompressUsingCurrentOrDefault(1) bTryAlternateCompressor(0) IsCompressedDataValid(0)
[2018.01.29-09.05.14:315][343]LogAnimationCompression: Building Anim DDC data for AnimSequence /Game/Animations/AnimStarterPack/Aim_Space_Ironsights.Aim_Space_Ironsights
[2018.01.29-09.05.14:316][343]LogAnimationCompression: Recompressing (AnimSequence /Game/Animations/AnimStarterPack/Aim_Space_Ironsights.Aim_Space_Ironsights) using current/default (AnimCompress_BitwiseCompressOnly_1) bFirstRecompressUsingCurrentOrDefault(1) bTryAlternateCompressor(0) IsCompressedDataValid(0)
[2018.01.29-09.05.14:320][343]LogAnimationCompression: Building Anim DDC data for AnimSequence /Game/Animations/AnimStarterPack/Crouch_to_Stand_Rifle_Hip.Crouch_to_Stand_Rifle_Hip
[2018.01.29-09.05.14:320][343]LogAnimationCompression: Recompressing (AnimSequence /Game/Animations/AnimStarterPack/Crouch_to_Stand_Rifle_Hip.Crouch_to_Stand_Rifle_Hip) using current/default (AnimCompress_BitwiseCompressOnly_4) bFirstRecompressUsingCurrentOrDefault(1) bTryAlternateCompressor(0) IsCompressedDataValid(0)
[2018.01.29-09.05.14:324][343]LogAnimationCompression: Building Anim DDC data for AnimSequence /Game/Animations/AnimStarterPack/Crouch_to_Stand_Rifle_Ironsights.Crouch_to_Stand_Rifle_Ironsights
[2018.01.29-09.05.14:324][343]LogAnimationCompression: Recompressing (AnimSequence /Game/Animations/AnimStarterPack/Crouch_to_Stand_Rifle_Ironsights.Crouch_to_Stand_Rifle_Ironsights) using current/default (AnimCompress_BitwiseCompressOnly_5) bFirstRecompressUsingCurrentOrDefault(1) bTryAlternateCompressor(0) IsCompressedDataValid(0)
[2018.01.29-09.05.14:328][343]LogAnimationCompression: Building Anim DDC data for AnimSequence /Game/Animations/AnimStarterPack/Death_1.Death_1
[2018.01.29-09.05.14:328][343]LogAnimationCompression: Recompressing (AnimSequence /Game/Animations/AnimStarterPack/Death_1.Death_1) using current/default (AnimCompress_BitwiseCompressOnly_14) bFirstRecompressUsingCurrentOrDefault(1) bTryAlternateCompressor(0) IsCompressedDataValid(0)
[2018.01.29-09.05.14:333][343]LogAnimationCompression: Building Anim DDC data for AnimSequence /Game/Animations/AnimStarterPack/Death_2.Death_2
[2018.01.29-09.05.14:333][343]LogAnimationCompression: Recompressing (AnimSequence /Game/Animations/AnimStarterPack/Death_2.Death_2) using current/default (AnimCompress_BitwiseCompressOnly_15) bFirstRecompressUsingCurrentOrDefault(1) bTryAlternateCompressor(0) IsCompressedDataValid(0)
[2018.01.29-09.05.14:337][343]LogAnimationCompression: Building Anim DDC data for AnimSequence /Game/Animations/AnimStarterPack/Death_3.Death_3
[2018.01.29-09.05.14:337][343]LogAnimationCompression: Recompressing (AnimSequence /Game/Animations/AnimStarterPack/Death_3.Death_3) using current/default (AnimCompress_BitwiseCompressOnly_16) bFirstRecompressUsingCurrentOrDefault(1) bTryAlternateCompressor(0) IsCompressedDataValid(0)
[2018.01.29-09.05.14:343][343]LogAnimationCompression: Building Anim DDC data for AnimSequence /Game/Animations/AnimStarterPack/Death_Ironsights_1.Death_Ironsights_1
[2018.01.29-09.05.14:343][343]LogAnimationCompression: Recompressing (AnimSequence /Game/Animations/AnimStarterPack/Death_Ironsights_1.Death_Ironsights_1) using current/default (AnimCompress_BitwiseCompressOnly_17) bFirstRecompressUsingCurrentOrDefault(1) bTryAlternateCompressor(0) IsCompressedDataValid(0)
[2018.01.29-09.05.14:350][343]LogAnimationCompression: Building Anim DDC data for AnimSequence /Game/Animations/AnimStarterPack/Death_Ironsights_2.Death_Ironsights_2
[2018.01.29-09.05.14:350][343]LogAnimationCompression: Recompressing (AnimSequence /Game/Animations/AnimStarterPack/Death_Ironsights_2.Death_Ironsights_2) using current/default (AnimCompress_BitwiseCompressOnly_18) bFirstRecompressUsingCurrentOrDefault(1) bTryAlternateCompressor(0) IsCompressedDataValid(0)
[2018.01.29-09.05.14:355][343]LogAnimationCompression: Building Anim DDC data for AnimSequence /Game/Animations/AnimStarterPack/Equip_Pistol_Standing.Equip_Pistol_Standing
[2018.01.29-09.05.14:355][343]LogAnimationCompression: Recompressing (AnimSequence /Game/Animations/AnimStarterPack/Equip_Pistol_Standing.Equip_Pistol_Standing) using current/default (AnimCompress_BitwiseCompressOnly_19) bFirstRecompressUsingCurrentOrDefault(1) bTryAlternateCompressor(0) IsCompressedDataValid(0)
[2018.01.29-09.05.14:360][343]LogAnimationCompression: Building Anim DDC data for AnimSequence /Game/Animations/AnimStarterPack/Equip_Rifle_Standing.Equip_Rifle_Standing
[2018.01.29-09.05.14:360][343]LogAnimationCompression: Recompressing (AnimSequence /Game/Animations/AnimStarterPack/Equip_Rifle_Standing.Equip_Rifle_Standing) using current/default (AnimCompress_BitwiseCompressOnly_20) bFirstRecompressUsingCurrentOrDefault(1) bTryAlternateCompressor(0) IsCompressedDataValid(0)
[2018.01.29-09.05.14:366][343]LogAnimationCompression: Building Anim DDC data for AnimSequence /Game/Animations/AnimStarterPack/Fire_Rifle_Hip.Fire_Rifle_Hip
[2018.01.29-09.05.14:366][343]LogAnimationCompression: Recompressing (AnimSequence /Game/Animations/AnimStarterPack/Fire_Rifle_Hip.Fire_Rifle_Hip) using current/default (AnimCompress_BitwiseCompressOnly_21) bFirstRecompressUsingCurrentOrDefault(1) bTryAlternateCompressor(0) IsCompressedDataValid(0)
[2018.01.29-09.05.14:370][343]LogAnimationCompression: Building Anim DDC data for AnimSequence /Game/Animations/AnimStarterPack/Fire_Rifle_Ironsights.Fire_Rifle_Ironsights
[2018.01.29-09.05.14:371][343]LogAnimationCompression: Recompressing (AnimSequence /Game/Animations/AnimStarterPack/Fire_Rifle_Ironsights.Fire_Rifle_Ironsights) using current/default (AnimCompress_BitwiseCompressOnly_22) bFirstRecompressUsingCurrentOrDefault(1) bTryAlternateCompressor(0) IsCompressedDataValid(0)
[2018.01.29-09.05.14:374][343]LogAnimationCompression: Building Anim DDC data for AnimSequence /Game/Animations/AnimStarterPack/Fire_Shotgun_Hip.Fire_Shotgun_Hip
[2018.01.29-09.05.14:374][343]LogAnimationCompression: Recompressing (AnimSequence /Game/Animations/AnimStarterPack/Fire_Shotgun_Hip.Fire_Shotgun_Hip) using current/default (AnimCompress_BitwiseCompressOnly_23) bFirstRecompressUsingCurrentOrDefault(1) bTryAlternateCompressor(0) IsCompressedDataValid(0)
[2018.01.29-09.05.14:378][343]LogAnimationCompression: Building Anim DDC data for AnimSequence /Game/Animations/AnimStarterPack/Fire_Shotgun_Ironsights.Fire_Shotgun_Ironsights
[2018.01.29-09.05.14:378][343]LogAnimationCompression: Recompressing (AnimSequence /Game/Animations/AnimStarterPack/Fire_Shotgun_Ironsights.Fire_Shotgun_Ironsights) using current/default (AnimCompress_BitwiseCompressOnly_24) bFirstRecompressUsingCurrentOrDefault(1) bTryAlternateCompressor(0) IsCompressedDataValid(0)
[2018.01.29-09.05.14:382][343]LogAnimationCompression: Building Anim DDC data for AnimSequence /Game/Animations/AnimStarterPack/Hit_React_1.Hit_React_1
[2018.01.29-09.05.14:382][343]LogAnimationCompression: Recompressing (AnimSequence /Game/Animations/AnimStarterPack/Hit_React_1.Hit_React_1) using current/default (AnimCompress_BitwiseCompressOnly_25) bFirstRecompressUsingCurrentOrDefault(1) bTryAlternateCompressor(0) IsCompressedDataValid(0)
[2018.01.29-09.05.14:386][343]LogAnimationCompression: Building Anim DDC data for AnimSequence /Game/Animations/AnimStarterPack/Hit_React_2.Hit_React_2
[2018.01.29-09.05.14:386][343]LogAnimationCompression: Recompressing (AnimSequence /Game/Animations/AnimStarterPack/Hit_React_2.Hit_React_2) using current/default (AnimCompress_BitwiseCompressOnly_26) bFirstRecompressUsingCurrentOrDefault(1) bTryAlternateCompressor(0) IsCompressedDataValid(0)
[2018.01.29-09.05.14:389][343]LogAnimationCompression: Building Anim DDC data for AnimSequence /Game/Animations/AnimStarterPack/Hit_React_3.Hit_React_3
[2018.01.29-09.05.14:389][343]LogAnimationCompression: Recompressing (AnimSequence /Game/Animations/AnimStarterPack/Hit_React_3.Hit_React_3) using current/default (AnimCompress_BitwiseCompressOnly_27) bFirstRecompressUsingCurrentOrDefault(1) bTryAlternateCompressor(0) IsCompressedDataValid(0)
[2018.01.29-09.05.14:392][343]LogAnimationCompression: Building Anim DDC data for AnimSequence /Game/Animations/AnimStarterPack/Hit_React_4.Hit_React_4
[2018.01.29-09.05.14:392][343]LogAnimationCompression: Recompressing (AnimSequence /Game/Animations/AnimStarterPack/Hit_React_4.Hit_React_4) using current/default (AnimCompress_BitwiseCompressOnly_28) bFirstRecompressUsingCurrentOrDefault(1) bTryAlternateCompressor(0) IsCompressedDataValid(0)
[2018.01.29-09.05.14:397][343]LogAnimationCompression: Building Anim DDC data for AnimSequence /Game/Animations/AnimStarterPack/Idle_Pistol.Idle_Pistol
[2018.01.29-09.05.14:397][343]LogAnimationCompression: Recompressing (AnimSequence /Game/Animations/AnimStarterPack/Idle_Pistol.Idle_Pistol) using current/default (AnimCompress_BitwiseCompressOnly_29) bFirstRecompressUsingCurrentOrDefault(1) bTryAlternateCompressor(0) IsCompressedDataValid(0)
[2018.01.29-09.05.14:403][343]LogAnimationCompression: Building Anim DDC data for AnimSequence /Game/Animations/AnimStarterPack/Idle_Rifle_Hip_Break1.Idle_Rifle_Hip_Break1
[2018.01.29-09.05.14:403][343]LogAnimationCompression: Recompressing (AnimSequence /Game/Animations/AnimStarterPack/Idle_Rifle_Hip_Break1.Idle_Rifle_Hip_Break1) using current/default (AnimCompress_BitwiseCompressOnly_31) bFirstRecompressUsingCurrentOrDefault(1) bTryAlternateCompressor(0) IsCompressedDataValid(0)
[2018.01.29-09.05.14:411][343]LogAnimationCompression: Building Anim DDC data for AnimSequence /Game/Animations/AnimStarterPack/Idle_Rifle_Hip_Break2.Idle_Rifle_Hip_Break2
[2018.01.29-09.05.14:411][343]LogAnimationCompression: Recompressing (AnimSequence /Game/Animations/AnimStarterPack/Idle_Rifle_Hip_Break2.Idle_Rifle_Hip_Break2) using current/default (AnimCompress_BitwiseCompressOnly_32) bFirstRecompressUsingCurrentOrDefault(1) bTryAlternateCompressor(0) IsCompressedDataValid(0)
[2018.01.29-09.05.14:419][343]LogAnimationCompression: Building Anim DDC data for AnimSequence /Game/Animations/AnimStarterPack/Jump_From_Stand_Ironsights.Jump_From_Stand_Ironsights
[2018.01.29-09.05.14:419][343]LogAnimationCompression: Recompressing (AnimSequence /Game/Animations/AnimStarterPack/Jump_From_Stand_Ironsights.Jump_From_Stand_Ironsights) using current/default (AnimCompress_BitwiseCompressOnly_40) bFirstRecompressUsingCurrentOrDefault(1) bTryAlternateCompressor(0) IsCompressedDataValid(0)
[2018.01.29-09.05.14:424][343]LogAnimationCompression: Building Anim DDC data for AnimSequence /Game/Animations/AnimStarterPack/Prone_Death_1.Prone_Death_1
[2018.01.29-09.05.14:424][343]LogAnimationCompression: Recompressing (AnimSequence /Game/Animations/AnimStarterPack/Prone_Death_1.Prone_Death_1) using current/default (AnimCompress_BitwiseCompressOnly_41) bFirstRecompressUsingCurrentOrDefault(1) bTryAlternateCompressor(0) IsCompressedDataValid(0)
[2018.01.29-09.05.14:429][343]LogAnimationCompression: Building Anim DDC data for AnimSequence /Game/Animations/AnimStarterPack/Prone_Death_2.Prone_Death_2
[2018.01.29-09.05.14:429][343]LogAnimationCompression: Recompressing (AnimSequence /Game/Animations/AnimStarterPack/Prone_Death_2.Prone_Death_2) using current/default (AnimCompress_BitwiseCompressOnly_42) bFirstRecompressUsingCurrentOrDefault(1) bTryAlternateCompressor(0) IsCompressedDataValid(0)
[2018.01.29-09.05.14:436][343]LogAnimationCompression: Building Anim DDC data for AnimSequence /Game/Animations/AnimStarterPack/Prone_Fire_1.Prone_Fire_1
[2018.01.29-09.05.14:436][343]LogAnimationCompression: Recompressing (AnimSequence /Game/Animations/AnimStarterPack/Prone_Fire_1.Prone_Fire_1) using current/default (AnimCompress_BitwiseCompressOnly_43) bFirstRecompressUsingCurrentOrDefault(1) bTryAlternateCompressor(0) IsCompressedDataValid(0)
[2018.01.29-09.05.14:441][343]LogAnimationCompression: Building Anim DDC data for AnimSequence /Game/Animations/AnimStarterPack/Prone_Fire_2.Prone_Fire_2
[2018.01.29-09.05.14:441][343]LogAnimationCompression: Recompressing (AnimSequence /Game/Animations/AnimStarterPack/Prone_Fire_2.Prone_Fire_2) using current/default (AnimCompress_BitwiseCompressOnly_44) bFirstRecompressUsingCurrentOrDefault(1) bTryAlternateCompressor(0) IsCompressedDataValid(0)
[2018.01.29-09.05.14:451][343]LogAnimationCompression: Building Anim DDC data for AnimSequence /Game/Animations/AnimStarterPack/Prone_Reload_Rifle.Prone_Reload_Rifle
[2018.01.29-09.05.14:451][343]LogAnimationCompression: Recompressing (AnimSequence /Game/Animations/AnimStarterPack/Prone_Reload_Rifle.Prone_Reload_Rifle) using current/default (AnimCompress_BitwiseCompressOnly_46) bFirstRecompressUsingCurrentOrDefault(1) bTryAlternateCompressor(0) IsCompressedDataValid(0)
[2018.01.29-09.05.14:459][343]LogAnimationCompression: Building Anim DDC data for AnimSequence /Game/Animations/AnimStarterPack/Prone_Reload_Shotgun.Prone_Reload_Shotgun
[2018.01.29-09.05.14:459][343]LogAnimationCompression: Recompressing (AnimSequence /Game/Animations/AnimStarterPack/Prone_Reload_Shotgun.Prone_Reload_Shotgun) using current/default (AnimCompress_BitwiseCompressOnly_47) bFirstRecompressUsingCurrentOrDefault(1) bTryAlternateCompressor(0) IsCompressedDataValid(0)
[2018.01.29-09.05.14:471][343]LogAnimationCompression: Building Anim DDC data for AnimSequence /Game/Animations/AnimStarterPack/Reload_Pistol.Reload_Pistol
[2018.01.29-09.05.14:471][343]LogAnimationCompression: Recompressing (AnimSequence /Game/Animations/AnimStarterPack/Reload_Pistol.Reload_Pistol) using current/default (AnimCompress_BitwiseCompressOnly_49) bFirstRecompressUsingCurrentOrDefault(1) bTryAlternateCompressor(0) IsCompressedDataValid(0)
[2018.01.29-09.05.14:476][343]LogAnimationCompression: Building Anim DDC data for AnimSequence /Game/Animations/AnimStarterPack/Reload_Rifle_Hip.Reload_Rifle_Hip
[2018.01.29-09.05.14:476][343]LogAnimationCompression: Recompressing (AnimSequence /Game/Animations/AnimStarterPack/Reload_Rifle_Hip.Reload_Rifle_Hip) using current/default (AnimCompress_BitwiseCompressOnly_50) bFirstRecompressUsingCurrentOrDefault(1) bTryAlternateCompressor(0) IsCompressedDataValid(0)
[2018.01.29-09.05.14:480][343]LogAnimationCompression: Building Anim DDC data for AnimSequence /Game/Animations/AnimStarterPack/Reload_Rifle_Ironsights.Reload_Rifle_Ironsights
[2018.01.29-09.05.14:481][343]LogAnimationCompression: Recompressing (AnimSequence /Game/Animations/AnimStarterPack/Reload_Rifle_Ironsights.Reload_Rifle_Ironsights) using current/default (AnimCompress_BitwiseCompressOnly_51) bFirstRecompressUsingCurrentOrDefault(1) bTryAlternateCompressor(0) IsCompressedDataValid(0)
[2018.01.29-09.05.14:486][343]LogAnimationCompression: Building Anim DDC data for AnimSequence /Game/Animations/AnimStarterPack/Reload_Shotgun_Hip.Reload_Shotgun_Hip
[2018.01.29-09.05.14:486][343]LogAnimationCompression: Recompressing (AnimSequence /Game/Animations/AnimStarterPack/Reload_Shotgun_Hip.Reload_Shotgun_Hip) using current/default (AnimCompress_BitwiseCompressOnly_52) bFirstRecompressUsingCurrentOrDefault(1) bTryAlternateCompressor(0) IsCompressedDataValid(0)
[2018.01.29-09.05.14:492][343]LogAnimationCompression: Building Anim DDC data for AnimSequence /Game/Animations/AnimStarterPack/Reload_Shotgun_Ironsights.Reload_Shotgun_Ironsights
[2018.01.29-09.05.14:492][343]LogAnimationCompression: Recompressing (AnimSequence /Game/Animations/AnimStarterPack/Reload_Shotgun_Ironsights.Reload_Shotgun_Ironsights) using current/default (AnimCompress_BitwiseCompressOnly_53) bFirstRecompressUsingCurrentOrDefault(1) bTryAlternateCompressor(0) IsCompressedDataValid(0)
[2018.01.29-09.05.14:498][343]LogAnimationCompression: Building Anim DDC data for AnimSequence /Game/Animations/AnimStarterPack/Sprint_Fwd_Rifle.Sprint_Fwd_Rifle
[2018.01.29-09.05.14:498][343]LogAnimationCompression: Recompressing (AnimSequence /Game/Animations/AnimStarterPack/Sprint_Fwd_Rifle.Sprint_Fwd_Rifle) using current/default (AnimCompress_BitwiseCompressOnly_54) bFirstRecompressUsingCurrentOrDefault(1) bTryAlternateCompressor(0) IsCompressedDataValid(0)
[2018.01.29-09.05.14:506][343]LogAnimationCompression: Building Anim DDC data for AnimSequence /Game/Animations/AnimStarterPack/Stand_to_Crouch_Rifle_Hip.Stand_to_Crouch_Rifle_Hip
[2018.01.29-09.05.14:506][343]LogAnimationCompression: Recompressing (AnimSequence /Game/Animations/AnimStarterPack/Stand_to_Crouch_Rifle_Hip.Stand_to_Crouch_Rifle_Hip) using current/default (AnimCompress_BitwiseCompressOnly_55) bFirstRecompressUsingCurrentOrDefault(1) bTryAlternateCompressor(0) IsCompressedDataValid(0)
[2018.01.29-09.05.14:510][343]LogAnimationCompression: Building Anim DDC data for AnimSequence /Game/Animations/AnimStarterPack/Stand_to_Crouch_Rifle_Ironsights.Stand_to_Crouch_Rifle_Ironsights
[2018.01.29-09.05.14:510][343]LogAnimationCompression: Recompressing (AnimSequence /Game/Animations/AnimStarterPack/Stand_to_Crouch_Rifle_Ironsights.Stand_to_Crouch_Rifle_Ironsights) using current/default (AnimCompress_BitwiseCompressOnly_56) bFirstRecompressUsingCurrentOrDefault(1) bTryAlternateCompressor(0) IsCompressedDataValid(0)
[2018.01.29-09.05.15:520][343]LogMaterial: Missing cached shader map for material PersonaFloorMat, compiling. 
[2018.01.29-09.05.16:001][343]FBXImport: Warning: Found invalid character in a material name. Original name: Material #27 New name: Material_#27 
[2018.01.29-09.05.16:001][343]FBXImport: Warning: Warning: The imported mesh is very small. This is most likely an issue with the units used when exporting to FBX. 
[2018.01.29-09.05.16:001][343]FBXImport: Warning: Lab_Door_Cube_003 has degenerate tangent bases which will result in incorrect shading.  MikkTSpace relies on tangent bases and may result in mesh corruption, consider disabling this option. 
[2018.01.29-09.05.16:001][343]FBXImport: Warning: Lab_Door_Cube_003 has some nearly zero bi-normals which can create some issues. (Tolerance of 1E-4) 
[2018.01.29-09.06.51:685][594]LogPhysics: Warning: Initialising Body : Scale3D is (nearly) zero: Component: '/Game/Maps/SpaceStation.SpaceStation:PersistentLevel.FbxScene_door2_138.Lab_Door_Cube_003' 
[2018.01.29-09.06.51:685][594]LogPhysics: Warning: Initialising Body : Scale3D is (nearly) zero: Component: '/Game/Maps/SpaceStation.SpaceStation:PersistentLevel.FbxScene_door2_138.Lab_Door_Cube_003' 
[2018.01.29-09.06.52:332][669]LogPhysics: Warning: Initialising Body : Scale3D is (nearly) zero: Component: '/Game/Maps/SpaceStation.SpaceStation:PersistentLevel.FbxScene_door2_138.Lab_Door_Cube_003' 
[2018.01.29-09.06.52:333][669]LogPhysics: Warning: Initialising Body : Scale3D is (nearly) zero: Component: '/Game/Maps/SpaceStation.SpaceStation:PersistentLevel.FbxScene_door2_138.Lab_Door_Cube_003' 
[2018.01.29-09.06.55:077][973]LogPhysics: Warning: Initialising Body : Scale3D is (nearly) zero: Component: '/Game/Maps/SpaceStation.SpaceStation:PersistentLevel.FbxScene_door2_138.Lab_Door_Cube_003' 
[2018.01.29-09.06.55:077][973]LogPhysics: Warning: Initialising Body : Scale3D is (nearly) zero: Component: '/Game/Maps/SpaceStation.SpaceStation:PersistentLevel.FbxScene_door2_138.Lab_Door_Cube_003' 
[2018.01.29-09.07.39:144][800]LogTemp: Repeating last play command: Selected Viewport
[2018.01.29-09.07.39:170][800]LogPlayLevel: PlayLevel: No blueprints needed recompiling
[2018.01.29-09.07.39:171][800]PIE: New page: PIE session: SpaceStation (Jan 28, 2018, 5:07:39 PM)
[2018.01.29-09.07.39:171][800]LogPlayLevel: Creating play world package: /Game/Maps/UEDPIE_0_SpaceStation
[2018.01.29-09.07.39:210][800]LogPlayLevel: PIE: StaticDuplicateObject took: (0.039368s)
[2018.01.29-09.07.39:211][800]LogAIModule: Creating AISystem for world SpaceStation
[2018.01.29-09.07.39:211][800]LogPlayLevel: PIE: World Init took: (0.000720s)
[2018.01.29-09.07.39:211][800]LogPlayLevel: PIE: Created PIE world by copying editor world from /Game/Maps/SpaceStation.SpaceStation to /Game/Maps/UEDPIE_0_SpaceStation.SpaceStation (0.040520s)
[2018.01.29-09.07.39:248][800]LogInit: XAudio2 using 'Headphones (2- High Definition Audio Device)' : 2 channels at 44.1 kHz using 16 bits per sample (channel mask 0x3)
[2018.01.29-09.07.39:255][800]LogInit: FAudioDevice initialized.
[2018.01.29-09.07.39:337][800]LogLoad: Game class is 'MyGameMode_C'
[2018.01.29-09.07.39:360][800]LogWorld: Bringing World /Game/Maps/UEDPIE_0_SpaceStation.SpaceStation up for play (max tick rate 0) at 2018.01.29-01.07.39
[2018.01.29-09.07.39:361][800]LogWorld: Bringing up level for play took: 0.023042
[2018.01.29-09.07.39:407][800]LogContentBrowser: Native class hierarchy updated for 'MovieSceneCapture' in 0.0009 seconds. Added 11 classes and 0 folders.
[2018.01.29-09.07.39:411][800]PIE: Play in editor start time for /Game/Maps/UEDPIE_0_SpaceStation -0.681
[2018.01.29-09.07.55:508][706]LogEditorViewport: Clicking on Actor (LMB): FbxScene_door_C (FbxScene_door2)
[2018.01.29-09.07.58:688][ 17]LogSlate: Took 0.038311 seconds to synchronously load lazily loaded font '../../../Engine/Content/Editor/Slate/Fonts/Roboto-BoldCondensed.ttf' (158K)
[2018.01.29-09.07.59:091][ 35]LogSlate: Took 0.013066 seconds to synchronously load lazily loaded font '../../../Engine/Content/Editor/Slate/Fonts/Roboto-Italic.ttf' (157K)
[2018.01.29-09.08.24:123][ 87]LogActorFactory: Actor Factory created Lab_Door_Cube_003
[2018.01.29-09.08.24:679][144]LogActorFactory: Actor Factory created Lab_Door_Cube_003
[2018.01.29-09.09.00:578][152]LogEditorViewport: Clicking on Actor (LMB): StaticMeshActor (Cube489)
[2018.01.29-09.09.01:191][216]LogEditorViewport: Clicking on Actor (LMB): FbxScene_door_C (FbxScene_door2)
[2018.01.29-09.09.02:017][308]Cmd: DELETE
[2018.01.29-09.09.02:017][308]Cmd: ACTOR DELETE
[2018.01.29-09.09.02:101][308]LogEditorActor: Deleted Actor: FbxScene_door_C
[2018.01.29-09.09.02:120][308]LogEditorActor: Deleted 1 Actors (0.052 secs)
[2018.01.29-09.09.02:838][393]LogEditorViewport: Clicking on Actor (LMB): StaticMeshActor (Lab_Door_Cube_003)
[2018.01.29-09.09.06:802][845]LogTemp: Repeating last play command: Selected Viewport
[2018.01.29-09.09.06:816][845]LogPlayLevel: PlayLevel: No blueprints needed recompiling
[2018.01.29-09.09.06:816][845]PIE: New page: PIE session: SpaceStation (Jan 28, 2018, 5:09:06 PM)
[2018.01.29-09.09.06:816][845]LogPlayLevel: Creating play world package: /Game/Maps/UEDPIE_0_SpaceStation
[2018.01.29-09.09.06:854][845]LogPlayLevel: PIE: StaticDuplicateObject took: (0.037655s)
[2018.01.29-09.09.06:855][845]LogAIModule: Creating AISystem for world SpaceStation
[2018.01.29-09.09.06:855][845]LogPlayLevel: PIE: World Init took: (0.000617s)
[2018.01.29-09.09.06:855][845]LogPlayLevel: PIE: Created PIE world by copying editor world from /Game/Maps/SpaceStation.SpaceStation to /Game/Maps/UEDPIE_0_SpaceStation.SpaceStation (0.038658s)
[2018.01.29-09.09.06:889][845]LogInit: XAudio2 using 'Headphones (2- High Definition Audio Device)' : 2 channels at 44.1 kHz using 16 bits per sample (channel mask 0x3)
[2018.01.29-09.09.06:896][845]LogInit: FAudioDevice initialized.
[2018.01.29-09.09.06:930][845]LogLoad: Game class is 'MyGameMode_C'
[2018.01.29-09.09.06:952][845]LogWorld: Bringing World /Game/Maps/UEDPIE_0_SpaceStation.SpaceStation up for play (max tick rate 0) at 2018.01.29-01.09.06
[2018.01.29-09.09.06:953][845]LogWorld: Bringing up level for play took: 0.021976
[2018.01.29-09.09.06:956][845]PIE: Play in editor start time for /Game/Maps/UEDPIE_0_SpaceStation 0.864
[2018.01.29-09.09.22:556][694]LogEditorViewport: Clicking on Actor (context menu): StaticMeshActor (Lab_Door_Cube_003)
[2018.01.29-09.09.46:211][829]LogVSAccessor: Warning: Visual Studio is open but could not be queried - it may be blocked by a modal operation
[2018.01.29-09.09.55:061][856]LogVSAccessor: Warning: Visual Studio is open but could not be queried - it may be blocked by a modal operation
[2018.01.29-09.09.55:396][857]LogVSAccessor: Warning: Visual Studio is open but could not be queried - it may be blocked by a modal operation
[2018.01.29-09.09.55:729][858]LogVSAccessor: Warning: Visual Studio is open but could not be queried - it may be blocked by a modal operation
[2018.01.29-09.09.56:062][859]LogVSAccessor: Warning: Visual Studio is open but could not be queried - it may be blocked by a modal operation
[2018.01.29-09.09.56:395][860]LogVSAccessor: Warning: Visual Studio is open but could not be queried - it may be blocked by a modal operation
[2018.01.29-09.09.57:223][861]LogVSAccessor: Warning: Visual Studio is open but could not be queried - it may be blocked by a modal operation
[2018.01.29-09.09.57:267][862]LogVSAccessor: Warning: Visual Studio is open but could not be queried - it may be blocked by a modal operation
[2018.01.29-09.09.57:875][863]LogVSAccessor: Warning: Visual Studio is open but could not be queried - it may be blocked by a modal operation
[2018.01.29-09.10.00:991][ 34]Cmd: QUIT_EDITOR
[2018.01.29-09.10.01:014][ 34]LogExit: Preparing to exit.
[2018.01.29-09.10.01:476][ 34]LogDirectoryWatcher: A directory notification for 'M:/PS Art/ProjectArachne/ProjectArachne 4.18 - 3/Content/' was aborted.
[2018.01.29-09.10.01:513][ 34]LogExit: Editor shut down
[2018.01.29-09.10.01:515][ 34]LogExit: Transaction tracking system shut down
[2018.01.29-09.10.01:680][ 34]LogDirectoryWatcher: A directory notification for '../../../Engine/Content/' was aborted.
[2018.01.29-09.10.01:680][ 34]LogDirectoryWatcher: A directory notification for '../../../../../../PS Art/ProjectArachne/ProjectArachne 4.18 - 3/Content/' was aborted.
[2018.01.29-09.10.01:680][ 34]LogDirectoryWatcher: A directory notification for '../../../Engine/Plugins/2D/Paper2D/Content/' was aborted.
[2018.01.29-09.10.01:680][ 34]LogDirectoryWatcher: A directory notification for '../../../Engine/Plugins/Media/MediaCompositing/Content/' was aborted.
[2018.01.29-09.10.01:680][ 34]LogDirectoryWatcher: A directory notification for '../../../Engine/Plugins/Runtime/AppleARKit/Content/' was aborted.
[2018.01.29-09.10.01:680][ 34]LogDirectoryWatcher: A directory notification for '../../../Engine/Plugins/Runtime/Oculus/OculusVR/Content/' was aborted.
[2018.01.29-09.10.01:680][ 34]LogDirectoryWatcher: A directory notification for '../../../Engine/Plugins/Runtime/Steam/SteamVR/Content/' was aborted.
[2018.01.29-09.10.01:758][ 34]LogExit: Object subsystem successfully closed.
[2018.01.29-09.10.01:772][ 34]LogD3D11RHI: Shutdown
[2018.01.29-09.10.01:772][ 34]LogD3D11RHI: CleanupD3DDevice
[2018.01.29-09.10.01:774][ 34]LogD3D11RHI: ~FD3D11DynamicRHI
[2018.01.29-09.10.01:782][ 34]LogModuleManager: Shutting down and abandoning module MovieSceneCapture (558)
[2018.01.29-09.10.01:782][ 34]LogModuleManager: Shutting down and abandoning module StaticMeshEditor (556)
[2018.01.29-09.10.01:782][ 34]LogModuleManager: Shutting down and abandoning module BlueprintGraph (554)
[2018.01.29-09.10.01:782][ 34]LogModuleManager: Shutting down and abandoning module HierarchicalLODOutliner (552)
[2018.01.29-09.10.01:782][ 34]LogModuleManager: Shutting down and abandoning module DesktopPlatform (550)
[2018.01.29-09.10.01:782][ 34]LogModuleManager: Shutting down and abandoning module SceneOutliner (548)
[2018.01.29-09.10.01:782][ 34]LogModuleManager: Shutting down and abandoning module AddContentDialog (546)
[2018.01.29-09.10.01:782][ 34]LogDirectoryWatcher: A directory notification for 'M:/New programs/New folder/UE_4.18/FeaturePacks/' was aborted.
[2018.01.29-09.10.01:783][ 34]LogModuleManager: Shutting down and abandoning module WidgetCarousel (545)
[2018.01.29-09.10.01:783][ 34]LogModuleManager: Shutting down and abandoning module EditorWidgets (542)
[2018.01.29-09.10.01:783][ 34]LogModuleManager: Shutting down and abandoning module CollectionManager (540)
[2018.01.29-09.10.01:783][ 34]LogDirectoryWatcher: A directory notification for 'M:/PS Art/ProjectArachne/ProjectArachne 4.18 - 3/Content/Collections/' was aborted.
[2018.01.29-09.10.01:783][ 34]LogDirectoryWatcher: A directory notification for 'M:/PS Art/ProjectArachne/ProjectArachne 4.18 - 3/Content/Developers/Majed/Collections/' was aborted.
[2018.01.29-09.10.01:783][ 34]LogDirectoryWatcher: A directory notification for 'M:/PS Art/ProjectArachne/ProjectArachne 4.18 - 3/Saved/Collections/' was aborted.
[2018.01.29-09.10.01:783][ 34]LogModuleManager: Shutting down and abandoning module HierarchicalLODUtilities (538)
[2018.01.29-09.10.01:783][ 34]LogModuleManager: Shutting down and abandoning module StatsViewer (536)
[2018.01.29-09.10.01:783][ 34]LogModuleManager: Shutting down and abandoning module FoliageEdit (534)
[2018.01.29-09.10.01:783][ 34]LogModuleManager: Shutting down and abandoning module LandscapeEditor (532)
[2018.01.29-09.10.01:783][ 34]LogModuleManager: Shutting down and abandoning module MeshPaintMode (530)
[2018.01.29-09.10.01:783][ 34]LogModuleManager: Shutting down and abandoning module SceneDepthPickerMode (528)
[2018.01.29-09.10.01:783][ 34]LogModuleManager: Shutting down and abandoning module ActorPickerMode (526)
[2018.01.29-09.10.01:783][ 34]LogModuleManager: Shutting down and abandoning module GeometryMode (524)
[2018.01.29-09.10.01:784][ 34]LogModuleManager: Shutting down and abandoning module TextureAlignMode (522)
[2018.01.29-09.10.01:784][ 34]LogModuleManager: Shutting down and abandoning module BspMode (520)
[2018.01.29-09.10.01:784][ 34]LogModuleManager: Shutting down and abandoning module PIEPreviewDeviceProfileSelector (518)
[2018.01.29-09.10.01:784][ 34]LogModuleManager: Shutting down and abandoning module HardwareSurvey (516)
[2018.01.29-09.10.01:784][ 34]LogModuleManager: Shutting down and abandoning module SequenceRecorderSections (514)
[2018.01.29-09.10.01:784][ 34]LogModuleManager: Shutting down and abandoning module AutomationWorker (512)
[2018.01.29-09.10.01:784][ 34]LogModuleManager: Shutting down and abandoning module MatineeToLevelSequence (510)
[2018.01.29-09.10.01:784][ 34]LogModuleManager: Shutting down and abandoning module LevelSequenceEditor (508)
[2018.01.29-09.10.01:784][ 34]LogModuleManager: Shutting down and abandoning module PlacementMode (507)
[2018.01.29-09.10.01:784][ 34]LogModuleManager: Shutting down and abandoning module WmfMediaFactory (504)
[2018.01.29-09.10.01:784][ 34]LogModuleManager: Shutting down and abandoning module WmfMediaEditor (502)
[2018.01.29-09.10.01:784][ 34]LogModuleManager: Shutting down and abandoning module OpenExrWrapper (500)
[2018.01.29-09.10.01:784][ 34]LogModuleManager: Shutting down and abandoning module ImgMediaFactory (498)
[2018.01.29-09.10.01:784][ 34]LogModuleManager: Shutting down and abandoning module ImgMediaEditor (496)
[2018.01.29-09.10.01:784][ 34]LogModuleManager: Shutting down and abandoning module AvfMediaFactory (494)
[2018.01.29-09.10.01:784][ 34]LogModuleManager: Shutting down and abandoning module AvfMediaEditor (492)
[2018.01.29-09.10.01:784][ 34]LogModuleManager: Shutting down and abandoning module AndroidMediaFactory (490)
[2018.01.29-09.10.01:784][ 34]LogModuleManager: Shutting down and abandoning module AndroidMediaEditor (488)
[2018.01.29-09.10.01:784][ 34]LogModuleManager: Shutting down and abandoning module CharacterAI (486)
[2018.01.29-09.10.01:784][ 34]LogModuleManager: Shutting down and abandoning module AudioCapture (484)
[2018.01.29-09.10.01:784][ 34]LogModuleManager: Shutting down and abandoning module SequenceRecorder (483)
[2018.01.29-09.10.01:784][ 34]LogModuleManager: Shutting down and abandoning module SmartSnapping (480)
[2018.01.29-09.10.01:784][ 34]LogModuleManager: Shutting down and abandoning module SessionServices (478)
[2018.01.29-09.10.01:784][ 34]LogModuleManager: Shutting down and abandoning module ViewportSnapping (476)
[2018.01.29-09.10.01:784][ 34]LogModuleManager: Shutting down and abandoning module ViewportInteraction (474)
[2018.01.29-09.10.01:784][ 34]LogModuleManager: Shutting down and abandoning module ClothPainter (472)
[2018.01.29-09.10.01:784][ 34]LogModuleManager: Shutting down and abandoning module SkeletalMeshEditor (471)
[2018.01.29-09.10.01:784][ 34]LogModuleManager: Shutting down and abandoning module LogVisualizer (468)
[2018.01.29-09.10.01:784][ 34]LogModuleManager: Shutting down and abandoning module IntroTutorials (466)
[2018.01.29-09.10.01:784][ 34]LogModuleManager: Shutting down and abandoning module GameProjectGeneration (465)
[2018.01.29-09.10.01:784][ 34]LogModuleManager: Shutting down and abandoning module IOSPlatformEditor (462)
[2018.01.29-09.10.01:784][ 34]LogModuleManager: Shutting down and abandoning module HTML5PlatformEditor (460)
[2018.01.29-09.10.01:784][ 34]LogModuleManager: Shutting down and abandoning module AndroidPlatformEditor (458)
[2018.01.29-09.10.01:784][ 34]LogModuleManager: Shutting down and abandoning module AndroidDeviceDetection (457)
[2018.01.29-09.10.02:038][ 34]LogModuleManager: Shutting down and abandoning module WindowsPlatformEditor (454)
[2018.01.29-09.10.02:038][ 34]LogModuleManager: Shutting down and abandoning module IOSRuntimeSettings (452)
[2018.01.29-09.10.02:038][ 34]LogModuleManager: Shutting down and abandoning module AndroidRuntimeSettings (450)
[2018.01.29-09.10.02:038][ 34]LogModuleManager: Shutting down and abandoning module InputBindingEditor (448)
[2018.01.29-09.10.02:038][ 34]LogModuleManager: Shutting down and abandoning module MergeActors (446)
[2018.01.29-09.10.02:038][ 34]LogModuleManager: Shutting down and abandoning module SizeMap (444)
[2018.01.29-09.10.02:038][ 34]LogModuleManager: Shutting down and abandoning module TreeMap (442)
[2018.01.29-09.10.02:038][ 34]LogModuleManager: Shutting down and abandoning module ReferenceViewer (440)
[2018.01.29-09.10.02:038][ 34]LogModuleManager: Shutting down and abandoning module LocalizationDashboard (438)
[2018.01.29-09.10.02:038][ 34]LogModuleManager: Shutting down and abandoning module LocalizationService (437)
[2018.01.29-09.10.02:038][ 34]LogModuleManager: Shutting down and abandoning module HardwareTargeting (434)
[2018.01.29-09.10.02:038][ 34]LogModuleManager: Shutting down and abandoning module DeviceProfileEditor (432)
[2018.01.29-09.10.02:038][ 34]LogModuleManager: Shutting down and abandoning module UndoHistory (430)
[2018.01.29-09.10.02:039][ 34]LogModuleManager: Shutting down and abandoning module XmlParser (428)
[2018.01.29-09.10.02:039][ 34]LogModuleManager: Shutting down and abandoning module Blutility (426)
[2018.01.29-09.10.02:039][ 34]LogModuleManager: Shutting down and abandoning module ProjectSettingsViewer (424)
[2018.01.29-09.10.02:039][ 34]LogModuleManager: Shutting down and abandoning module ProjectTargetPlatformEditor (423)
[2018.01.29-09.10.02:039][ 34]LogModuleManager: Shutting down and abandoning module EditorSettingsViewer (420)
[2018.01.29-09.10.02:039][ 34]LogModuleManager: Shutting down and abandoning module SettingsEditor (418)
[2018.01.29-09.10.02:039][ 34]LogModuleManager: Shutting down and abandoning module ProjectLauncher (416)
[2018.01.29-09.10.02:039][ 34]LogModuleManager: Shutting down and abandoning module SessionFrontend (414)
[2018.01.29-09.10.02:039][ 34]LogModuleManager: Shutting down and abandoning module ProfilerClient (412)
[2018.01.29-09.10.02:039][ 34]LogModuleManager: Shutting down and abandoning module DeviceManager (410)
[2018.01.29-09.10.02:039][ 34]LogModuleManager: Shutting down and abandoning module TargetDeviceServices (409)
[2018.01.29-09.10.02:089][ 34]LogModuleManager: Shutting down and abandoning module AutomationController (406)
[2018.01.29-09.10.02:089][ 34]LogModuleManager: Shutting down and abandoning module AutomationWindow (404)
[2018.01.29-09.10.02:089][ 34]LogModuleManager: Shutting down and abandoning module Layers (402)
[2018.01.29-09.10.02:089][ 34]LogModuleManager: Shutting down and abandoning module ComponentVisualizers (400)
[2018.01.29-09.10.02:089][ 34]LogModuleManager: Shutting down and abandoning module DetailCustomizations (398)
[2018.01.29-09.10.02:089][ 34]LogModuleManager: Shutting down and abandoning module PackagesDialog (396)
[2018.01.29-09.10.02:089][ 34]LogModuleManager: Shutting down and abandoning module Persona (394)
[2018.01.29-09.10.02:089][ 34]LogModuleManager: Shutting down and abandoning module AdvancedPreviewScene (393)
[2018.01.29-09.10.02:089][ 34]LogModuleManager: Shutting down and abandoning module AnimGraph (391)
[2018.01.29-09.10.02:089][ 34]LogModuleManager: Shutting down and abandoning module Kismet (388)
[2018.01.29-09.10.02:097][ 34]LogModuleManager: Shutting down and abandoning module ClassViewer (386)
[2018.01.29-09.10.02:097][ 34]LogModuleManager: Shutting down and abandoning module Toolbox (384)
[2018.01.29-09.10.02:097][ 34]LogModuleManager: Shutting down and abandoning module ModuleUI (382)
[2018.01.29-09.10.02:097][ 34]LogModuleManager: Shutting down and abandoning module MovieSceneTools (380)
[2018.01.29-09.10.02:097][ 34]LogModuleManager: Shutting down and abandoning module OutputLog (378)
[2018.01.29-09.10.02:097][ 34]LogModuleManager: Shutting down and abandoning module GammaUI (376)
[2018.01.29-09.10.02:097][ 34]LogModuleManager: Shutting down and abandoning module Documentation (374)
[2018.01.29-09.10.02:097][ 34]LogModuleManager: Shutting down and abandoning module MovieSceneTracks (372)
[2018.01.29-09.10.02:097][ 34]LogModuleManager: Shutting down and abandoning module MovieScene (370)
[2018.01.29-09.10.02:097][ 34]LogModuleManager: Shutting down and abandoning module StreamingPauseRendering (368)
[2018.01.29-09.10.02:097][ 34]LogModuleManager: Shutting down and abandoning module LauncherPlatform (366)
[2018.01.29-09.10.02:097][ 34]LogModuleManager: Shutting down and abandoning module AnalyticsET (364)
[2018.01.29-09.10.02:097][ 34]LogModuleManager: Shutting down and abandoning module PortalServices (362)
[2018.01.29-09.10.02:097][ 34]LogModuleManager: Shutting down and abandoning module PortalRpc (360)
[2018.01.29-09.10.02:097][ 34]LogModuleManager: Shutting down and abandoning module MessagingRpc (358)
[2018.01.29-09.10.02:097][ 34]LogModuleManager: Shutting down and abandoning module AIModule (356)
[2018.01.29-09.10.02:097][ 34]LogModuleManager: Shutting down and abandoning module GameplayDebugger (355)
[2018.01.29-09.10.02:097][ 34]LogModuleManager: Shutting down and abandoning module AITestSuite (353)
[2018.01.29-09.10.02:097][ 34]LogModuleManager: Shutting down and abandoning module ProfilerService (350)
[2018.01.29-09.10.02:197][ 34]LogModuleManager: Shutting down and abandoning module TaskGraph (348)
[2018.01.29-09.10.02:197][ 34]LogModuleManager: Shutting down and abandoning module SteamVRController (346)
[2018.01.29-09.10.02:197][ 34]LogModuleManager: Shutting down and abandoning module ProceduralMeshComponentEditor (344)
[2018.01.29-09.10.02:197][ 34]LogModuleManager: Shutting down and abandoning module ProceduralMeshComponent (342)
[2018.01.29-09.10.02:197][ 34]LogModuleManager: Shutting down and abandoning module OculusInput (340)
[2018.01.29-09.10.02:197][ 34]LogModuleManager: Shutting down and abandoning module MobilePatchingUtils (338)
[2018.01.29-09.10.02:197][ 34]LogModuleManager: Shutting down and abandoning module CustomMeshComponent (336)
[2018.01.29-09.10.02:197][ 34]LogModuleManager: Shutting down and abandoning module CableComponent (334)
[2018.01.29-09.10.02:197][ 34]LogModuleManager: Shutting down and abandoning module ArchVisCharacter (332)
[2018.01.29-09.10.02:197][ 34]LogModuleManager: Shutting down and abandoning module AndroidPermission (330)
[2018.01.29-09.10.02:197][ 34]LogModuleManager: Shutting down and abandoning module ActorSequence (326)
[2018.01.29-09.10.02:197][ 34]LogModuleManager: Shutting down and abandoning module MediaPlayerEditor (324)
[2018.01.29-09.10.02:197][ 34]LogModuleManager: Shutting down and abandoning module MediaCompositingEditor (322)
[2018.01.29-09.10.02:197][ 34]LogModuleManager: Shutting down and abandoning module MediaCompositing (320)
[2018.01.29-09.10.02:197][ 34]LogModuleManager: Shutting down and abandoning module HTML5Networking (318)
[2018.01.29-09.10.02:197][ 34]LogModuleManager: Shutting down and abandoning module AlembicImporter (316)
[2018.01.29-09.10.02:198][ 34]LogModuleManager: Shutting down and abandoning module AlembicLibrary (315)
[2018.01.29-09.10.02:198][ 34]LogModuleManager: Shutting down and abandoning module GeometryCache (314)
[2018.01.29-09.10.02:198][ 34]LogModuleManager: Shutting down and abandoning module GeometryCacheEd (313)
[2018.01.29-09.10.02:198][ 34]LogModuleManager: Shutting down and abandoning module SpeedTreeImporter (308)
[2018.01.29-09.10.02:198][ 34]LogModuleManager: Shutting down and abandoning module PluginBrowser (306)
[2018.01.29-09.10.02:198][ 34]LogModuleManager: Shutting down and abandoning module MobileLauncherProfileWizard (304)
[2018.01.29-09.10.02:198][ 34]LogModuleManager: Shutting down and abandoning module VisualStudioSourceCodeAccess (302)
[2018.01.29-09.10.02:198][ 34]LogModuleManager: Shutting down and abandoning module VisualStudioCodeSourceCodeAccess (300)
[2018.01.29-09.10.02:198][ 34]LogModuleManager: Shutting down and abandoning module UObjectPlugin (298)
[2018.01.29-09.10.02:198][ 34]LogModuleManager: Shutting down and abandoning module SubversionSourceControl (296)
[2018.01.29-09.10.02:198][ 34]LogModuleManager: Shutting down and abandoning module PerforceSourceControl (294)
[2018.01.29-09.10.02:198][ 34]LogModuleManager: Shutting down and abandoning module GitSourceControl (292)
[2018.01.29-09.10.02:198][ 34]LogModuleManager: Shutting down and abandoning module SourceControl (291)
[2018.01.29-09.10.02:198][ 34]LogModuleManager: Shutting down and abandoning module LightPropagationVolumeEditor (288)
[2018.01.29-09.10.02:198][ 34]LogModuleManager: Shutting down and abandoning module PaperTiledImporter (286)
[2018.01.29-09.10.02:198][ 34]LogModuleManager: Shutting down and abandoning module PaperSpriteSheetImporter (284)
[2018.01.29-09.10.02:198][ 34]LogModuleManager: Shutting down and abandoning module Paper2DEditor (282)
[2018.01.29-09.10.02:198][ 34]LogModuleManager: Shutting down and abandoning module MeshPaint (281)
[2018.01.29-09.10.02:198][ 34]LogModuleManager: Shutting down and abandoning module LevelEditor (279)
[2018.01.29-09.10.02:199][ 34]LogModuleManager: Shutting down and abandoning module PixelInspectorModule (278)
[2018.01.29-09.10.02:199][ 34]LogModuleManager: Shutting down and abandoning module MainFrame (276)
[2018.01.29-09.10.02:199][ 34]LogModuleManager: Shutting down and abandoning module HotReload (275)
[2018.01.29-09.10.02:199][ 34]LogDirectoryWatcher: A directory notification for 'M:/PS Art/ProjectArachne/ProjectArachne 4.18 - 3/Binaries/Win64' was aborted.
[2018.01.29-09.10.02:199][ 34]LogModuleManager: Shutting down and abandoning module ProjectArachne (270)
[2018.01.29-09.10.02:199][ 34]LogModuleManager: Shutting down and abandoning module RuntimePhysXCooking (268)
[2018.01.29-09.10.02:199][ 34]LogModuleManager: Shutting down and abandoning module PhysXVehiclesEditor (266)
[2018.01.29-09.10.02:199][ 34]LogModuleManager: Shutting down and abandoning module PhysXVehicles (264)
[2018.01.29-09.10.02:199][ 34]LogModuleManager: Shutting down and abandoning module OculusEditor (262)
[2018.01.29-09.10.02:199][ 34]LogModuleManager: Shutting down and abandoning module LocationServicesBPLibrary (260)
[2018.01.29-09.10.02:199][ 34]LogModuleManager: Shutting down and abandoning module ImmediatePhysicsEditor (258)
[2018.01.29-09.10.02:199][ 34]LogModuleManager: Shutting down and abandoning module ImmediatePhysics (256)
[2018.01.29-09.10.02:199][ 34]LogModuleManager: Shutting down and abandoning module UdpMessaging (254)
[2018.01.29-09.10.02:299][ 34]LogModuleManager: Shutting down and abandoning module TcpMessaging (252)
[2018.01.29-09.10.02:414][ 34]LogModuleManager: Shutting down and abandoning module GameplayTagsEditor (250)
[2018.01.29-09.10.02:414][ 34]LogModuleManager: Shutting down and abandoning module FacialAnimationEditor (248)
[2018.01.29-09.10.02:414][ 34]LogModuleManager: Shutting down and abandoning module FacialAnimation (246)
[2018.01.29-09.10.02:414][ 34]LogModuleManager: Shutting down and abandoning module AssetManagerEditor (244)
[2018.01.29-09.10.02:414][ 34]LogModuleManager: Shutting down and abandoning module GraphEditor (243)
[2018.01.29-09.10.02:414][ 34]LogModuleManager: Shutting down and abandoning module ContentBrowser (241)
[2018.01.29-09.10.02:415][ 34]LogModuleManager: Shutting down and abandoning module LightPropagationVolumeRuntime (238)
[2018.01.29-09.10.02:415][ 34]LogModuleManager: Shutting down and abandoning module Paper2D (236)
[2018.01.29-09.10.02:415][ 34]LogModuleManager: Shutting down and abandoning module WindowsMoviePlayer (234)
[2018.01.29-09.10.02:415][ 34]LogModuleManager: Shutting down and abandoning module WmfMedia (232)
[2018.01.29-09.10.02:416][ 34]LogModuleManager: Shutting down and abandoning module ImgMedia (230)
[2018.01.29-09.10.02:416][ 34]LogModuleManager: Shutting down and abandoning module PacketHandler (228)
[2018.01.29-09.10.02:416][ 34]LogModuleManager: Shutting down and abandoning module ClothingSystemEditor (226)
[2018.01.29-09.10.02:416][ 34]LogModuleManager: Shutting down and abandoning module ClothingSystemRuntime (224)
[2018.01.29-09.10.02:416][ 34]LogModuleManager: Shutting down and abandoning module MediaAssets (222)
[2018.01.29-09.10.02:416][ 34]LogModuleManager: Shutting down and abandoning module Media (221)
[2018.01.29-09.10.02:421][ 34]LogModuleManager: Shutting down and abandoning module Overlay (218)
[2018.01.29-09.10.02:421][ 34]LogModuleManager: Shutting down and abandoning module OverlayEditor (217)
[2018.01.29-09.10.02:421][ 34]LogModuleManager: Shutting down and abandoning module VREditor (214)
[2018.01.29-09.10.02:421][ 34]LogModuleManager: Shutting down and abandoning module StringTableEditor (212)
[2018.01.29-09.10.02:421][ 34]LogModuleManager: Shutting down and abandoning module GameplayTasksEditor (210)
[2018.01.29-09.10.02:421][ 34]LogModuleManager: Shutting down and abandoning module BehaviorTreeEditor (208)
[2018.01.29-09.10.02:421][ 34]LogModuleManager: Shutting down and abandoning module FunctionalTesting (206)
[2018.01.29-09.10.02:421][ 34]LogModuleManager: Shutting down and abandoning module CollisionAnalyzer (204)
[2018.01.29-09.10.02:421][ 34]LogModuleManager: Shutting down and abandoning module WorkspaceMenuStructure (203)
[2018.01.29-09.10.02:421][ 34]LogModuleManager: Shutting down and abandoning module UMG (200)
[2018.01.29-09.10.02:421][ 34]LogModuleManager: Shutting down and abandoning module UMGEditor (199)
[2018.01.29-09.10.02:421][ 34]LogModuleManager: Shutting down and abandoning module Sequencer (198)
[2018.01.29-09.10.02:421][ 34]LogModuleManager: Shutting down and abandoning module MessageLog (195)
[2018.01.29-09.10.02:421][ 34]LogModuleManager: Shutting down and abandoning module SlateReflector (190)
[2018.01.29-09.10.02:421][ 34]LogModuleManager: Shutting down and abandoning module Slate (188)
[2018.01.29-09.10.02:421][ 34]LogModuleManager: Shutting down and abandoning module EditorStyle (186)
[2018.01.29-09.10.02:423][ 34]LogModuleManager: Shutting down and abandoning module MRMesh (184)
[2018.01.29-09.10.02:423][ 34]LogModuleManager: Shutting down and abandoning module SourceCodeAccess (182)
[2018.01.29-09.10.02:423][ 34]LogModuleManager: Shutting down and abandoning module HeadMountedDisplay (180)
[2018.01.29-09.10.02:423][ 34]LogModuleManager: Shutting down and abandoning module XAudio2 (178)
[2018.01.29-09.10.02:423][ 34]LogModuleManager: Shutting down and abandoning module Networking (176)
[2018.01.29-09.10.02:423][ 34]LogModuleManager: Shutting down and abandoning module Core (172)
[2018.01.29-09.10.02:423][ 34]LogModuleManager: Shutting down and abandoning module LevelSequence (168)
[2018.01.29-09.10.02:423][ 34]LogModuleManager: Shutting down and abandoning module DirectoryWatcher (166)
[2018.01.29-09.10.02:424][ 34]LogModuleManager: Shutting down and abandoning module KismetCompiler (164)
[2018.01.29-09.10.02:424][ 34]LogModuleManager: Shutting down and abandoning module MeshUtilities (162)
[2018.01.29-09.10.02:424][ 34]LogModuleManager: Shutting down and abandoning module MeshMergeUtilities (161)
[2018.01.29-09.10.02:424][ 34]LogModuleManager: Shutting down and abandoning module MeshReductionInterface (160)
[2018.01.29-09.10.02:424][ 34]LogModuleManager: Shutting down and abandoning module SimplygonSwarm (159)
[2018.01.29-09.10.02:424][ 34]LogModuleManager: Shutting down and abandoning module SimplygonMeshReduction (157)
[2018.01.29-09.10.02:424][ 34]LogModuleManager: Shutting down and abandoning module QuadricMeshReduction (155)
[2018.01.29-09.10.02:424][ 34]LogModuleManager: Shutting down and abandoning module MaterialBaking (151)
[2018.01.29-09.10.02:424][ 34]LogModuleManager: Shutting down and abandoning module DerivedDataCache (148)
[2018.01.29-09.10.02:512][ 34]LogDerivedDataCache: Shutdown
[2018.01.29-09.10.02:512][ 34]LogModuleManager: Shutting down and abandoning module TargetPlatform (146)
[2018.01.29-09.10.02:513][ 34]LogModuleManager: Shutting down and abandoning module VulkanShaderFormat (145)
[2018.01.29-09.10.02:513][ 34]LogModuleManager: Shutting down and abandoning module ShaderFormatVectorVM (143)
[2018.01.29-09.10.02:513][ 34]LogModuleManager: Shutting down and abandoning module ShaderFormatOpenGL (141)
[2018.01.29-09.10.02:513][ 34]LogModuleManager: Shutting down and abandoning module ShaderFormatD3D (139)
[2018.01.29-09.10.02:513][ 34]LogModuleManager: Shutting down and abandoning module MetalShaderFormat (137)
[2018.01.29-09.10.02:513][ 34]LogModuleManager: Shutting down and abandoning module TextureFormatUncompressed (135)
[2018.01.29-09.10.02:513][ 34]LogModuleManager: Shutting down and abandoning module TextureFormatPVR (133)
[2018.01.29-09.10.02:513][ 34]LogModuleManager: Shutting down and abandoning module TextureFormatDXT (131)
[2018.01.29-09.10.02:513][ 34]LogModuleManager: Shutting down and abandoning module TextureFormatIntelISPCTexComp (129)
[2018.01.29-09.10.02:513][ 34]LogModuleManager: Shutting down and abandoning module TextureFormatASTC (127)
[2018.01.29-09.10.02:513][ 34]LogModuleManager: Shutting down and abandoning module ImageWrapper (126)
[2018.01.29-09.10.02:513][ 34]LogModuleManager: Shutting down and abandoning module TextureFormatAndroid (123)
[2018.01.29-09.10.02:513][ 34]LogModuleManager: Shutting down and abandoning module AudioFormatOpus (121)
[2018.01.29-09.10.02:513][ 34]LogModuleManager: Shutting down and abandoning module AudioFormatOgg (119)
[2018.01.29-09.10.02:513][ 34]LogModuleManager: Shutting down and abandoning module AudioFormatADPCM (117)
[2018.01.29-09.10.02:513][ 34]LogModuleManager: Shutting down and abandoning module LinuxTargetPlatform (115)
[2018.01.29-09.10.02:513][ 34]LogModuleManager: Shutting down and abandoning module LinuxServerTargetPlatform (113)
[2018.01.29-09.10.02:513][ 34]LogModuleManager: Shutting down and abandoning module LinuxNoEditorTargetPlatform (111)
[2018.01.29-09.10.02:513][ 34]LogModuleManager: Shutting down and abandoning module LinuxClientTargetPlatform (109)
[2018.01.29-09.10.02:513][ 34]LogModuleManager: Shutting down and abandoning module TVOSTargetPlatform (107)
[2018.01.29-09.10.02:513][ 34]LogModuleManager: Shutting down and abandoning module Messaging (105)
[2018.01.29-09.10.02:513][ 34]LogModuleManager: Shutting down and abandoning module IOSTargetPlatform (103)
[2018.01.29-09.10.02:513][ 34]LogModuleManager: Shutting down and abandoning module HTML5TargetPlatform (101)
[2018.01.29-09.10.02:513][ 34]LogModuleManager: Shutting down and abandoning module AndroidTargetPlatform (99)
[2018.01.29-09.10.02:513][ 34]LogModuleManager: Shutting down and abandoning module Android_PVRTCTargetPlatform (97)
[2018.01.29-09.10.02:513][ 34]LogModuleManager: Shutting down and abandoning module Android_MultiTargetPlatform (95)
[2018.01.29-09.10.02:513][ 34]LogModuleManager: Shutting down and abandoning module Android_ETC2TargetPlatform (93)
[2018.01.29-09.10.02:513][ 34]LogModuleManager: Shutting down and abandoning module Android_ETC1TargetPlatform (91)
[2018.01.29-09.10.02:513][ 34]LogModuleManager: Shutting down and abandoning module Android_DXTTargetPlatform (89)
[2018.01.29-09.10.02:513][ 34]LogModuleManager: Shutting down and abandoning module Android_ATCTargetPlatform (87)
[2018.01.29-09.10.02:513][ 34]LogModuleManager: Shutting down and abandoning module Android_ASTCTargetPlatform (85)
[2018.01.29-09.10.02:513][ 34]LogModuleManager: Shutting down and abandoning module WindowsTargetPlatform (83)
[2018.01.29-09.10.02:513][ 34]LogModuleManager: Shutting down and abandoning module WindowsServerTargetPlatform (81)
[2018.01.29-09.10.02:513][ 34]LogModuleManager: Shutting down and abandoning module WindowsNoEditorTargetPlatform (79)
[2018.01.29-09.10.02:513][ 34]LogModuleManager: Shutting down and abandoning module WindowsClientTargetPlatform (77)
[2018.01.29-09.10.02:513][ 34]LogModuleManager: Shutting down and abandoning module MacTargetPlatform (75)
[2018.01.29-09.10.02:513][ 34]LogModuleManager: Shutting down and abandoning module MacServerTargetPlatform (73)
[2018.01.29-09.10.02:513][ 34]LogModuleManager: Shutting down and abandoning module MacNoEditorTargetPlatform (71)
[2018.01.29-09.10.02:513][ 34]LogModuleManager: Shutting down and abandoning module MacClientTargetPlatform (69)
[2018.01.29-09.10.02:513][ 34]LogModuleManager: Shutting down and abandoning module AllDesktopTargetPlatform (67)
[2018.01.29-09.10.02:513][ 34]LogModuleManager: Shutting down and abandoning module InputCore (64)
[2018.01.29-09.10.02:513][ 34]LogModuleManager: Shutting down and abandoning module Settings (62)
[2018.01.29-09.10.02:513][ 34]LogModuleManager: Shutting down and abandoning module PhysXCooking (60)
[2018.01.29-09.10.02:513][ 34]LogModuleManager: Shutting down and abandoning module SteamVR (58)
[2018.01.29-09.10.02:513][ 34]LogModuleManager: Shutting down and abandoning module OculusHMD (56)
[2018.01.29-09.10.02:513][ 34]LogModuleManager: Shutting down and abandoning module ExampleDeviceProfileSelector (54)
[2018.01.29-09.10.02:513][ 34]LogModuleManager: Shutting down and abandoning module AppleARKit (52)
[2018.01.29-09.10.02:514][ 34]LogModuleManager: Shutting down and abandoning module AugmentedReality (51)
[2018.01.29-09.10.02:514][ 34]LogModuleManager: Shutting down and abandoning module OnlineBlueprintSupport (48)
[2018.01.29-09.10.02:514][ 34]LogModuleManager: Shutting down and abandoning module OnlineSubsystem (44)
[2018.01.29-09.10.02:514][ 34]LogModuleManager: Shutting down and abandoning module XMPP (43)
[2018.01.29-09.10.02:514][ 34]LogModuleManager: Shutting down and abandoning module HTTP (41)
[2018.01.29-09.10.02:514][ 34]LogHttp: Display: Http module shutting down, but needs to wait on 1 outstanding Http requests:
[2018.01.29-09.10.02:514][ 34]LogHttp: Display: 	verb=[POST] url=[https://datarouter.ol.epicgames.com/datarouter/api/v1/public/data?SessionID=%7B017FC152-43C8-577D-D7C4-E6A2FD88B46F%7D&AppID=UEEditor.Rocket.Release&AppVersion=4.18.3-3832480%2B%2B%2BUE4%2BRelease-4.18&UserID=b812bac24f0e4f77ca8e11add164fc38%7C1b369bfa75be4150a68487defe7c8d96%7C8d4f9b3d-3dff-4f69-8630-cbb5bbefa292&AppEnvironment=datacollector-binary&UploadType=eteventstream] status=Processing
[2018.01.29-09.10.02:537][ 34]LogModuleManager: Shutting down and abandoning module SSL (40)
[2018.01.29-09.10.02:537][ 34]LogModuleManager: Shutting down and abandoning module AnimationModifiers (36)
[2018.01.29-09.10.02:537][ 34]LogModuleManager: Shutting down and abandoning module PropertyEditor (35)
[2018.01.29-09.10.02:537][ 34]LogModuleManager: Shutting down and abandoning module AudioEditor (32)
[2018.01.29-09.10.02:538][ 34]LogModuleManager: Shutting down and abandoning module TextureCompressor (30)
[2018.01.29-09.10.02:538][ 34]LogModuleManager: Shutting down and abandoning module ShaderCore (28)
[2018.01.29-09.10.02:538][ 34]LogModuleManager: Shutting down and abandoning module Landscape (26)
[2018.01.29-09.10.02:538][ 34]LogModuleManager: Shutting down and abandoning module SlateRHIRenderer (24)
[2018.01.29-09.10.02:538][ 34]LogModuleManager: Shutting down and abandoning module OpenGLDrv (22)
[2018.01.29-09.10.02:538][ 34]LogModuleManager: Shutting down and abandoning module D3D11RHI (20)
[2018.01.29-09.10.02:538][ 34]LogModuleManager: Shutting down and abandoning module AnimGraphRuntime (18)
[2018.01.29-09.10.02:538][ 34]LogModuleManager: Shutting down and abandoning module Renderer (16)
[2018.01.29-09.10.02:538][ 34]LogModuleManager: Shutting down and abandoning module Engine (14)
[2018.01.29-09.10.02:538][ 34]LogModuleManager: Shutting down and abandoning module CoreUObject (12)
[2018.01.29-09.10.02:538][ 34]LogModuleManager: Shutting down and abandoning module NetworkFile (10)
[2018.01.29-09.10.02:538][ 34]LogModuleManager: Shutting down and abandoning module CookedIterativeFile (8)
[2018.01.29-09.10.02:538][ 34]LogModuleManager: Shutting down and abandoning module StreamingFile (6)
[2018.01.29-09.10.02:538][ 34]LogModuleManager: Shutting down and abandoning module SandboxFile (4)
[2018.01.29-09.10.02:539][ 34]LogModuleManager: Shutting down and abandoning module PakFile (2)
[2018.01.29-09.10.02:541][ 34]LogExit: Exiting.
[2018.01.29-09.10.02:552][ 34]Log file closed, 01/29/18 01:10:02
