"../../../ProjectArachne/Content/Animations/AnimStarterPack/UE4_Mannequin/Mesh/UE4_Mannequin_Skeleton.uasset" 0
"../../../ProjectArachne/Content/Animations/AnimStarterPack/Aim_Space_Hip.uasset" 1
"../../../ProjectArachne/Content/Animations/AnimStarterPack/Aim_Space_Ironsights.uasset" 2
"../../../ProjectArachne/Content/Animations/AnimStarterPack/Crouch_to_Stand_Rifle_Hip.uasset" 3
"../../../ProjectArachne/Content/Animations/AnimStarterPack/Crouch_to_Stand_Rifle_Ironsights.uasset" 4
"../../../ProjectArachne/Content/Animations/AnimStarterPack/Death_1.uasset" 5
"../../../ProjectArachne/Content/Animations/AnimStarterPack/Death_2.uasset" 6
"../../../ProjectArachne/Content/Animations/AnimStarterPack/Death_3.uasset" 7
"../../../ProjectArachne/Content/Animations/AnimStarterPack/Death_Ironsights_1.uasset" 8
"../../../ProjectArachne/Content/Animations/AnimStarterPack/Death_Ironsights_2.uasset" 9
"../../../ProjectArachne/Content/Animations/AnimStarterPack/Fire_Shotgun_Ironsights.uasset" 10
"../../../ProjectArachne/Content/Animations/AnimStarterPack/Hit_React_4.uasset" 11
"../../../ProjectArachne/Content/Animations/AnimStarterPack/Idle_Pistol.uasset" 12
"../../../ProjectArachne/Content/Animations/AnimStarterPack/Jump_From_Stand_Ironsights.uasset" 13
"../../../ProjectArachne/Content/Animations/AnimStarterPack/Prone_Death_1.uasset" 14
"../../../ProjectArachne/Content/Animations/AnimStarterPack/Prone_Death_2.uasset" 15
"../../../ProjectArachne/Content/Animations/AnimStarterPack/Prone_Fire_1.uasset" 16
"../../../ProjectArachne/Content/Animations/AnimStarterPack/Prone_Fire_2.uasset" 17
"../../../ProjectArachne/Content/Animations/AnimStarterPack/Prone_Idle.uasset" 18
"../../../ProjectArachne/Content/Animations/AnimStarterPack/Prone_Reload_Rifle.uasset" 19
"../../../ProjectArachne/Content/Animations/AnimStarterPack/Prone_Reload_Shotgun.uasset" 20
"../../../ProjectArachne/Content/Animations/AnimStarterPack/Prone_To_Stand.uasset" 21
"../../../ProjectArachne/Content/Animations/AnimStarterPack/Reload_Pistol.uasset" 22
"../../../ProjectArachne/Content/Animations/AnimStarterPack/Reload_Rifle_Ironsights.uasset" 23
"../../../ProjectArachne/Content/Animations/AnimStarterPack/Reload_Shotgun_Hip.uasset" 24
"../../../ProjectArachne/Content/Animations/AnimStarterPack/Reload_Shotgun_Ironsights.uasset" 25
"../../../ProjectArachne/Content/Animations/AnimStarterPack/Sprint_Fwd_Rifle.uasset" 26
"../../../ProjectArachne/Content/Animations/AnimStarterPack/Stand_to_Crouch_Rifle_Hip.uasset" 27
"../../../ProjectArachne/Content/Animations/AnimStarterPack/Stand_to_Crouch_Rifle_Ironsights.uasset" 28
"../../../ProjectArachne/Content/Animations/AnimStarterPack/Stand_To_Prone.uasset" 29
"../../../ProjectArachne/Content/Animations/AnimStarterPack/AimPoses/FromMultipleAim.uasset" 30
"../../../ProjectArachne/Content/Animations/AnimStarterPack/Idle_Rifle_Hip.uasset" 31
"../../../ProjectArachne/Content/Animations/AnimStarterPack/AimPoses/Aim_Center.uasset" 32
"../../../ProjectArachne/Content/Animations/AnimStarterPack/AimPoses/Aim_Center_Down.uasset" 33
"../../../ProjectArachne/Content/Animations/AnimStarterPack/AimPoses/Aim_Center_Up.uasset" 34
"../../../ProjectArachne/Content/Animations/AnimStarterPack/UE4_Mannequin/Mesh/UE4_Mannequin_Skeleton_AimOffset2D.uasset" 35
"../../../ProjectArachne/Content/Animations/AnimStarterPack/Crouch_Idle_Rifle_Hip.uasset" 36
"../../../ProjectArachne/Content/Animations/AnimStarterPack/Crouch_Idle_Rifle_Ironsights.uasset" 37
"../../../ProjectArachne/Content/Animations/AnimStarterPack/Idle_Rifle_Ironsights.uasset" 38
"../../../ProjectArachne/Content/Animations/AnimStarterPack/Jump_From_Jog.uasset" 39
"../../../ProjectArachne/Content/Animations/AnimStarterPack/Jump_From_Stand.uasset" 40
"../../../ProjectArachne/Content/Animations/AnimStarterPack/Crouch_Walk_Bwd_Rifle_Ironsights.uasset" 41
"../../../ProjectArachne/Content/Animations/AnimStarterPack/Crouch_Walk_Fwd_Rifle_Ironsights.uasset" 42
"../../../ProjectArachne/Content/Animations/AnimStarterPack/Crouch_Walk_Lt_Rifle_Ironsights.uasset" 43
"../../../ProjectArachne/Content/Animations/AnimStarterPack/Crouch_Walk_Rt_Rifle_Ironsights.uasset" 44
"../../../ProjectArachne/Content/BluePrints/Chr_BPs/BlendAnims/Aiming_Crouch_Blend.uasset" 45
"../../../ProjectArachne/Content/Animations/AnimStarterPack/Walk_Bwd_Rifle_Ironsights.uasset" 46
"../../../ProjectArachne/Content/Animations/AnimStarterPack/Walk_Fwd_Rifle_Ironsights.uasset" 47
"../../../ProjectArachne/Content/Animations/AnimStarterPack/Walk_Lt_Rifle_Ironsights.uasset" 48
"../../../ProjectArachne/Content/Animations/AnimStarterPack/Walk_Rt_Rifle_Ironsights.uasset" 49
"../../../ProjectArachne/Content/BluePrints/Chr_BPs/BlendAnims/Aiming_Walk_Blend.uasset" 50
"../../../ProjectArachne/Content/Animations/AnimStarterPack/Crouch_Walk_Bwd_Rifle_Hip.uasset" 51
"../../../ProjectArachne/Content/Animations/AnimStarterPack/Crouch_Walk_Fwd_Rifle_Hip.uasset" 52
"../../../ProjectArachne/Content/Animations/AnimStarterPack/Crouch_Walk_Lt_Rifle_Hip.uasset" 53
"../../../ProjectArachne/Content/Animations/AnimStarterPack/Crouch_Walk_Rt_Rifle_Hip.uasset" 54
"../../../ProjectArachne/Content/BluePrints/Chr_BPs/BlendAnims/Crouch_Blend.uasset" 55
"../../../ProjectArachne/Content/Animations/AnimStarterPack/Jog_Bwd_Rifle.uasset" 56
"../../../ProjectArachne/Content/Animations/AnimStarterPack/Jog_Fwd_Rifle.uasset" 57
"../../../ProjectArachne/Content/Animations/AnimStarterPack/Jog_Lt_Rifle.uasset" 58
"../../../ProjectArachne/Content/Animations/AnimStarterPack/Jog_Rt_Rifle.uasset" 59
"../../../ProjectArachne/Content/BluePrints/Chr_BPs/BlendAnims/Jog_Blend.uasset" 60
"../../../ProjectArachne/Content/BluePrints/Chr_BPs/BlendAnims/Walk_Blend.uasset" 61
"../../../ProjectArachne/Content/BluePrints/Chr_BPs/ParentChr_Anim_BP.uasset" 62
"../../../ProjectArachne/Content/Animations/AnimStarterPack/Fire_Shotgun_Hip.uasset" 63
"../../../ProjectArachne/Content/BluePrints/Chr_BPs/Montage/MT_MELEE.uasset" 64
"../../../ProjectArachne/Content/Animations/AnimStarterPack/Reload_Rifle_Hip.uasset" 65
"../../../ProjectArachne/Content/BluePrints/Chr_BPs/Montage/MT_RELOAD.uasset" 66
"../../../ProjectArachne/Content/Animations/AnimStarterPack/Fire_Rifle_Hip.uasset" 67
"../../../ProjectArachne/Content/BluePrints/Chr_BPs/Montage/MT_SHOOTING.uasset" 68
"../../../ProjectArachne/Content/Animations/AnimStarterPack/Fire_Rifle_Ironsights.uasset" 69
"../../../ProjectArachne/Content/BluePrints/Chr_BPs/Montage/MT_SHOOTING_IRONSIGHT.uasset" 70
"../../../ProjectArachne/Content/Animations/AnimStarterPack/Equip_Rifle_Standing.uasset" 71
"../../../ProjectArachne/Content/BluePrints/Chr_BPs/Montage/MT_SWITCHWEAPON_LEFTHAND.uasset" 72
"../../../ProjectArachne/Content/BluePrints/Chr_BPs/Montage/MT_SWITCHWEAPON_RIGHTHAND.uasset" 73
"../../../ProjectArachne/Content/BluePrints/Chr_BPs/Montage/MT_THROWGRENADE.uasset" 74
"../../../Engine/Content/EditorBlueprintResources/ActorMacros.uasset" 75
"../../../Engine/Content/EditorBlueprintResources/StandardMacros.uasset" 76
"../../../ProjectArachne/Content/BluePrints/Chr_BPs/Active_Gun_BP.uasset" 77
"../../../ProjectArachne/Content/BluePrints/Chr_BPs/iDamageable.uasset" 78
"../../../ProjectArachne/Content/BluePrints/Chr_BPs/GunPlaceHolder/GunTestMaterial.uasset" 79
"../../../Engine/Content/Functions/Engine_MaterialFunctions01/Opacity/CameraDepthFade.uasset" 80
"../../../Engine/Content/EngineMaterials/T_Default_Material_Grid_M.uasset" 81
"../../../Engine/Content/EngineMaterials/T_Default_Material_Grid_N.uasset" 82
"../../../Engine/Content/EngineMaterials/DefaultMaterial.uasset" 83
"../../../Engine/Content/BasicShapes/Sphere.uasset" 84
"../../../Engine/Content/EditorSounds/GamePreview/EndSimulate.uasset" 85
"../../../Engine/Content/EditorSounds/GamePreview/EndSimulate_Cue.uasset" 86
"../../../ProjectArachne/Content/Particles/P_Logo_Flare.uasset" 87
"../../../ProjectArachne/Content/BluePrints/Chr_BPs/GunPlaceHolder/Gun_Projectile_BP.uasset" 88
"../../../Engine/Content/EngineMaterials/WorldGridMaterial.uasset" 89
"../../../ProjectArachne/Content/Models/Assault_Rifle/rifle_weapon_laser_sight.uasset" 90
"../../../ProjectArachne/Content/BluePrints/Chr_BPs/GunPlaceHolder/TEST_ACTOR_GUN2.uasset" 91
"../../../ProjectArachne/Content/BluePrints/Chr_BPs/iHealable.uasset" 92
"../../../ProjectArachne/Content/BluePrints/Chr_BPs/Beam/RoundTargetBeam.uasset" 93
"../../../Engine/Content/EditorSounds/GamePreview/EjectFromPlayer.uasset" 94
"../../../Engine/Content/EditorSounds/GamePreview/EjectFromPlayer_Cue.uasset" 95
"../../../Engine/Content/EditorSounds/Notifications/CompileFailed.uasset" 96
"../../../Engine/Content/EditorSounds/Notifications/CompileFailed_Cue.uasset" 97
"../../../Engine/Content/VREditor/Sounds/UI/Click_on_Button_Cue.uasset" 98
"../../../Engine/Content/Functions/Engine_MaterialFunctions02/Utility/BlendAngleCorrectedNormals.uasset" 99
"../../../Engine/Content/Functions/MaterialLayerFunctions/MatLayerBlend_AO.uasset" 100
"../../../Engine/Content/Functions/MaterialLayerFunctions/MatLayerBlend_NormalBlend.uasset" 101
"../../../Engine/Content/Functions/MaterialLayerFunctions/MatLayerBlend_Simple.uasset" 102
"../../../ProjectArachne/Content/Animations/AnimStarterPack/UE4_Mannequin/Materials/MaterialLayers/T_ML_Rubber_Blue_01_D.uasset" 103
"../../../ProjectArachne/Content/Animations/AnimStarterPack/UE4_Mannequin/Materials/MaterialLayers/T_ML_Rubber_Blue_01_N.uasset" 104
"../../../ProjectArachne/Content/Animations/AnimStarterPack/UE4_Mannequin/Materials/MaterialLayers/ML_GlossyBlack_Latex_UE4.uasset" 105
"../../../ProjectArachne/Content/Animations/AnimStarterPack/UE4_Mannequin/Materials/MaterialLayers/ML_Plastic_Shiny_Beige.uasset" 106
"../../../ProjectArachne/Content/Animations/AnimStarterPack/UE4_Mannequin/Textures/UE4_LOGO_CARD.uasset" 107
"../../../ProjectArachne/Content/Animations/AnimStarterPack/UE4_Mannequin/Materials/MaterialLayers/ML_Plastic_Shiny_Beige_LOGO.uasset" 108
"../../../ProjectArachne/Content/Animations/AnimStarterPack/UE4_Mannequin/Materials/MaterialLayers/T_ML_Aluminum01.uasset" 109
"../../../ProjectArachne/Content/Animations/AnimStarterPack/UE4_Mannequin/Materials/MaterialLayers/T_ML_Aluminum01_N.uasset" 110
"../../../ProjectArachne/Content/Animations/AnimStarterPack/UE4_Mannequin/Materials/MaterialLayers/ML_SoftMetal_UE4.uasset" 111
"../../../ProjectArachne/Content/Animations/AnimStarterPack/UE4_Mannequin/Textures/UE4_Mannequin__normals.uasset" 112
"../../../ProjectArachne/Content/Animations/AnimStarterPack/UE4_Mannequin/Textures/UE4_Mannequin_MAT_MASKA.uasset" 113
"../../../ProjectArachne/Content/Animations/AnimStarterPack/UE4_Mannequin/Textures/UE4_Mannequin_occlusion_Mobile.uasset" 114
"../../../ProjectArachne/Content/Animations/AnimStarterPack/UE4_Mannequin/Materials/M_UE4Man_Body.uasset" 115
"../../../ProjectArachne/Content/Animations/AnimStarterPack/UE4_Mannequin/Textures/UE4Man_Logo_N.uasset" 116
"../../../ProjectArachne/Content/Animations/AnimStarterPack/UE4_Mannequin/Materials/M_UE4Man_ChestLogo.uasset" 117
"../../../ProjectArachne/Content/Animations/AnimStarterPack/UE4_Mannequin/Mesh/SK_Mannequin_PhysicsAsset.uasset" 118
"../../../ProjectArachne/Content/Animations/AnimStarterPack/UE4_Mannequin/Mesh/SK_Mannequin.uasset" 119
"../../../ProjectArachne/Content/BluePrints/Chr_BPs/Beam/M_RedBeam.uasset" 120
"../../../ProjectArachne/Content/BluePrints/Chr_BPs/Beam/P_Beam.uasset" 121
"../../../ProjectArachne/Content/BluePrints/MainMenu_BPs/E_GameState.uasset" 122
"../../../ProjectArachne/Content/GUI/UMG/MainMenu/W_ErrorDialog.uasset" 123
"../../../ProjectArachne/Content/GUI/UMG/MainMenu/covenant_finished.uasset" 124
"../../../ProjectArachne/Content/GUI/UMG/MainMenu/W_LoadingScreen.uasset" 125
"../../../ProjectArachne/Content/GUI/UMG/MainMenu/W_PlayerInfo.uasset" 126
"../../../ProjectArachne/Content/GUI/UMG/MainMenu/W_FriendData.uasset" 127
"../../../ProjectArachne/Content/GUI/UMG/MainMenu/W_FriendList.uasset" 128
"../../../ProjectArachne/Content/GUI/UMG/MainMenu/W_MainMenu.uasset" 129
"../../../ProjectArachne/Content/GUI/UMG/MainMenu/W_ServerRow.uasset" 130
"../../../ProjectArachne/Content/GUI/UMG/MainMenu/W_ServerList.uasset" 131
"../../../ProjectArachne/Content/GUI/UMG/MainMenu/Settings/AccessibiltySettings.uasset" 132
"../../../ProjectArachne/Content/GUI/UMG/MainMenu/Settings/ControlsSettings.uasset" 133
"../../../ProjectArachne/Content/GUI/UMG/MainMenu/Settings/GameplaySettings.uasset" 134
"../../../ProjectArachne/Content/GUI/UMG/MainMenu/Settings/KeyMappingSettings.uasset" 135
"../../../ProjectArachne/Content/GUI/UMG/MainMenu/Settings/SoundSettings.uasset" 136
"../../../ProjectArachne/Content/GUI/UMG/MainMenu/Settings/VideoSettings.uasset" 137
"../../../ProjectArachne/Content/GUI/UMG/MainMenu/W_Settings.uasset" 138
"../../../ProjectArachne/Content/BluePrints/MainMenu_BPs/ProjectArachne.uasset" 139
"../../../ProjectArachne/Content/GUI/OverlayEscOptions.uasset" 140
"../../../ProjectArachne/Content/GUI/OverlayGunHUD.uasset" 141
"../../../ProjectArachne/Content/BluePrints/Chr_BPs/ParentChr_BP.uasset" 142
"../../../ProjectArachne/Content/Models/Assault_Rifle/rifle_weapon_rifle.uasset" 143
"../../../ProjectArachne/Content/BluePrints/Chr_BPs/GunPlaceHolder/TEST_ACTOR_GUN.uasset" 144
"../../../ProjectArachne/Content/BluePrints/Chr_BPs/GunPlaceHolder/TEST_ACTOR_GUN1.uasset" 145
"../../../ProjectArachne/Content/BluePrints/Chr_BPs/EngineerChr_BP.uasset" 146
"../../../ProjectArachne/Content/BluePrints/Chr_BPs/MedicChr_BP.uasset" 147
"../../../ProjectArachne/Content/BluePrints/Chr_BPs/Ravanger.uasset" 148
"../../../ProjectArachne/Content/BluePrints/Chr_BPs/GunPlaceHolder/GunTestMaterial1.uasset" 149
"../../../ProjectArachne/Content/BluePrints/Chr_BPs/GunPlaceHolder/GunTestMaterial2.uasset" 150
"../../../ProjectArachne/Content/GUI/UMG/MainMenu/W_ServerData.uasset" 151
"../../../ProjectArachne/Content/GUI/UMG/MainMenu/Settings/SettingsOptions.uasset" 152
"../../../Engine/Content/Functions/Engine_MaterialFunctions02/Fresnel_Function.uasset" 153
"../../../ProjectArachne/Content/Materials/ArchVizGlass.uasset" 154
"../../../ProjectArachne/Content/Materials/ArchVizGlass_Inst.uasset" 155
"../../../Engine/Content/Functions/Engine_MaterialFunctions01/Texturing/DetailTexturing.uasset" 156
"../../../ProjectArachne/Content/Textures/Material__25_Base_Color.uasset" 157
"../../../ProjectArachne/Content/Textures/Material__25_Roughness.uasset" 158
"../../../ProjectArachne/Content/Textures/Texture_Maps/Material__25_Normal_OpenGL.uasset" 159
"../../../ProjectArachne/Content/Materials/Color_wire_set.uasset" 160
"../../../ProjectArachne/Content/Materials/Glass.uasset" 161
"../../../Engine/Content/Functions/Engine_MaterialFunctions01/Shading/MetallicShading.uasset" 162
"../../../ProjectArachne/Content/Materials/Material_001.uasset" 163
"../../../ProjectArachne/Content/Materials/M_Logo_Flare.uasset" 164
"../../../ProjectArachne/Content/Materials/Noncolor_wire_set.uasset" 165
"../../../ProjectArachne/Content/Materials/Silver.uasset" 166
"../../../ProjectArachne/Content/Migrated/Geometry/Meshes/1M_Cube.uasset" 167
"../../../ProjectArachne/Content/Migrated/Geometry/Meshes/1M_Cube_Chamfer.uasset" 168
"../../../ProjectArachne/Content/Migrated/Geometry/Meshes/CubeMaterial.uasset" 169
"../../../ProjectArachne/Content/Migrated/Geometry/Meshes/TemplateFloor.uasset" 170
"../../../ProjectArachne/Content/Migrated/Mannequin/Character/Mesh/UE4_Mannequin_Skeleton.uasset" 171
"../../../ProjectArachne/Content/Migrated/Mannequin/Animations/ThirdPersonRun.uasset" 172
"../../../ProjectArachne/Content/Migrated/Mannequin/Animations/ThirdPersonWalk.uasset" 173
"../../../ProjectArachne/Content/Migrated/Mannequin/Animations/ThirdPerson_Jump.uasset" 174
"../../../ProjectArachne/Content/Migrated/Mannequin/Character/Materials/M_UE4Man_Body.uasset" 175
"../../../ProjectArachne/Content/Migrated/Mannequin/Character/Materials/M_UE4Man_ChestLogo.uasset" 176
"../../../ProjectArachne/Content/Migrated/Mannequin/Character/Materials/MaterialLayers/ML_GlossyBlack_Latex_UE4.uasset" 177
"../../../ProjectArachne/Content/Migrated/Mannequin/Character/Materials/MaterialLayers/ML_Plastic_Shiny_Beige.uasset" 178
"../../../ProjectArachne/Content/Migrated/Mannequin/Character/Materials/MaterialLayers/ML_Plastic_Shiny_Beige_LOGO.uasset" 179
"../../../ProjectArachne/Content/Migrated/Mannequin/Character/Materials/MaterialLayers/ML_SoftMetal_UE4.uasset" 180
"../../../ProjectArachne/Content/Migrated/Mannequin/Character/Materials/MaterialLayers/T_ML_Aluminum01.uasset" 181
"../../../ProjectArachne/Content/Migrated/Mannequin/Character/Materials/MaterialLayers/T_ML_Aluminum01_N.uasset" 182
"../../../ProjectArachne/Content/Migrated/Mannequin/Character/Materials/MaterialLayers/T_ML_Rubber_Blue_01_D.uasset" 183
"../../../ProjectArachne/Content/Migrated/Mannequin/Character/Materials/MaterialLayers/T_ML_Rubber_Blue_01_N.uasset" 184
"../../../ProjectArachne/Content/Migrated/Mannequin/Character/Mesh/SK_Mannequin_PhysicsAsset.uasset" 185
"../../../ProjectArachne/Content/Migrated/Mannequin/Character/Mesh/UE4_Mannequin_Skeleton_AnimBlueprint.uasset" 186
"../../../ProjectArachne/Content/Migrated/Mannequin/Character/Textures/UE4Man_Logo_N.uasset" 187
"../../../ProjectArachne/Content/Migrated/Mannequin/Character/Textures/UE4_LOGO_CARD.uasset" 188
"../../../ProjectArachne/Content/Migrated/Mannequin/Character/Textures/UE4_Mannequin_MAT_MASKA.uasset" 189
"../../../ProjectArachne/Content/Migrated/Mannequin/Character/Textures/UE4_Mannequin__normals.uasset" 190
"../../../ProjectArachne/Content/Migrated/ThirdPerson/Meshes/Bump_StaticMesh.uasset" 191
"../../../ProjectArachne/Content/Migrated/ThirdPerson/Meshes/LeftArm_StaticMesh.uasset" 192
"../../../ProjectArachne/Content/Migrated/ThirdPerson/Meshes/Linear_Stair_StaticMesh.uasset" 193
"../../../ProjectArachne/Content/Migrated/ThirdPerson/Meshes/RampMaterial.uasset" 194
"../../../ProjectArachne/Content/Migrated/ThirdPerson/Meshes/Ramp_StaticMesh.uasset" 195
"../../../ProjectArachne/Content/Migrated/ThirdPerson/Meshes/RightArm_StaticMesh.uasset" 196
"../../../ProjectArachne/Content/Migrated/ThirdPersonBP/Blueprints/ThirdPersonCharacter.uasset" 197
"../../../ProjectArachne/Content/Migrated/ThirdPersonBP/Blueprints/ThirdPersonGameMode.uasset" 198
"../../../ProjectArachne/Content/Migrated/ThirdPersonBP/Maps/ThirdPersonExampleMap_BuiltData.uasset" 199
"../../../ProjectArachne/Content/Models/Assault_Rifle/rifle_weapon_magazine.uasset" 200
"../../../ProjectArachne/Content/Models/Asset_mat_ref/Material_003.uasset" 201
"../../../ProjectArachne/Content/Models/Asset_mat_ref/Material_005.uasset" 202
"../../../ProjectArachne/Content/Models/Asset_mat_ref/Material_007.uasset" 203
"../../../ProjectArachne/Content/Models/Asset_mat_ref/Material_009.uasset" 204
"../../../ProjectArachne/Content/Models/Asset_mat_ref/Material_011.uasset" 205
"../../../ProjectArachne/Content/Models/Asset_mat_ref/Material_029.uasset" 206
"../../../ProjectArachne/Content/Models/Asset_mat_ref/Material_037.uasset" 207
"../../../ProjectArachne/Content/Models/Asset_mat_ref/silver_trim_metal.uasset" 208
"../../../ProjectArachne/Content/Models/Crates/Material.uasset" 209
"../../../ProjectArachne/Content/Models/Crates/Material_001.uasset" 210
"../../../ProjectArachne/Content/Models/Crates/Crates_crate_2_high_poly_bottom.uasset" 211
"../../../ProjectArachne/Content/Models/Crates/Crates_crate_2_high_poly_top.uasset" 212
"../../../ProjectArachne/Content/Models/Crates/Crates_Crate_3high_poly_inner.uasset" 213
"../../../ProjectArachne/Content/Models/Crates/Crates_Crate_3_high_poly_outer_002.uasset" 214
"../../../ProjectArachne/Content/Models/Crates/Crates_crate_4_high_poly_bottom_001.uasset" 215
"../../../ProjectArachne/Content/Models/Crates/Crates_crate_4_high_poly_top_001.uasset" 216
"../../../ProjectArachne/Content/Models/Crates/Crates_crate_high_poly.uasset" 217
"../../../ProjectArachne/Content/Models/hallway/Material__25_Base_Color.uasset" 218
"../../../ProjectArachne/Content/Models/hallway/Material__25_Metallic.uasset" 219
"../../../ProjectArachne/Content/Models/hallway/Material__25_Normal_OpenGL.uasset" 220
"../../../ProjectArachne/Content/Models/hallway/Material__27.uasset" 221
"../../../ProjectArachne/Content/Models/hallway/floor_door_t.uasset" 222
"../../../ProjectArachne/Content/Models/hallway/floor_x.uasset" 223
"../../../ProjectArachne/Content/Models/hallway/hallway_light.uasset" 224
"../../../ProjectArachne/Content/Models/hallway/textures/BaseMaterial__Normal_.uasset" 225
"../../../ProjectArachne/Content/Models/hallway/textures/Material__25_Base_Color_2.uasset" 226
"../../../ProjectArachne/Content/Models/hallway/textures/Material__25_Metallic.uasset" 227
"../../../ProjectArachne/Content/Models/hallway/textures/Material__25_Normal_OpenGL.uasset" 228
"../../../ProjectArachne/Content/Models/hallway/textures/Material__27.uasset" 229
"../../../ProjectArachne/Content/Models/hallway/roof_s_broke.uasset" 230
"../../../ProjectArachne/Content/Models/hallway/roof_x.uasset" 231
"../../../ProjectArachne/Content/Models/hallway/textures/Material__25_Metallic_2.uasset" 232
"../../../ProjectArachne/Content/Models/hallway/textures/Material__25_Normal_OpenGL_2.uasset" 233
"../../../ProjectArachne/Content/Models/hallway/textures/Material__28.uasset" 234
"../../../ProjectArachne/Content/Models/hallway/textures/Material__29.uasset" 235
"../../../ProjectArachne/Content/Models/wire/panel.uasset" 236
"../../../ProjectArachne/Content/Textures/panel_diffuse.uasset" 237
"../../../ProjectArachne/Content/Textures/Texture_Maps/Panel_Normal_Map.uasset" 238
"../../../ProjectArachne/Content/Models/wire/Materials/Floor_panel.uasset" 239
"../../../ProjectArachne/Content/Models/wire/Materials/Material_009.uasset" 240
"../../../ProjectArachne/Content/Models/wire/Materials/Material_032.uasset" 241
"../../../ProjectArachne/Content/Models/wire/Materials/Material_037.uasset" 242
"../../../ProjectArachne/Content/Models/wire/Materials/Material_040.uasset" 243
"../../../ProjectArachne/Content/Models/wire/Materials/Material_041.uasset" 244
"../../../ProjectArachne/Content/Models/wire/Materials/Material_042.uasset" 245
"../../../ProjectArachne/Content/Models/wire/Materials/Material_046.uasset" 246
"../../../ProjectArachne/Content/Models/wire/Materials/Rubber_Wire.uasset" 247
"../../../ProjectArachne/Content/Models/wire/Materials/silver_trim_metal.uasset" 248
"../../../ProjectArachne/Content/Textures/Pipe_diffuse.uasset" 249
"../../../ProjectArachne/Content/Textures/Texture_Maps/pipe_normal.uasset" 250
"../../../ProjectArachne/Content/Models/wire/Materials/wall_pipe.uasset" 251
"../../../ProjectArachne/Content/Models/wire/Materials/wire_rubber.uasset" 252
"../../../ProjectArachne/Content/Models/wire/Models/damaged_wires_1in_1_out_connector.uasset" 253
"../../../ProjectArachne/Content/Models/wire/Materials/Color_wire_set.uasset" 254
"../../../ProjectArachne/Content/Models/wire/Models/damaged_wires_2_side_in_connector.uasset" 255
"../../../ProjectArachne/Content/Models/wire/Models/damaged_wires_2_side_out_cconnector.uasset" 256
"../../../ProjectArachne/Content/Models/wire/Models/damaged_wires_7_cable_adapter.uasset" 257
"../../../ProjectArachne/Content/Models/Asset_mat_ref/wire_rubber.uasset" 258
"../../../ProjectArachne/Content/Models/wire/Models/damaged_wires_box_wire_tie.uasset" 259
"../../../ProjectArachne/Content/Models/wire/Models/damaged_wires_Double_ecterior_connector.uasset" 260
"../../../ProjectArachne/Content/Models/wire/Models/damaged_wires_double_insert_connection.uasset" 261
"../../../ProjectArachne/Content/Materials/Rubber_Wire.uasset" 262
"../../../ProjectArachne/Content/Models/wire/Models/damaged_wires_ribbed_wire.uasset" 263
"../../../ProjectArachne/Content/Models/wire/Models/damaged_wires_transformer_box.uasset" 264
"../../../ProjectArachne/Content/Models/wire/Models/damaged_wires_triple_curved_wire_set.uasset" 265
"../../../ProjectArachne/Content/Models/wire/Models/damaged_wires_triple_wire_slanted.uasset" 266
"../../../ProjectArachne/Content/Models/wire/Models/damaged_wires_wire_90_degrees.uasset" 267
"../../../ProjectArachne/Content/Textures/ribbed_pipe_texture.uasset" 268
"../../../ProjectArachne/Content/Models/wire/Materials/ribbed_wire.uasset" 269
"../../../ProjectArachne/Content/Models/wire/Models/updated_wires_BezierCurve_155.uasset" 270
"../../../ProjectArachne/Content/Models/wire/Models/updated_wires_damaged_straight_wires_50__black.uasset" 271
"../../../ProjectArachne/Content/Models/wire/Models/updated_wires_damaged_straight_wires_75__black.uasset" 272
"../../../ProjectArachne/Content/Models/wire/Models/updated_wires_Damaged_Wires_50__black.uasset" 273
"../../../ProjectArachne/Content/Models/wire/Models/updated_wires_Damaged_Wires_75__black.uasset" 274
"../../../ProjectArachne/Content/Models/wire/Models/updated_wires_damaged_wires_few.uasset" 275
"../../../ProjectArachne/Content/Models/wire/Models/updated_wires_transformer_box.uasset" 276
"../../../ProjectArachne/Content/Models/wire/Materials/Silver.uasset" 277
"../../../ProjectArachne/Content/Models/wire/Models/updated_wires_triple_wire_slanted.uasset" 278
"../../../ProjectArachne/Content/Models/wire/Models/updated_wires_triple_wire_tubing.uasset" 279
"../../../ProjectArachne/Content/Models/wire/Materials/Noncolor_wire_set.uasset" 280
"../../../ProjectArachne/Content/Models/wire/Models/wall_anchor.uasset" 281
"../../../ProjectArachne/Content/Models/wire/Models/Asset_mat_ref/Material_003.uasset" 282
"../../../ProjectArachne/Content/Models/wire/Models/Asset_mat_ref/Material_005.uasset" 283
"../../../ProjectArachne/Content/Models/wire/Models/Asset_mat_ref/Material_007.uasset" 284
"../../../ProjectArachne/Content/Models/wire/Models/Asset_mat_ref/Material_009.uasset" 285
"../../../ProjectArachne/Content/Models/wire/Models/Asset_mat_ref/Material_011.uasset" 286
"../../../ProjectArachne/Content/Models/wire/Models/Asset_mat_ref/Material_029.uasset" 287
"../../../ProjectArachne/Content/Models/wire/Models/Asset_mat_ref/Material_037.uasset" 288
"../../../ProjectArachne/Content/Models/wire/Models/Asset_mat_ref/silver_trim_metal.uasset" 289
"../../../ProjectArachne/Content/Models/wire/Models/Asset_mat_ref/wire_rubber.uasset" 290
"../../../ProjectArachne/Content/Models/wire/Textures/Material__25_Base_Color.uasset" 291
"../../../ProjectArachne/Content/Models/wire/Textures/Material__25_Base_Color_Mat.uasset" 292
"../../../ProjectArachne/Content/Models/wire/Textures/Material__25_Normal_OpenGL.uasset" 293
"../../../ProjectArachne/Content/Models/wire/Textures/Material__25_Roughness.uasset" 294
"../../../ProjectArachne/Content/Models/wire/Textures/Material__25_Roughness_Mat.uasset" 295
"../../../ProjectArachne/Content/Textures/Material__25_Base_Color_Mat.uasset" 296
"../../../ProjectArachne/Content/Textures/Material__25_Roughness_Mat.uasset" 297
"../../../ProjectArachne/Content/Textures/Texture_Maps/object_trim_ambient_map.uasset" 298
"../../../ProjectArachne/Content/Textures/Texture_Maps/object_trim_sheet_normal_map.uasset" 299
"../../../Engine/Content/BasicShapes/Cone.uasset" 300
"../../../Engine/Content/EditorLandscapeResources/DataLayer.uasset" 301
"../../../Engine/Content/EditorMaterials/GizmoMaterial.uasset" 302
"../../../Engine/Content/EditorMaterials/MAT_Groups_Toggle.uasset" 303
"../../../Engine/Content/EditorMaterials/MAT_Groups_Visibility.uasset" 304
"../../../Engine/Content/EditorMaterials/PreviewShadowIndicator.uasset" 305
"../../../Engine/Content/EditorMaterials/PreviewShadowIndicatorMaterial.uasset" 306
"../../../Engine/Content/EditorMaterials/MatineeGroups/MAT_ColorTrack.uasset" 307
"../../../Engine/Content/EditorMaterials/MatineeGroups/MAT_Groups_Anim.uasset" 308
"../../../Engine/Content/EditorMaterials/MatineeGroups/MAT_Groups_AudioMaster.uasset" 309
"../../../Engine/Content/EditorMaterials/MatineeGroups/MAT_Groups_Director.uasset" 310
"../../../Engine/Content/EditorMaterials/MatineeGroups/MAT_Groups_Event.uasset" 311
"../../../Engine/Content/EditorMaterials/MatineeGroups/MAT_Groups_Fade.uasset" 312
"../../../Engine/Content/EditorMaterials/MatineeGroups/MAT_Groups_Float.uasset" 313
"../../../Engine/Content/EditorMaterials/MatineeGroups/MAT_Groups_Move.uasset" 314
"../../../Engine/Content/EditorMaterials/MatineeGroups/MAT_Groups_Slomo.uasset" 315
"../../../Engine/Content/EditorMaterials/MatineeGroups/MAT_Groups_Sound.uasset" 316
"../../../Engine/Content/EditorMaterials/MatineeGroups/MAT_Groups_Vector.uasset" 317
"../../../Engine/Content/EditorMaterials/ParticleSystems/PSysThumbnail_NoImage.uasset" 318
"../../../Engine/Content/EditorMaterials/ParticleSystems/PSysThumbnail_OOD.uasset" 319
"../../../Engine/Content/EditorMaterials/Camera/CineMat.uasset" 320
"../../../Engine/Content/EditorMaterials/Camera/MI_CineMat_Rig.uasset" 321
"../../../Engine/Content/EditorMeshes/Camera/SM_CraneRig_Arm.uasset" 322
"../../../Engine/Content/EditorMeshes/Camera/SM_CraneRig_Base.uasset" 323
"../../../Engine/Content/EditorMeshes/Camera/SM_CraneRig_Body.uasset" 324
"../../../Engine/Content/EditorMeshes/Camera/SM_CraneRig_Mount.uasset" 325
"../../../Engine/Content/EditorMeshes/Camera/SM_RailRig_Mount.uasset" 326
"../../../Engine/Content/EditorMeshes/Camera/SM_RailRig_Track.uasset" 327
"../../../Engine/Content/EditorMeshes/ColorCalibrator/M_ChromeBall.uasset" 328
"../../../Engine/Content/EditorMeshes/ColorCalibrator/M_ClearCoat.uasset" 329
"../../../Engine/Content/EditorMeshes/ColorCalibrator/M_ClearCoatBlack.uasset" 330
"../../../Engine/Content/EditorMeshes/ColorCalibrator/Color_checker.uasset" 331
"../../../Engine/Content/EditorMeshes/ColorCalibrator/M_ColorGrid.uasset" 332
"../../../Engine/Content/EditorMeshes/ColorCalibrator/M_GreyBall.uasset" 333
"../../../Engine/Content/EditorMeshes/ColorCalibrator/SM_ColorCalibrator.uasset" 334
"../../../Engine/Content/EditorResources/BSPVertex.uasset" 335
"../../../Engine/Content/EditorResources/EmptyActor.uasset" 336
"../../../Engine/Content/EditorResources/S_Actor.uasset" 337
"../../../Engine/Content/EditorResources/S_Trigger.uasset" 338
"../../../Engine/Content/EditorResources/LightIcons/S_LightError.uasset" 339
"../../../Engine/Content/EditorResources/SequenceRecorder/Countdown.uasset" 340
"../../../Engine/Content/EditorResources/SequenceRecorder/RecordingIndicator.uasset" 341
"../../../Engine/Content/EditorSounds/Notifications/CompileSuccess.uasset" 342
"../../../Engine/Content/EditorSounds/Notifications/CompileSuccess_Cue.uasset" 343
"../../../Engine/Content/EngineDamageTypes/DmgTypeBP_Environmental.uasset" 344
"../../../Engine/Content/EngineDebugMaterials/HeatmapGradient.uasset" 345
"../../../Engine/Content/EngineDebugMaterials/BoneWeightMaterial.uasset" 346
"../../../Engine/Content/EngineDebugMaterials/ClothMaterial.uasset" 347
"../../../Engine/Content/EngineDebugMaterials/ClothMaterial_WF.uasset" 348
"../../../Engine/Content/EngineDebugMaterials/DebugEditorMaterial.uasset" 349
"../../../Engine/Content/EngineDebugMaterials/DebugMeshMaterial.uasset" 350
"../../../Engine/Content/EngineDebugMaterials/GeomMaterial.uasset" 351
"../../../Engine/Content/EngineFonts/Faces/RobotoBold.uasset" 352
"../../../Engine/Content/EngineFonts/Faces/RobotoBoldItalic.uasset" 353
"../../../Engine/Content/EngineFonts/Faces/RobotoItalic.uasset" 354
"../../../Engine/Content/EngineFonts/Faces/RobotoLight.uasset" 355
"../../../Engine/Content/EngineFonts/Faces/RobotoRegular.uasset" 356
"../../../Engine/Content/EngineFonts/Roboto.uasset" 357
"../../../Engine/Content/EngineFonts/Faces/RobotoTiny.uasset" 358
"../../../Engine/Content/EngineFonts/RobotoTiny.uasset" 359
"../../../Engine/Content/EngineMaterials/DefaultBloomKernel.uasset" 360
"../../../Engine/Content/EngineMaterials/DefaultBokeh.uasset" 361
"../../../Engine/Content/EngineMaterials/DefaultDiffuse.uasset" 362
"../../../Engine/Content/EngineMaterials/DefaultDeferredDecalMaterial.uasset" 363
"../../../Engine/Content/EngineMaterials/DefaultLightFunctionMaterial.uasset" 364
"../../../Engine/Content/EngineMaterials/DefaultPhysicalMaterial.uasset" 365
"../../../Engine/Content/Functions/Engine_MaterialFunctions02/Utility/BreakOutFloat2Components.uasset" 366
"../../../Engine/Content/EngineMaterials/DefaultPostProcessMaterial.uasset" 367
"../../../Engine/Content/EngineFonts/RobotoDistanceField.uasset" 368
"../../../Engine/Content/EngineMaterials/DefaultTextMaterialOpaque.uasset" 369
"../../../Engine/Content/EngineMaterials/DefaultWhiteGrid.uasset" 370
"../../../Engine/Content/EngineMaterials/EditorBrushMaterial.uasset" 371
"../../../Engine/Content/EngineMaterials/Good64x64TilingNoiseHighFreq.uasset" 372
"../../../Engine/Content/EngineMaterials/MiniFont.uasset" 373
"../../../Engine/Content/EngineMaterials/InvalidLightmapSettings.uasset" 374
"../../../Engine/Content/EngineMaterials/M_InvalidLightmapSettings.uasset" 375
"../../../Engine/Content/Functions/Engine_MaterialFunctions02/WorldPositionOffset/CameraOffset.uasset" 376
"../../../Engine/Content/EngineMaterials/PhAT_JointLimitMaterial.uasset" 377
"../../../Engine/Content/EngineMaterials/PreintegratedSkinBRDF.uasset" 378
"../../../Engine/Content/EngineMaterials/RemoveSurfaceMaterial.uasset" 379
"../../../Engine/Content/EngineMaterials/WeightMapPlaceholderTexture.uasset" 380
"../../../Engine/Content/EngineResources/WhiteSquareTexture.uasset" 381
"../../../Engine/Content/EngineMaterials/Widget3DPassThrough.uasset" 382
"../../../Engine/Content/EngineMaterials/Widget3DPassThrough_Masked.uasset" 383
"../../../Engine/Content/EngineMaterials/Widget3DPassThrough_Opaque.uasset" 384
"../../../Engine/Content/EngineMaterials/Widget3DPassThrough_Masked_OneSided.uasset" 385
"../../../Engine/Content/EngineMaterials/Widget3DPassThrough_Opaque_OneSided.uasset" 386
"../../../Engine/Content/EngineMaterials/Widget3DPassThrough_Translucent.uasset" 387
"../../../Engine/Content/EngineMaterials/Widget3DPassThrough_Translucent_OneSided.uasset" 388
"../../../Engine/Content/EngineMeshes/Cube.uasset" 389
"../../../Engine/Content/EngineMeshes/Cylinder.uasset" 390
"../../../Engine/Content/EngineMeshes/Sphere.uasset" 391
"../../../Engine/Content/EngineResources/Black.uasset" 392
"../../../Engine/Content/EngineResources/DefaultTexture.uasset" 393
"../../../Engine/Content/EngineResources/DefaultTextureCube.uasset" 394
"../../../Engine/Content/EngineResources/GradientTexture0.uasset" 395
"../../../Engine/Content/EngineSounds/Master.uasset" 396
"../../../Engine/Content/Functions/Engine_MaterialFunctions01/Shading/ConvertFromDiffSpec.uasset" 397
"../../../Engine/Content/Functions/Engine_MaterialFunctions01/Shading/PowerToRoughness.uasset" 398
"../../../Engine/Content/Maps/Templates/Thumbnails/Default.uasset" 399
"../../../Engine/Content/Maps/Templates/Thumbnails/VR-Basic.uasset" 400
"../../../Engine/Content/MobileResources/T_MobileControls_texture.uasset" 401
"../../../Engine/Content/MobileResources/T_MobileMenu2.uasset" 402
"../../../Engine/Content/MobileResources/HUD/AnalogHat.uasset" 403
"../../../Engine/Content/MobileResources/HUD/VirtualJoystick_Background.uasset" 404
"../../../Engine/Content/MobileResources/HUD/VirtualJoystick_Thumb.uasset" 405
"../../../Engine/Content/MobileResources/HUD/DefaultVirtualJoysticks.uasset" 406
"../../../Engine/Content/MobileResources/HUD/LeftVirtualJoystickOnly.uasset" 407
"../../../Engine/Content/MobileResources/HUD/MobileHUDButton1_off.uasset" 408
"../../../Engine/Content/MobileResources/HUD/MobileHUDButton1_on.uasset" 409
"../../../Engine/Content/MobileResources/HUD/MobileHUDButton2_off.uasset" 410
"../../../Engine/Content/MobileResources/HUD/MobileHUDButton2_on.uasset" 411
"../../../Engine/Content/MobileResources/HUD/MobileHUDButton3.uasset" 412
"../../../Engine/Content/MobileResources/HUD/MobileHUDButtonFire.uasset" 413
"../../../Engine/Content/MobileResources/HUD/MobileHUDDirectionPad.uasset" 414
"../../../Engine/Content/MobileResources/HUD/MobileHUDDirectionPad2.uasset" 415
"../../../Engine/Content/MobileResources/HUD/MobileHUDDirectionPad3.uasset" 416
"../../../Engine/Content/MobileResources/HUD/MobileHUDDirectionStick.uasset" 417
"../../../Engine/Content/MobileResources/HUD/T_Castle_ThumbstickInner.uasset" 418
"../../../Engine/Content/MobileResources/HUD/T_Castle_ThumbstickOutter.uasset" 419
"../../../Engine/Content/Tutorial/ContentIntroCurve.uasset" 420
"../../../Engine/Content/Tutorial/Basics/TutorialAssets/icon_tab_Levels_40x.uasset" 421
"../../../Engine/Content/Tutorial/BlueprintTutorials/TutorialAssets/BlueprintInterface_64x.uasset" 422
"../../../Engine/Content/Tutorial/BlueprintTutorials/TutorialAssets/BlueprintMacroLibrary_64x.uasset" 423
"../../../Engine/Content/Tutorial/BlueprintTutorials/TutorialAssets/Blueprint_64x.uasset" 424
"../../../Engine/Content/Tutorial/BlueprintTutorials/TutorialAssets/Tutorial_BP_Interface.uasset" 425
"../../../Engine/Content/Tutorial/Foliage/TutorialAssets/Foliage.uasset" 426
"../../../Engine/Content/Tutorial/Landscape/TutorialAssets/Landscape.uasset" 427
"../../../Engine/Content/Tutorial/Paper2D/TutorialAssets/Paper2DFlipbook_TutorialIcon.uasset" 428
"../../../Engine/Content/Tutorial/Paper2D/TutorialAssets/Paper2DSprite_TutorialIcon.uasset" 429
"../../../Engine/Content/Tutorial/SubEditors/TutorialAssets/icon_Editor_Preferences_General_40x.uasset" 430
"../../../Engine/Content/Tutorial/SubEditors/TutorialAssets/icon_ShowSkeletalMeshes_40x.uasset" 431
"../../../Engine/Content/Tutorial/SubEditors/TutorialAssets/TutorialMaterial.uasset" 432
"../../../Engine/Content/VREditor/Devices/Generic/GenericHMDMaterial.uasset" 433
"../../../Engine/Content/VREditor/Devices/Generic/GenericHMD.uasset" 434
"../../../Engine/Content/VREditor/FloatingText/LineMaterial.uasset" 435
"../../../Engine/Content/VREditor/FloatingText/JointSphere.uasset" 436
"../../../Engine/Content/VREditor/FloatingText/LineSegmentCylinder.uasset" 437
"../../../Engine/Content/VREditor/Fonts/VRText_RobotoLarge.uasset" 438
"../../../Engine/Content/VREditor/Fonts/VRTextMaterial.uasset" 439
"../../../Engine/Content/VREditor/Fonts/TranslucentVRTextMaterial.uasset" 440
"../../../Engine/Content/VREditor/LaserPointer/CursorPointer.uasset" 441
"../../../Engine/Content/VREditor/LaserPointer/VR_LaserPower_01.uasset" 442
"../../../Engine/Content/VREditor/TransformGizmo/TransformGizmoMaterial.uasset" 443
"../../../Engine/Content/VREditor/LaserPointer/HoverMaterial.uasset" 444
"../../../Engine/Content/VREditor/TransformGizmo/TranslucentTransformGizmoMaterial.uasset" 445
"../../../Engine/Content/VREditor/LaserPointer/TranslucentHoverMaterial.uasset" 446
"../../../Engine/Content/VREditor/LaserPointer/HoverMesh.uasset" 447
"../../../Engine/Content/VREditor/LaserPointer/LaserPointerMaterial.uasset" 448
"../../../Engine/Content/VREditor/LaserPointer/LaserPointerMaterialInst.uasset" 449
"../../../Engine/Content/VREditor/LaserPointer/TranslucentLaserPointerMaterialInst.uasset" 450
"../../../Engine/Content/VREditor/LaserPointer/LaserPointerMesh.uasset" 451
"../../../Engine/Content/VREditor/LaserPointer/LaserPointerMesh_End.uasset" 452
"../../../Engine/Content/VREditor/LaserPointer/LaserPointerMesh_Start.uasset" 453
"../../../Engine/Content/Functions/Engine_MaterialFunctions02/Utility/BreakOutFloat3Components.uasset" 454
"../../../Engine/Content/Functions/Engine_MaterialFunctions02/Math/Transform3x3Matrix.uasset" 455
"../../../Engine/Content/Functions/Engine_MaterialFunctions02/SplitComponents.uasset" 456
"../../../Engine/Content/Functions/Engine_MaterialFunctions02/Utility/MakeFloat3.uasset" 457
"../../../Engine/Content/VREditor/SnapGrid/SnapGridMaterial.uasset" 458
"../../../Engine/Content/VREditor/SnapGrid/SnapGridPlaneMesh.uasset" 459
"../../../Engine/Content/VREditor/Sounds/VR_teleport.uasset" 460
"../../../Engine/Content/VREditor/Sounds/UI/Dockable_Window_Close.uasset" 461
"../../../Engine/Content/VREditor/Sounds/UI/Dockable_Window_Drop.uasset" 462
"../../../Engine/Content/VREditor/Sounds/UI/Dockable_Window_Open.uasset" 463
"../../../Engine/Content/VREditor/Sounds/UI/Dockable_Window_Pick_Up.uasset" 464
"../../../Engine/Content/VREditor/Sounds/UI/Drop_Item_From_ContentBrowser.uasset" 465
"../../../Engine/Content/VREditor/Sounds/UI/Floating_UI_Open-001.uasset" 466
"../../../Engine/Content/VREditor/Sounds/UI/Gizmo_Handle_Clicked.uasset" 467
"../../../Engine/Content/VREditor/Sounds/UI/Object_PickUp.uasset" 468
"../../../Engine/Content/VREditor/Sounds/UI/Object_Snaps_To_Another_Actor.uasset" 469
"../../../Engine/Content/VREditor/Sounds/UI/Object_Snaps_To_Grid.uasset" 470
"../../../Engine/Content/VREditor/Sounds/UI/Radial_Menu_FadeOut.uasset" 471
"../../../Engine/Content/VREditor/Sounds/UI/Scaling_Down.uasset" 472
"../../../Engine/Content/VREditor/Sounds/UI/Scaling_Up.uasset" 473
"../../../Engine/Content/VREditor/Sounds/UI/Selection_Changes.uasset" 474
"../../../Engine/Content/VREditor/Sounds/UI/Teleport_Mode_Entered.uasset" 475
"../../../Engine/Content/VREditor/Teleport/TeleportDirectionMaterial.uasset" 476
"../../../Engine/Content/VREditor/Teleport/TeleportDirectionMaterial_Inst.uasset" 477
"../../../Engine/Content/VREditor/Teleport/TeleportDirectionMesh.uasset" 478
"../../../Engine/Content/VREditor/TransformGizmo/BoundingBoxCorner.uasset" 479
"../../../Engine/Content/VREditor/TransformGizmo/BoundingBoxEdge.uasset" 480
"../../../Engine/Content/VREditor/TransformGizmo/PlaneTranslationHandle.uasset" 481
"../../../Engine/Content/VREditor/TransformGizmo/RotationHandleFull.uasset" 482
"../../../Engine/Content/VREditor/TransformGizmo/RotationHandleIndicator.uasset" 483
"../../../Engine/Content/VREditor/TransformGizmo/RotationHandleQuarter.uasset" 484
"../../../Engine/Content/VREditor/TransformGizmo/Main.uasset" 485
"../../../Engine/Content/VREditor/TransformGizmo/Xray.uasset" 486
"../../../Engine/Content/VREditor/TransformGizmo/SM_Dialog_Close.uasset" 487
"../../../Engine/Content/VREditor/TransformGizmo/SM_Dialog_Move.uasset" 488
"../../../Engine/Content/VREditor/TransformGizmo/SM_Sequencer_Key.uasset" 489
"../../../Engine/Content/VREditor/TransformGizmo/SM_Sequencer_Node.uasset" 490
"../../../Engine/Content/VREditor/TransformGizmo/StartRotationHandleIndicator.uasset" 491
"../../../Engine/Content/VREditor/TransformGizmo/TranslucentTransformGizmoMaterial_Inst.uasset" 492
"../../../Engine/Content/VREditor/TransformGizmo/TransformGizmoFreeRotation.uasset" 493
"../../../Engine/Content/VREditor/TransformGizmo/TransformGizmoMaterial_Inst.uasset" 494
"../../../Engine/Content/VREditor/TransformGizmo/TranslateArrowHandle.uasset" 495
"../../../Engine/Content/VREditor/TransformGizmo/UniformScaleHandle.uasset" 496
"../../../Engine/Content/VREditor/UI/KeyDiskMaterial.uasset" 497
"../../../Engine/Content/VREditor/UI/DiscMaterial.uasset" 498
"../../../Engine/Content/VREditor/UI/SM_Radial_Disk.uasset" 499
"../../../Engine/Content/Functions/Engine_MaterialFunctions01/Gradient/RadialGradient.uasset" 500
"../../../Engine/Content/VREditor/WorldMovementGrid/SimpleGrid.uasset" 501
"../../../Engine/Content/VREditor/WorldMovementGrid/GridMaterial.uasset" 502
"../../../Engine/Content/Functions/Engine_MaterialFunctions01/Density/ExponentialDensity.uasset" 503
"../../../Engine/Content/VREditor/WorldMovementGrid/GridPostProcess.uasset" 504
"../../../Engine/Content/EditorLandscapeResources/FlattenHeightMat.uasset" 505
"../../../Engine/Content/VREditor/WorldMovementGrid/PlaneMesh.uasset" 506
"../../../Engine/Plugins/2D/Paper2D/Content/PlaceholderTextures/DummySpriteTexture.uasset" 507
"../../../Engine/Plugins/2D/Paper2D/Content/DummySprite.uasset" 508
"../../../Engine/Plugins/2D/Paper2D/Content/DefaultPaperTerrainMaterial.uasset" 509
"../../../Engine/Plugins/2D/Paper2D/Content/DefaultSpriteMaterial.uasset" 510
"../../../Engine/Plugins/2D/Paper2D/Content/MaskedUnlitSpriteMaterial.uasset" 511
"../../../Engine/Plugins/2D/Paper2D/Content/OpaqueUnlitSpriteMaterial.uasset" 512
"../../../Engine/Plugins/Media/MediaCompositing/Content/DefaultMediaPlaneMaterial.uasset" 513
"../../../Engine/Content/Functions/Engine_MaterialFunctions02/Utility/MakeFloat4.uasset" 514
"../../../Engine/Plugins/Runtime/AppleARKit/Content/ARKitCameraMaterial.uasset" 515
"../../../Engine/Plugins/Runtime/Oculus/OculusVR/Content/Textures/GearVRController_AO.uasset" 516
"../../../Engine/Plugins/Runtime/Oculus/OculusVR/Content/Textures/GearVRController_Color.uasset" 517
"../../../Engine/Plugins/Runtime/Oculus/OculusVR/Content/Textures/GearVRController_Normal.uasset" 518
"../../../Engine/Plugins/Runtime/Oculus/OculusVR/Content/Materials/GearVRControllerMaterial.uasset" 519
"../../../Engine/Plugins/Runtime/Oculus/OculusVR/Content/Meshes/GearVrController.uasset" 520
"../../../ProjectArachne/Content/Models/hallway/door_cap.uasset" 521
"../../../ProjectArachne/Content/Models/hallway/door_left.uasset" 522
"../../../ProjectArachne/Content/Models/hallway/door_right.uasset" 523
"../../../ProjectArachne/Content/Models/hallway/textures/New_Graph_basecolor.uasset" 524
"../../../ProjectArachne/Content/Models/hallway/textures/New_Graph_metallic.uasset" 525
"../../../ProjectArachne/Content/Models/hallway/textures/New_Graph_normal.uasset" 526
"../../../ProjectArachne/Content/Models/hallway/textures/New_Graph_roughness.uasset" 527
"../../../ProjectArachne/Content/Models/hallway/textures/Material__0.uasset" 528
"../../../ProjectArachne/Content/Models/hallway/floor_c.uasset" 529
"../../../ProjectArachne/Content/Models/hallway/floor_s.uasset" 530
"../../../ProjectArachne/Content/Models/hallway/floor_t.uasset" 531
"../../../ProjectArachne/Content/Models/hallway/roof_s.uasset" 532
"../../../ProjectArachne/Content/Models/hallway/roof_t.uasset" 533
"../../../ProjectArachne/Content/Models/hallway/textures/box/Box220_albedo.uasset" 534
"../../../ProjectArachne/Content/Models/hallway/textures/box/Box220_normal.uasset" 535
"../../../ProjectArachne/Content/Models/hallway/textures/box/Box220_roughness.uasset" 536
"../../../ProjectArachne/Content/Models/hallway/textures/box/NewMaterial.uasset" 537
"../../../ProjectArachne/Content/Models/hallway/sci-f_box.uasset" 538
"../../../ProjectArachne/Content/Models/hallway/wall_100.uasset" 539
"../../../ProjectArachne/Content/Models/hallway/wall_300.uasset" 540
"../../../ProjectArachne/Content/Models/hallway/wall_300_open.uasset" 541
"../../../ProjectArachne/Content/Models/hallway/wall_IN_c.uasset" 542
"../../../ProjectArachne/Content/Models/hallway/wall_OUT_c.uasset" 543
"../../../ProjectArachne/Content/Models/hallway/wall_panel.uasset" 544
"../../../ProjectArachne/Content/Maps/HALL_TEST.umap" 545
"../../../ProjectArachne/Content/Migrated/Mannequin/Animations/ThirdPersonIdle.uasset" 546
"../../../ProjectArachne/Content/Migrated/Mannequin/Animations/ThirdPersonJump_Loop.uasset" 547
"../../../ProjectArachne/Content/Migrated/Mannequin/Animations/ThirdPersonJump_Start.uasset" 548
"../../../ProjectArachne/Content/Migrated/Mannequin/Animations/ThirdPerson_IdleRun_2D.uasset" 549
"../../../ProjectArachne/Content/Migrated/Mannequin/Animations/ThirdPerson_AnimBP.uasset" 550
"../../../ProjectArachne/Content/Migrated/ThirdPersonBP/Blueprints/Blackboard.uasset" 551
"../../../ProjectArachne/Content/Migrated/ThirdPersonBP/Blueprints/Ravanger.uasset" 552
"../../../ProjectArachne/Content/Migrated/ThirdPersonBP/Blueprints/ChasePlayer_TASK.uasset" 553
"../../../ProjectArachne/Content/Migrated/ThirdPersonBP/Blueprints/CheckforVisiblePawns_Service.uasset" 554
"../../../ProjectArachne/Content/Migrated/ThirdPersonBP/Blueprints/Wander_TASK.uasset" 555
"../../../ProjectArachne/Content/Migrated/ThirdPersonBP/Blueprints/BehaviorTree.uasset" 556
"../../../ProjectArachne/Content/Migrated/ThirdPersonBP/Blueprints/AIController_TuT.uasset" 557
"../../../ProjectArachne/Content/Migrated/Mannequin/Character/Mesh/SK_Mannequin.uasset" 558
"../../../ProjectArachne/Content/Migrated/ThirdPersonBP/Blueprints/AI_CHAR.uasset" 559
"../../../Engine/Content/EditorSounds/Notifications/CompileStart_Cue.uasset" 560
"../../../Engine/Content/Tutorial/SubEditors/TutorialAssets/T_SmokeSubUV_8X8.uasset" 561
"../../../Engine/Content/Tutorial/SubEditors/TutorialAssets/T_soft_smoke.uasset" 562
"../../../Engine/Content/Tutorial/SubEditors/TutorialAssets/M_smoke_subUV_blackbody.uasset" 563
"../../../Engine/Content/Tutorial/SubEditors/TutorialAssets/TutorialParticleSystem.uasset" 564
"../../../Engine/Content/VREditor/Devices/STEM/STEMControllerDiffuse.uasset" 565
"../../../Engine/Content/VREditor/Devices/STEM/STEMControllerNormal.uasset" 566
"../../../Engine/Content/VREditor/Devices/STEM/STEMControllerMat.uasset" 567
"../../../Engine/Content/VREditor/Devices/STEM/STEMControllerMesh.uasset" 568
"../../../ProjectArachne/Content/BluePrints/Chr_BPs/GunPlaceHolder/Grenade.uasset" 569
"../../../ProjectArachne/Content/BluePrints/Chr_BPs/AssaultChr_BP.uasset" 570
"../../../ProjectArachne/Content/BluePrints/Game_BPs/MyGameMode.uasset" 571
"../../../Engine/Content/EngineSky/T_Sky_Blue.uasset" 572
"../../../Engine/Content/EngineSky/T_Sky_Clouds_M.uasset" 573
"../../../Engine/Content/EngineSky/T_Sky_Stars.uasset" 574
"../../../Engine/Content/EngineSky/M_Sky_Panning_Clouds2.uasset" 575
"../../../Engine/Content/EngineSky/SM_SkySphere.uasset" 576
"../../../ProjectArachne/Content/Maps/BP_SkyBox.uasset" 577
"../../../ProjectArachne/Content/Maps/SpaceStation_BuiltData.uasset" 578
"../../../Engine/Content/BasicShapes/BasicShapeMaterial.uasset" 579
"../../../ProjectArachne/Content/Maps/testSkyBox.uasset" 580
"../../../ProjectArachne/Content/Maps/M_SkyBox.uasset" 581
"../../../ProjectArachne/Content/Materials/Black.uasset" 582
"../../../ProjectArachne/Content/Materials/Floor_panel.uasset" 583
"../../../ProjectArachne/Content/Materials/wall_pipe.uasset" 584
"../../../Engine/Content/BasicShapes/Cube.uasset" 585
"../../../Engine/Content/BasicShapes/Cylinder.uasset" 586
"../../../Engine/Content/BasicShapes/Plane.uasset" 587
"../../../ProjectArachne/Content/Models/hallway/door.uasset" 588
"../../../ProjectArachne/Content/Models/hallway/roof_c.uasset" 589
"../../../ProjectArachne/Content/Maps/SpaceStation.umap" 590
"../../../ProjectArachne/Content/GUI/UMG/Lobby/MainLobby.uasset" 591
"../../../ProjectArachne/Content/BluePrints/Lobby_BPs/LobbyCharacter.uasset" 592
"../../../ProjectArachne/Content/BluePrints/Lobby_BPs/LobbyGameMode.uasset" 593
"../../../ProjectArachne/Content/Maps/Lobby/Lobby.umap" 594
"../../../ProjectArachne/Content/BluePrints/MainMenu_BPs/MainMenuPawn.uasset" 595
"../../../ProjectArachne/Content/BluePrints/MainMenu_BPs/MainMenuGM.uasset" 596
"../../../ProjectArachne/Content/Maps/MainMenu/MainMenu_BuiltData.uasset" 597
"../../../ProjectArachne/Content/Maps/MainMenu/MainMenu.umap" 598
"../../../ProjectArachne/Content/Animations/AnimStarterPack/Equip_Pistol_Standing.uasset" 599
"../../../ProjectArachne/Content/Animations/AnimStarterPack/Hit_React_1.uasset" 600
"../../../ProjectArachne/Content/Animations/AnimStarterPack/Hit_React_2.uasset" 601
"../../../ProjectArachne/Content/Animations/AnimStarterPack/Hit_React_3.uasset" 602
"../../../ProjectArachne/Content/Animations/AnimStarterPack/Idle_Rifle_Hip_Break1.uasset" 603
"../../../ProjectArachne/Content/Animations/AnimStarterPack/Idle_Rifle_Hip_Break2.uasset" 604
"../../../Engine/Content/EngineSky/C_Sky_Cloud_Color.uasset" 605
"../../../Engine/Content/EngineSky/C_Sky_Horizon_Color.uasset" 606
"../../../Engine/Content/EngineSky/C_Sky_Zenith_Color.uasset" 607
"../../../Engine/Content/EngineSky/BP_Sky_Sphere.uasset" 608
"../../../Engine/Content/TemplateResources/M_Template_Master.uasset" 609
"../../../Engine/Content/TemplateResources/MI_Template_BaseGray_03_Metal.uasset" 610
"../../../ProjectArachne/Content/Animations/AnimStarterPack/Showcase.umap" 611
"../../../ProjectArachne/Content/Levels/PioneeringStudiosAnimation.umap" 612
"../../../ProjectArachne/Content/Migrated/ThirdPersonBP/Maps/ThirdPersonExampleMap.umap" 613
"../../../Engine/Content/Maps/Entry.umap" 614
